<?xml version="1.0" encoding="utf-8"?>
<TestRun id="02f47c22-f14b-4ff3-a4c7-5b26c2888e25" name="KnyshovDmitry@MITYA-GRIB 2026-05-22 11:33:24" runUser="AzureAD\KnyshovDmitry" xmlns="http://microsoft.com/schemas/VisualStudio/TeamTest/2010">
  <Times creation="2026-05-22T11:33:24.2412672+03:00" queuing="2026-05-22T11:33:24.2412675+03:00" start="2026-05-22T11:33:23.6807949+03:00" finish="2026-05-22T11:33:29.8635475+03:00" />
  <TestSettings name="default" id="b16cc85e-d991-48c8-9a9e-a9255054cc42">
    <Deployment runDeploymentRoot="KnyshovDmitry_MITYA-GRIB_2026-05-22_11_33_24" />
  </TestSettings>
  <Results>
    <UnitTestResult executionId="8c5a102d-1a3e-41b2-b771-3d5e5d3bc901" testId="e4e19066-fd8d-36d1-900c-a4140591004b" testName="ZapretManager.Tests.Lists.ListMergerTests.Merge_ExistingFile_PreservesOldLines" computerName="MITYA-GRIB" duration="00:00:00.0034539" startTime="2026-05-22T11:33:24.1959190+03:00" endTime="2026-05-22T11:33:24.1959190+03:00" testType="13cdc9d9-ddb5-4fa4-a97d-d965ccfc6d4b" outcome="Passed" testListId="8c84fa94-04c1-424b-9868-57a2d4851a1d" relativeResultsDirectory="8c5a102d-1a3e-41b2-b771-3d5e5d3bc901" />
    <UnitTestResult executionId="6ce95929-3589-41b6-8dee-b0eb5b1f312c" testId="88e83f7b-0619-6c41-ca20-dfe89482952c" testName="ZapretManager.Tests.Service.BackupManagerTests.RestoreBackup_ValidZip_ReturnsTrueAndRestoresFile" computerName="MITYA-GRIB" duration="00:00:00.0189515" startTime="2026-05-22T11:33:24.2333146+03:00" endTime="2026-05-22T11:33:24.2333155+03:00" testType="13cdc9d9-ddb5-4fa4-a97d-d965ccfc6d4b" outcome="Passed" testListId="8c84fa94-04c1-424b-9868-57a2d4851a1d" relativeResultsDirectory="6ce95929-3589-41b6-8dee-b0eb5b1f312c" />
    <UnitTestResult executionId="e949dfa4-971f-49a6-b550-05717e912901" testId="3f69f9be-6ad4-fdaa-05e6-192205ca0984" testName="ZapretManager.Tests.Core.AppConfigTests.Load_MissingFile_ReturnsDefaults" computerName="MITYA-GRIB" duration="00:00:00.0024910" startTime="2026-05-22T11:33:24.1992572+03:00" endTime="2026-05-22T11:33:24.1992578+03:00" testType="13cdc9d9-ddb5-4fa4-a97d-d965ccfc6d4b" outcome="Passed" testListId="8c84fa94-04c1-424b-9868-57a2d4851a1d" relativeResultsDirectory="e949dfa4-971f-49a6-b550-05717e912901" />
    <UnitTestResult executionId="ff61bcfb-7bff-42cb-aabe-f47219845ef4" testId="685732bf-f036-bfe4-7d4e-2827693848b0" testName="ZapretManager.Tests.Lists.ListMergerTests.ReplaceWithOrigin_PreservesUserAddedEntries" computerName="MITYA-GRIB" duration="00:00:00.0179273" startTime="2026-05-22T11:33:24.1536622+03:00" endTime="2026-05-22T11:33:24.1536624+03:00" testType="13cdc9d9-ddb5-4fa4-a97d-d965ccfc6d4b" outcome="Passed" testListId="8c84fa94-04c1-424b-9868-57a2d4851a1d" relativeResultsDirectory="ff61bcfb-7bff-42cb-aabe-f47219845ef4" />
    <UnitTestResult executionId="c1640aa2-ac1c-44d6-b383-f34be9090cfb" testId="c45ce7a3-aa7a-5f35-f3b8-a98b72e43537" testName="ZapretManager.Tests.Service.BackupManagerTests.ListBackups_AfterCreate_ReturnsSingleBackup" computerName="MITYA-GRIB" duration="00:00:00.0151103" startTime="2026-05-22T11:33:24.2070514+03:00" endTime="2026-05-22T11:33:24.2070517+03:00" testType="13cdc9d9-ddb5-4fa4-a97d-d965ccfc6d4b" outcome="Passed" testListId="8c84fa94-04c1-424b-9868-57a2d4851a1d" relativeResultsDirectory="c1640aa2-ac1c-44d6-b383-f34be9090cfb" />
    <UnitTestResult executionId="dd9f6043-e12e-4c79-a003-30a96ea4fafe" testId="a67eda8e-60c9-7fd8-e9ee-000d76167ad7" testName="ZapretManager.Tests.Updates.HashVerifierTests.ComputeHashAsync_ReturnsLowercaseHex" computerName="MITYA-GRIB" duration="00:00:00.0087972" startTime="2026-05-22T11:33:24.2141553+03:00" endTime="2026-05-22T11:33:24.2141558+03:00" testType="13cdc9d9-ddb5-4fa4-a97d-d965ccfc6d4b" outcome="Passed" testListId="8c84fa94-04c1-424b-9868-57a2d4851a1d" relativeResultsDirectory="dd9f6043-e12e-4c79-a003-30a96ea4fafe" />
    <UnitTestResult executionId="270ef2ad-5659-4636-af92-7e9d5e3f4371" testId="408cd4bd-230f-208b-a9a5-ad7cc110282c" testName="ZapretManager.Tests.Updates.UpdateCheckerTests.IsNewerVersion_ReturnsExpected(remote: null, local: &quot;2.5.0&quot;, expected: False)" computerName="MITYA-GRIB" duration="00:00:00.0000050" startTime="2026-05-22T11:33:24.1541645+03:00" endTime="2026-05-22T11:33:24.1541645+03:00" testType="13cdc9d9-ddb5-4fa4-a97d-d965ccfc6d4b" outcome="Passed" testListId="8c84fa94-04c1-424b-9868-57a2d4851a1d" relativeResultsDirectory="270ef2ad-5659-4636-af92-7e9d5e3f4371" />
    <UnitTestResult executionId="1e9b8401-dd35-49ff-b852-324def2dc999" testId="2e77bd0f-3a47-c4be-c627-d56b894dcd2f" testName="ZapretManager.Tests.Lists.ListMergerTests.WriteUtf8_CreatesParentDirectory" computerName="MITYA-GRIB" duration="00:00:00.0036247" startTime="2026-05-22T11:33:24.1958504+03:00" endTime="2026-05-22T11:33:24.1958504+03:00" testType="13cdc9d9-ddb5-4fa4-a97d-d965ccfc6d4b" outcome="Passed" testListId="8c84fa94-04c1-424b-9868-57a2d4851a1d" relativeResultsDirectory="1e9b8401-dd35-49ff-b852-324def2dc999" />
    <UnitTestResult executionId="1d8524ad-60f2-4ef6-8aef-5ee91a281d05" testId="5a016c64-88c3-4551-dadc-9038d54be89c" testName="ZapretManager.Tests.Lists.ListMergerTests.Merge_EmptyLines_NotDuplicated" computerName="MITYA-GRIB" duration="00:00:00.0054336" startTime="2026-05-22T11:33:24.1924360+03:00" endTime="2026-05-22T11:33:24.1924361+03:00" testType="13cdc9d9-ddb5-4fa4-a97d-d965ccfc6d4b" outcome="Passed" testListId="8c84fa94-04c1-424b-9868-57a2d4851a1d" relativeResultsDirectory="1d8524ad-60f2-4ef6-8aef-5ee91a281d05" />
    <UnitTestResult executionId="f91b1986-cf0f-4f45-a5a2-ccc98f4c4007" testId="522e1b6d-7212-8ac5-8fcc-2d54b3b5057b" testName="ZapretManager.Tests.Updates.UpdateCheckerTests.IsNewerVersion_ReturnsExpected(remote: &quot;2.5.0&quot;, local: null, expected: False)" computerName="MITYA-GRIB" duration="00:00:00.0000043" startTime="2026-05-22T11:33:24.1916169+03:00" endTime="2026-05-22T11:33:24.1916172+03:00" testType="13cdc9d9-ddb5-4fa4-a97d-d965ccfc6d4b" outcome="Passed" testListId="8c84fa94-04c1-424b-9868-57a2d4851a1d" relativeResultsDirectory="f91b1986-cf0f-4f45-a5a2-ccc98f4c4007" />
    <UnitTestResult executionId="5434f269-6043-4be2-9449-a94f23fee339" testId="99edc2df-4cab-5be7-30ab-5e9e46355321" testName="ZapretManager.Tests.Service.BackupManagerTests.CreateBackup_ReturnsNonNullPath" computerName="MITYA-GRIB" duration="00:00:00.0291174" startTime="2026-05-22T11:33:24.1946902+03:00" endTime="2026-05-22T11:33:24.1946902+03:00" testType="13cdc9d9-ddb5-4fa4-a97d-d965ccfc6d4b" outcome="Passed" testListId="8c84fa94-04c1-424b-9868-57a2d4851a1d" relativeResultsDirectory="5434f269-6043-4be2-9449-a94f23fee339" />
    <UnitTestResult executionId="5d8c8e55-566b-4913-837e-96ded6d3f4fd" testId="cf8e82d9-9d5d-5fed-050b-04dd9374e9ba" testName="ZapretManager.Tests.Updates.UpdateCheckerTests.IsNewerVersion_ReturnsExpected(remote: &quot;2.4.9&quot;, local: &quot;2.5.0&quot;, expected: False)" computerName="MITYA-GRIB" duration="00:00:00.0000056" startTime="2026-05-22T11:33:24.1919319+03:00" endTime="2026-05-22T11:33:24.1919319+03:00" testType="13cdc9d9-ddb5-4fa4-a97d-d965ccfc6d4b" outcome="Passed" testListId="8c84fa94-04c1-424b-9868-57a2d4851a1d" relativeResultsDirectory="5d8c8e55-566b-4913-837e-96ded6d3f4fd" />
    <UnitTestResult executionId="f8380b53-fb5d-49ce-86da-0b019a591336" testId="11b46009-150e-368c-de94-341585a5270f" testName="ZapretManager.Tests.Service.BackupManagerTests.CreateBackup_CreatesZipFile" computerName="MITYA-GRIB" duration="00:00:00.0101250" startTime="2026-05-22T11:33:24.1957878+03:00" endTime="2026-05-22T11:33:24.1957878+03:00" testType="13cdc9d9-ddb5-4fa4-a97d-d965ccfc6d4b" outcome="Passed" testListId="8c84fa94-04c1-424b-9868-57a2d4851a1d" relativeResultsDirectory="f8380b53-fb5d-49ce-86da-0b019a591336" />
    <UnitTestResult executionId="06134f65-644f-4eb3-a4a2-de26595159c6" testId="c5dab717-ba6c-368e-b26c-acc97d540263" testName="ZapretManager.Tests.Updates.UpdateCheckerTests.IsNewerVersion_ReturnsExpected(remote: &quot;3.0.0&quot;, local: &quot;2.5.0&quot;, expected: True)" computerName="MITYA-GRIB" duration="00:00:00.0000040" startTime="2026-05-22T11:33:24.1919784+03:00" endTime="2026-05-22T11:33:24.1919784+03:00" testType="13cdc9d9-ddb5-4fa4-a97d-d965ccfc6d4b" outcome="Passed" testListId="8c84fa94-04c1-424b-9868-57a2d4851a1d" relativeResultsDirectory="06134f65-644f-4eb3-a4a2-de26595159c6" />
    <UnitTestResult executionId="9ce17b8b-15d7-4438-96d9-eef6e8084daa" testId="fc419844-0d41-63a8-4383-cec71729d42f" testName="ZapretManager.Tests.Core.AppConfigTests.Load_WatchdogConfig_HasSensibleDefaults" computerName="MITYA-GRIB" duration="00:00:00.0017938" startTime="2026-05-22T11:33:24.1967084+03:00" endTime="2026-05-22T11:33:24.1967085+03:00" testType="13cdc9d9-ddb5-4fa4-a97d-d965ccfc6d4b" outcome="Passed" testListId="8c84fa94-04c1-424b-9868-57a2d4851a1d" relativeResultsDirectory="9ce17b8b-15d7-4438-96d9-eef6e8084daa" />
    <UnitTestResult executionId="e433cc88-5c3f-4eae-b4c7-9025d625a623" testId="e30a4341-92c5-808f-6486-e27eac1bd58e" testName="ZapretManager.Tests.Service.BackupManagerTests.ListBackups_EmptyDirectory_ReturnsEmptyArray" computerName="MITYA-GRIB" duration="00:00:00.0092719" startTime="2026-05-22T11:33:24.1947822+03:00" endTime="2026-05-22T11:33:24.1947823+03:00" testType="13cdc9d9-ddb5-4fa4-a97d-d965ccfc6d4b" outcome="Passed" testListId="8c84fa94-04c1-424b-9868-57a2d4851a1d" relativeResultsDirectory="e433cc88-5c3f-4eae-b4c7-9025d625a623" />
    <UnitTestResult executionId="de7ffe3f-0826-4364-845c-48bbbe6b9b5d" testId="b7ec2304-d10f-0055-cda7-2bb95ac32a86" testName="ZapretManager.Tests.Lists.ListMergerTests.ReplaceWithOrigin_OriginEntriesAlwaysPresent" computerName="MITYA-GRIB" duration="00:00:00.0135842" startTime="2026-05-22T11:33:24.1948399+03:00" endTime="2026-05-22T11:33:24.1948399+03:00" testType="13cdc9d9-ddb5-4fa4-a97d-d965ccfc6d4b" outcome="Passed" testListId="8c84fa94-04c1-424b-9868-57a2d4851a1d" relativeResultsDirectory="de7ffe3f-0826-4364-845c-48bbbe6b9b5d" />
    <UnitTestResult executionId="d386ca1d-1b1e-4c8a-bd3c-14d495472a99" testId="160e1fb2-a6d0-9e87-4c99-a5c3814016d3" testName="ZapretManager.Tests.Updates.UpdateCheckerTests.IsNewerVersion_HandlesVPrefix(remote: &quot;V2.5.1&quot;, local: &quot;2.5.0&quot;, expected: True)" computerName="MITYA-GRIB" duration="00:00:00.0000092" startTime="2026-05-22T11:33:24.1921188+03:00" endTime="2026-05-22T11:33:24.1921188+03:00" testType="13cdc9d9-ddb5-4fa4-a97d-d965ccfc6d4b" outcome="Passed" testListId="8c84fa94-04c1-424b-9868-57a2d4851a1d" relativeResultsDirectory="d386ca1d-1b1e-4c8a-bd3c-14d495472a99" />
    <UnitTestResult executionId="bac90aae-22ef-415b-8fbb-df3dee171fda" testId="c37c0ef9-184d-bb5e-6de8-bb8987c0025a" testName="ZapretManager.Tests.Updates.UpdateCheckerTests.IsNewerVersion_HandlesInvalidVersions(remote: &quot;2.5.0&quot;, local: &quot;&quot;, expected: False)" computerName="MITYA-GRIB" duration="00:00:00.0003436" startTime="2026-05-22T11:33:24.1922415+03:00" endTime="2026-05-22T11:33:24.1922415+03:00" testType="13cdc9d9-ddb5-4fa4-a97d-d965ccfc6d4b" outcome="Passed" testListId="8c84fa94-04c1-424b-9868-57a2d4851a1d" relativeResultsDirectory="bac90aae-22ef-415b-8fbb-df3dee171fda" />
    <UnitTestResult executionId="53da4fdb-2fc7-48eb-9738-c10bb52c4def" testId="07029d4b-5681-3086-24ea-6e9f26ae5457" testName="ZapretManager.Tests.Service.BackupManagerTests.ListBackups_OrderedNewestFirst" computerName="MITYA-GRIB" duration="00:00:01.1249117" startTime="2026-05-22T11:33:25.3585709+03:00" endTime="2026-05-22T11:33:25.3585714+03:00" testType="13cdc9d9-ddb5-4fa4-a97d-d965ccfc6d4b" outcome="Passed" testListId="8c84fa94-04c1-424b-9868-57a2d4851a1d" relativeResultsDirectory="53da4fdb-2fc7-48eb-9738-c10bb52c4def" />
    <UnitTestResult executionId="79502191-8573-42c8-9253-118367f6e6cc" testId="909692b3-bbbc-ee15-bd40-64f9deaf29a5" testName="ZapretManager.Tests.Updates.UpdateCheckerTests.IsNewerVersion_HandlesVPrefix(remote: &quot;v2.5.1&quot;, local: &quot;2.5.0&quot;, expected: True)" computerName="MITYA-GRIB" duration="00:00:00.0000979" startTime="2026-05-22T11:33:24.1920284+03:00" endTime="2026-05-22T11:33:24.1920285+03:00" testType="13cdc9d9-ddb5-4fa4-a97d-d965ccfc6d4b" outcome="Passed" testListId="8c84fa94-04c1-424b-9868-57a2d4851a1d" relativeResultsDirectory="79502191-8573-42c8-9253-118367f6e6cc" />
    <UnitTestResult executionId="16b4e697-1543-43c4-9d89-5c53cfaaa3a5" testId="b112bfc9-0647-33c5-08d7-dd35f42cc3ec" testName="ZapretManager.Tests.Core.AppConfigTests.Load_DiagnosticsConfig_ParsedCorrectly" computerName="MITYA-GRIB" duration="00:00:00.0064345" startTime="2026-05-22T11:33:24.1970249+03:00" endTime="2026-05-22T11:33:24.1970249+03:00" testType="13cdc9d9-ddb5-4fa4-a97d-d965ccfc6d4b" outcome="Passed" testListId="8c84fa94-04c1-424b-9868-57a2d4851a1d" relativeResultsDirectory="16b4e697-1543-43c4-9d89-5c53cfaaa3a5" />
    <UnitTestResult executionId="a15b488b-bfeb-496c-b57f-c86f97eed775" testId="457a5a54-d419-b0fe-3939-785a3293e96e" testName="ZapretManager.Tests.Updates.UpdateCheckerTests.IsNewerVersion_HandlesVPrefix(remote: &quot;2.5.0&quot;, local: &quot;v2.5.0&quot;, expected: False)" computerName="MITYA-GRIB" duration="00:00:00.0002536" startTime="2026-05-22T11:33:24.1920753+03:00" endTime="2026-05-22T11:33:24.1920753+03:00" testType="13cdc9d9-ddb5-4fa4-a97d-d965ccfc6d4b" outcome="Passed" testListId="8c84fa94-04c1-424b-9868-57a2d4851a1d" relativeResultsDirectory="a15b488b-bfeb-496c-b57f-c86f97eed775" />
    <UnitTestResult executionId="2353c530-5a59-47ee-99cc-7e9144a5ae23" testId="19454db4-de16-191f-9c43-9735bdbaa7fe" testName="ZapretManager.Tests.Updates.HashVerifierTests.ComputeHashAsync_SameContent_SameHash" computerName="MITYA-GRIB" duration="00:00:00.0211546" startTime="2026-05-22T11:33:24.2015109+03:00" endTime="2026-05-22T11:33:24.2015114+03:00" testType="13cdc9d9-ddb5-4fa4-a97d-d965ccfc6d4b" outcome="Passed" testListId="8c84fa94-04c1-424b-9868-57a2d4851a1d" relativeResultsDirectory="2353c530-5a59-47ee-99cc-7e9144a5ae23" />
    <UnitTestResult executionId="7caebd03-fa8f-4f89-a87c-30155e8c576e" testId="bd35ae35-54d3-d7c4-f120-01356e352ee2" testName="ZapretManager.Tests.Core.AppConfigTests.Load_EmptyJson_ReturnsDefaults" computerName="MITYA-GRIB" duration="00:00:00.0023142" startTime="2026-05-22T11:33:24.1968966+03:00" endTime="2026-05-22T11:33:24.1968966+03:00" testType="13cdc9d9-ddb5-4fa4-a97d-d965ccfc6d4b" outcome="Passed" testListId="8c84fa94-04c1-424b-9868-57a2d4851a1d" relativeResultsDirectory="7caebd03-fa8f-4f89-a87c-30155e8c576e" />
    <UnitTestResult executionId="d07cdeae-0e0f-4c6d-bfb5-2831abac01af" testId="b2ac25fa-d82d-5244-14d4-bef8b4e6ac98" testName="ZapretManager.Tests.Updates.UpdateCheckerTests.IsNewerVersion_HandlesInvalidVersions(remote: &quot;&quot;, local: &quot;2.5.0&quot;, expected: False)" computerName="MITYA-GRIB" duration="00:00:00.0019019" startTime="2026-05-22T11:33:24.1921926+03:00" endTime="2026-05-22T11:33:24.1921926+03:00" testType="13cdc9d9-ddb5-4fa4-a97d-d965ccfc6d4b" outcome="Passed" testListId="8c84fa94-04c1-424b-9868-57a2d4851a1d" relativeResultsDirectory="d07cdeae-0e0f-4c6d-bfb5-2831abac01af" />
    <UnitTestResult executionId="e1128e24-9337-47ea-a416-247cc97ef594" testId="66e6b8bf-4526-043c-4c9d-a92f441bcc55" testName="ZapretManager.Tests.Service.BackupManagerTests.CreateBackup_Rotation_KeepsOnlyN" computerName="MITYA-GRIB" duration="00:00:04.4518639" startTime="2026-05-22T11:33:29.8106190+03:00" endTime="2026-05-22T11:33:29.8106194+03:00" testType="13cdc9d9-ddb5-4fa4-a97d-d965ccfc6d4b" outcome="Passed" testListId="8c84fa94-04c1-424b-9868-57a2d4851a1d" relativeResultsDirectory="e1128e24-9337-47ea-a416-247cc97ef594" />
    <UnitTestResult executionId="0c8eaa46-200f-4a72-8e39-f53c3af2527a" testId="55342c5f-6882-d4c0-541c-0528ff0a9c0b" testName="ZapretManager.Tests.Core.AppConfigTests.Load_BrokenJson_ReturnsDefaults" computerName="MITYA-GRIB" duration="00:00:00.0072055" startTime="2026-05-22T11:33:24.2066467+03:00" endTime="2026-05-22T11:33:24.2066472+03:00" testType="13cdc9d9-ddb5-4fa4-a97d-d965ccfc6d4b" outcome="Passed" testListId="8c84fa94-04c1-424b-9868-57a2d4851a1d" relativeResultsDirectory="0c8eaa46-200f-4a72-8e39-f53c3af2527a" />
    <UnitTestResult executionId="b849e8db-4b6b-48ac-9817-9c6f9d8434d8" testId="d6faa7a6-d3bd-a83e-46f4-918a575f300a" testName="ZapretManager.Tests.Service.BackupManagerTests.RestoreBackup_MissingFile_ReturnsFalse" computerName="MITYA-GRIB" duration="00:00:00.0069726" startTime="2026-05-22T11:33:24.2142245+03:00" endTime="2026-05-22T11:33:24.2142246+03:00" testType="13cdc9d9-ddb5-4fa4-a97d-d965ccfc6d4b" outcome="Passed" testListId="8c84fa94-04c1-424b-9868-57a2d4851a1d" relativeResultsDirectory="b849e8db-4b6b-48ac-9817-9c6f9d8434d8" />
    <UnitTestResult executionId="a9ec0269-20a5-41cd-ae95-8a8da3224571" testId="f06cdf60-235b-9a28-767f-4c6cd3acdb9f" testName="ZapretManager.Tests.Lists.ListMergerTests.Merge_DeduplicatesComments" computerName="MITYA-GRIB" duration="00:00:00.0037519" startTime="2026-05-22T11:33:24.1950128+03:00" endTime="2026-05-22T11:33:24.1950128+03:00" testType="13cdc9d9-ddb5-4fa4-a97d-d965ccfc6d4b" outcome="Passed" testListId="8c84fa94-04c1-424b-9868-57a2d4851a1d" relativeResultsDirectory="a9ec0269-20a5-41cd-ae95-8a8da3224571" />
    <UnitTestResult executionId="877106f5-7916-4013-9edc-fda91cbe915b" testId="fdddf065-611f-e0cc-20d6-f4d57251ce38" testName="ZapretManager.Tests.Updates.HashVerifierTests.VerifyAsync_CorrectHash_ReturnsTrue" computerName="MITYA-GRIB" duration="00:00:00.0213949" startTime="2026-05-22T11:33:24.1945953+03:00" endTime="2026-05-22T11:33:24.1945955+03:00" testType="13cdc9d9-ddb5-4fa4-a97d-d965ccfc6d4b" outcome="Passed" testListId="8c84fa94-04c1-424b-9868-57a2d4851a1d" relativeResultsDirectory="877106f5-7916-4013-9edc-fda91cbe915b" />
    <UnitTestResult executionId="e69e451f-050b-4d1e-830d-c8c072d5e610" testId="ecc6e109-045c-98a4-20d9-fadd4e027c5e" testName="ZapretManager.Tests.Core.AppConfigTests.Load_ValidJson_DeserializesCorrectly" computerName="MITYA-GRIB" duration="00:00:00.0562758" startTime="2026-05-22T11:33:24.1959786+03:00" endTime="2026-05-22T11:33:24.1959787+03:00" testType="13cdc9d9-ddb5-4fa4-a97d-d965ccfc6d4b" outcome="Passed" testListId="8c84fa94-04c1-424b-9868-57a2d4851a1d" relativeResultsDirectory="e69e451f-050b-4d1e-830d-c8c072d5e610" />
    <UnitTestResult executionId="1f19f522-3373-4ac4-bbe6-72c48269b236" testId="33e9f2b5-949a-af0d-b435-cc1d7b980c50" testName="ZapretManager.Tests.Updates.HashVerifierTests.VerifyAsync_WrongHash_ReturnsFalse" computerName="MITYA-GRIB" duration="00:00:00.0063005" startTime="2026-05-22T11:33:24.1957044+03:00" endTime="2026-05-22T11:33:24.1957045+03:00" testType="13cdc9d9-ddb5-4fa4-a97d-d965ccfc6d4b" outcome="Passed" testListId="8c84fa94-04c1-424b-9868-57a2d4851a1d" relativeResultsDirectory="1f19f522-3373-4ac4-bbe6-72c48269b236" />
    <UnitTestResult executionId="0af2b8cc-d0d6-4020-bf2d-bc46f6fa7111" testId="6e069a41-d59e-2718-0274-79f9b30679b7" testName="ZapretManager.Tests.Updates.UpdateCheckerTests.IsNewerVersion_ReturnsExpected(remote: &quot;2.6.0&quot;, local: &quot;2.5.0&quot;, expected: True)" computerName="MITYA-GRIB" duration="00:00:00.0000158" startTime="2026-05-22T11:33:24.1541107+03:00" endTime="2026-05-22T11:33:24.1541108+03:00" testType="13cdc9d9-ddb5-4fa4-a97d-d965ccfc6d4b" outcome="Passed" testListId="8c84fa94-04c1-424b-9868-57a2d4851a1d" relativeResultsDirectory="0af2b8cc-d0d6-4020-bf2d-bc46f6fa7111" />
    <UnitTestResult executionId="e894781a-abde-4ae9-b3fa-2dfec2eef441" testId="6645c9d4-a101-d474-0e91-21f3aa494d98" testName="ZapretManager.Tests.Lists.ListMergerTests.Merge_RemovesDuplicates_CaseInsensitive" computerName="MITYA-GRIB" duration="00:00:00.0037726" startTime="2026-05-22T11:33:24.1960408+03:00" endTime="2026-05-22T11:33:24.1960410+03:00" testType="13cdc9d9-ddb5-4fa4-a97d-d965ccfc6d4b" outcome="Passed" testListId="8c84fa94-04c1-424b-9868-57a2d4851a1d" relativeResultsDirectory="e894781a-abde-4ae9-b3fa-2dfec2eef441" />
    <UnitTestResult executionId="9102ec27-019e-4e83-a1ef-a2ec13ea3f7d" testId="10262751-b318-5990-0215-15d860562f98" testName="ZapretManager.Tests.Updates.UpdateCheckerTests.IsNewerVersion_ReturnsExpected(remote: null, local: null, expected: False)" computerName="MITYA-GRIB" duration="00:00:00.0003306" startTime="2026-05-22T11:33:24.1540162+03:00" endTime="2026-05-22T11:33:24.1540164+03:00" testType="13cdc9d9-ddb5-4fa4-a97d-d965ccfc6d4b" outcome="Passed" testListId="8c84fa94-04c1-424b-9868-57a2d4851a1d" relativeResultsDirectory="9102ec27-019e-4e83-a1ef-a2ec13ea3f7d" />
    <UnitTestResult executionId="337950a5-4690-4c0a-b651-442d9efa5a0c" testId="ac97fe78-eea5-f8ef-10a8-38872c57abcb" testName="ZapretManager.Tests.Lists.ListMergerTests.Merge_NewFile_ReturnsNewLines" computerName="MITYA-GRIB" duration="00:00:00.0013259" startTime="2026-05-22T11:33:24.1968086+03:00" endTime="2026-05-22T11:33:24.1968087+03:00" testType="13cdc9d9-ddb5-4fa4-a97d-d965ccfc6d4b" outcome="Passed" testListId="8c84fa94-04c1-424b-9868-57a2d4851a1d" relativeResultsDirectory="337950a5-4690-4c0a-b651-442d9efa5a0c" />
    <UnitTestResult executionId="f1b2f1f4-48df-44da-8412-6ffedb950c2d" testId="29e98d00-8961-6206-9fe4-9fd60c01ce74" testName="ZapretManager.Tests.Updates.HashVerifierTests.VerifyAsync_EmptyExpected_ThrowsArgumentException" computerName="MITYA-GRIB" duration="00:00:00.0184849" startTime="2026-05-22T11:33:24.2339251+03:00" endTime="2026-05-22T11:33:24.2339252+03:00" testType="13cdc9d9-ddb5-4fa4-a97d-d965ccfc6d4b" outcome="Passed" testListId="8c84fa94-04c1-424b-9868-57a2d4851a1d" relativeResultsDirectory="f1b2f1f4-48df-44da-8412-6ffedb950c2d" />
    <UnitTestResult executionId="e58d6283-15b8-4d82-baf0-e607f53afbaa" testId="bca8db57-aafe-04dd-7d78-dbc99b5946e1" testName="ZapretManager.Tests.Updates.HashVerifierTests.ComputeHashAsync_DifferentContent_DifferentHash" computerName="MITYA-GRIB" duration="00:00:00.0124417" startTime="2026-05-22T11:33:24.1948979+03:00" endTime="2026-05-22T11:33:24.1948979+03:00" testType="13cdc9d9-ddb5-4fa4-a97d-d965ccfc6d4b" outcome="Passed" testListId="8c84fa94-04c1-424b-9868-57a2d4851a1d" relativeResultsDirectory="e58d6283-15b8-4d82-baf0-e607f53afbaa" />
    <UnitTestResult executionId="c3d5f031-5269-4923-9289-848f50df905a" testId="af91dae1-6c42-f97d-4a64-972dd881c0cd" testName="ZapretManager.Tests.Lists.ListMergerTests.WriteUtf8_RoundTrip_PreservesContent" computerName="MITYA-GRIB" duration="00:00:00.0401554" startTime="2026-05-22T11:33:24.2291296+03:00" endTime="2026-05-22T11:33:24.2291301+03:00" testType="13cdc9d9-ddb5-4fa4-a97d-d965ccfc6d4b" outcome="Passed" testListId="8c84fa94-04c1-424b-9868-57a2d4851a1d" relativeResultsDirectory="c3d5f031-5269-4923-9289-848f50df905a" />
    <UnitTestResult executionId="42187fd3-b637-47e3-afcb-5f7c1b0865d4" testId="429c9d05-be0c-99fa-43e4-84187a1c1e54" testName="ZapretManager.Tests.Lists.ListMergerTests.Merge_PreservesComments" computerName="MITYA-GRIB" duration="00:00:00.0035554" startTime="2026-05-22T11:33:24.1949562+03:00" endTime="2026-05-22T11:33:24.1949562+03:00" testType="13cdc9d9-ddb5-4fa4-a97d-d965ccfc6d4b" outcome="Passed" testListId="8c84fa94-04c1-424b-9868-57a2d4851a1d" relativeResultsDirectory="42187fd3-b637-47e3-afcb-5f7c1b0865d4" />
    <UnitTestResult executionId="a6651fe0-3d3b-4819-9f33-6ef4fbe9d23a" testId="5cf201fd-48b0-e922-3a38-ce8bada57b78" testName="ZapretManager.Tests.Lists.ListMergerTests.WriteUtf8_WritesWithoutBom" computerName="MITYA-GRIB" duration="00:00:00.0045626" startTime="2026-05-22T11:33:24.2338483+03:00" endTime="2026-05-22T11:33:24.2338487+03:00" testType="13cdc9d9-ddb5-4fa4-a97d-d965ccfc6d4b" outcome="Passed" testListId="8c84fa94-04c1-424b-9868-57a2d4851a1d" relativeResultsDirectory="a6651fe0-3d3b-4819-9f33-6ef4fbe9d23a" />
    <UnitTestResult executionId="dbd4fb6e-8e3a-4362-8205-b7b8e3e739e3" testId="56d9741f-b9f5-deda-194d-7025b3696f9d" testName="ZapretManager.Tests.Updates.UpdateCheckerTests.IsNewerVersion_ReturnsExpected(remote: &quot;2.5.1&quot;, local: &quot;2.5.0&quot;, expected: True)" computerName="MITYA-GRIB" duration="00:00:00.0000049" startTime="2026-05-22T11:33:24.1918804+03:00" endTime="2026-05-22T11:33:24.1918805+03:00" testType="13cdc9d9-ddb5-4fa4-a97d-d965ccfc6d4b" outcome="Passed" testListId="8c84fa94-04c1-424b-9868-57a2d4851a1d" relativeResultsDirectory="dbd4fb6e-8e3a-4362-8205-b7b8e3e739e3" />
    <UnitTestResult executionId="476de494-3ecf-4afd-838c-d67e20ee7e1e" testId="d53e95c9-a148-1d0d-4567-56d2a77e7f34" testName="ZapretManager.Tests.Service.BackupManagerTests.CreateBackup_ZipContainsExpectedFiles" computerName="MITYA-GRIB" duration="00:00:00.0134870" startTime="2026-05-22T11:33:24.1969576+03:00" endTime="2026-05-22T11:33:24.1969576+03:00" testType="13cdc9d9-ddb5-4fa4-a97d-d965ccfc6d4b" outcome="Passed" testListId="8c84fa94-04c1-424b-9868-57a2d4851a1d" relativeResultsDirectory="476de494-3ecf-4afd-838c-d67e20ee7e1e" />
    <UnitTestResult executionId="8e6e5621-09bd-448c-9716-79dc4196f534" testId="2b151007-0d73-6316-9468-859f9e871143" testName="ZapretManager.Tests.Updates.UpdateCheckerTests.IsNewerVersion_ReturnsExpected(remote: &quot;2.5.0&quot;, local: &quot;2.5.0&quot;, expected: False)" computerName="MITYA-GRIB" duration="00:00:00.0107038" startTime="2026-05-22T11:33:24.1496209+03:00" endTime="2026-05-22T11:33:24.1496489+03:00" testType="13cdc9d9-ddb5-4fa4-a97d-d965ccfc6d4b" outcome="Passed" testListId="8c84fa94-04c1-424b-9868-57a2d4851a1d" relativeResultsDirectory="8e6e5621-09bd-448c-9716-79dc4196f534" />
  </Results>
  <TestDefinitions>
    <UnitTest name="ZapretManager.Tests.Updates.UpdateCheckerTests.IsNewerVersion_HandlesVPrefix(remote: &quot;v2.5.1&quot;, local: &quot;2.5.0&quot;, expected: True)" storage="c:\users\knyshovdmitry\downloads\12345-main\12345-main\src\zapretmanager.tests\bin\release\net8.0-windows\zapretmanager.tests.dll" id="909692b3-bbbc-ee15-bd40-64f9deaf29a5">
      <Execution id="79502191-8573-42c8-9253-118367f6e6cc" />
      <TestMethod codeBase="C:\Users\KnyshovDmitry\Downloads\12345-main\12345-main\src\ZapretManager.Tests\bin\Release\net8.0-windows\ZapretManager.Tests.dll" adapterTypeName="executor://xunit/VsTestRunner2/netcoreapp" className="ZapretManager.Tests.Updates.UpdateCheckerTests" name="IsNewerVersion_HandlesVPrefix" />
    </UnitTest>
    <UnitTest name="ZapretManager.Tests.Updates.UpdateCheckerTests.IsNewerVersion_HandlesInvalidVersions(remote: &quot;2.5.0&quot;, local: &quot;&quot;, expected: False)" storage="c:\users\knyshovdmitry\downloads\12345-main\12345-main\src\zapretmanager.tests\bin\release\net8.0-windows\zapretmanager.tests.dll" id="c37c0ef9-184d-bb5e-6de8-bb8987c0025a">
      <Execution id="bac90aae-22ef-415b-8fbb-df3dee171fda" />
      <TestMethod codeBase="C:\Users\KnyshovDmitry\Downloads\12345-main\12345-main\src\ZapretManager.Tests\bin\Release\net8.0-windows\ZapretManager.Tests.dll" adapterTypeName="executor://xunit/VsTestRunner2/netcoreapp" className="ZapretManager.Tests.Updates.UpdateCheckerTests" name="IsNewerVersion_HandlesInvalidVersions" />
    </UnitTest>
    <UnitTest name="ZapretManager.Tests.Service.BackupManagerTests.ListBackups_OrderedNewestFirst" storage="c:\users\knyshovdmitry\downloads\12345-main\12345-main\src\zapretmanager.tests\bin\release\net8.0-windows\zapretmanager.tests.dll" id="07029d4b-5681-3086-24ea-6e9f26ae5457">
      <Execution id="53da4fdb-2fc7-48eb-9738-c10bb52c4def" />
      <TestMethod codeBase="C:\Users\KnyshovDmitry\Downloads\12345-main\12345-main\src\ZapretManager.Tests\bin\Release\net8.0-windows\ZapretManager.Tests.dll" adapterTypeName="executor://xunit/VsTestRunner2/netcoreapp" className="ZapretManager.Tests.Service.BackupManagerTests" name="ListBackups_OrderedNewestFirst" />
    </UnitTest>
    <UnitTest name="ZapretManager.Tests.Updates.UpdateCheckerTests.IsNewerVersion_HandlesVPrefix(remote: &quot;2.5.0&quot;, local: &quot;v2.5.0&quot;, expected: False)" storage="c:\users\knyshovdmitry\downloads\12345-main\12345-main\src\zapretmanager.tests\bin\release\net8.0-windows\zapretmanager.tests.dll" id="457a5a54-d419-b0fe-3939-785a3293e96e">
      <Execution id="a15b488b-bfeb-496c-b57f-c86f97eed775" />
      <TestMethod codeBase="C:\Users\KnyshovDmitry\Downloads\12345-main\12345-main\src\ZapretManager.Tests\bin\Release\net8.0-windows\ZapretManager.Tests.dll" adapterTypeName="executor://xunit/VsTestRunner2/netcoreapp" className="ZapretManager.Tests.Updates.UpdateCheckerTests" name="IsNewerVersion_HandlesVPrefix" />
    </UnitTest>
    <UnitTest name="ZapretManager.Tests.Updates.HashVerifierTests.VerifyAsync_EmptyExpected_ThrowsArgumentException" storage="c:\users\knyshovdmitry\downloads\12345-main\12345-main\src\zapretmanager.tests\bin\release\net8.0-windows\zapretmanager.tests.dll" id="29e98d00-8961-6206-9fe4-9fd60c01ce74">
      <Execution id="f1b2f1f4-48df-44da-8412-6ffedb950c2d" />
      <TestMethod codeBase="C:\Users\KnyshovDmitry\Downloads\12345-main\12345-main\src\ZapretManager.Tests\bin\Release\net8.0-windows\ZapretManager.Tests.dll" adapterTypeName="executor://xunit/VsTestRunner2/netcoreapp" className="ZapretManager.Tests.Updates.HashVerifierTests" name="VerifyAsync_EmptyExpected_ThrowsArgumentException" />
    </UnitTest>
    <UnitTest name="ZapretManager.Tests.Service.BackupManagerTests.CreateBackup_ReturnsNonNullPath" storage="c:\users\knyshovdmitry\downloads\12345-main\12345-main\src\zapretmanager.tests\bin\release\net8.0-windows\zapretmanager.tests.dll" id="99edc2df-4cab-5be7-30ab-5e9e46355321">
      <Execution id="5434f269-6043-4be2-9449-a94f23fee339" />
      <TestMethod codeBase="C:\Users\KnyshovDmitry\Downloads\12345-main\12345-main\src\ZapretManager.Tests\bin\Release\net8.0-windows\ZapretManager.Tests.dll" adapterTypeName="executor://xunit/VsTestRunner2/netcoreapp" className="ZapretManager.Tests.Service.BackupManagerTests" name="CreateBackup_ReturnsNonNullPath" />
    </UnitTest>
    <UnitTest name="ZapretManager.Tests.Service.BackupManagerTests.CreateBackup_CreatesZipFile" storage="c:\users\knyshovdmitry\downloads\12345-main\12345-main\src\zapretmanager.tests\bin\release\net8.0-windows\zapretmanager.tests.dll" id="11b46009-150e-368c-de94-341585a5270f">
      <Execution id="f8380b53-fb5d-49ce-86da-0b019a591336" />
      <TestMethod codeBase="C:\Users\KnyshovDmitry\Downloads\12345-main\12345-main\src\ZapretManager.Tests\bin\Release\net8.0-windows\ZapretManager.Tests.dll" adapterTypeName="executor://xunit/VsTestRunner2/netcoreapp" className="ZapretManager.Tests.Service.BackupManagerTests" name="CreateBackup_CreatesZipFile" />
    </UnitTest>
    <UnitTest name="ZapretManager.Tests.Lists.ListMergerTests.Merge_PreservesComments" storage="c:\users\knyshovdmitry\downloads\12345-main\12345-main\src\zapretmanager.tests\bin\release\net8.0-windows\zapretmanager.tests.dll" id="429c9d05-be0c-99fa-43e4-84187a1c1e54">
      <Execution id="42187fd3-b637-47e3-afcb-5f7c1b0865d4" />
      <TestMethod codeBase="C:\Users\KnyshovDmitry\Downloads\12345-main\12345-main\src\ZapretManager.Tests\bin\Release\net8.0-windows\ZapretManager.Tests.dll" adapterTypeName="executor://xunit/VsTestRunner2/netcoreapp" className="ZapretManager.Tests.Lists.ListMergerTests" name="Merge_PreservesComments" />
    </UnitTest>
    <UnitTest name="ZapretManager.Tests.Updates.UpdateCheckerTests.IsNewerVersion_ReturnsExpected(remote: &quot;2.5.0&quot;, local: &quot;2.5.0&quot;, expected: False)" storage="c:\users\knyshovdmitry\downloads\12345-main\12345-main\src\zapretmanager.tests\bin\release\net8.0-windows\zapretmanager.tests.dll" id="2b151007-0d73-6316-9468-859f9e871143">
      <Execution id="8e6e5621-09bd-448c-9716-79dc4196f534" />
      <TestMethod codeBase="C:\Users\KnyshovDmitry\Downloads\12345-main\12345-main\src\ZapretManager.Tests\bin\Release\net8.0-windows\ZapretManager.Tests.dll" adapterTypeName="executor://xunit/VsTestRunner2/netcoreapp" className="ZapretManager.Tests.Updates.UpdateCheckerTests" name="IsNewerVersion_ReturnsExpected" />
    </UnitTest>
    <UnitTest name="ZapretManager.Tests.Lists.ListMergerTests.ReplaceWithOrigin_PreservesUserAddedEntries" storage="c:\users\knyshovdmitry\downloads\12345-main\12345-main\src\zapretmanager.tests\bin\release\net8.0-windows\zapretmanager.tests.dll" id="685732bf-f036-bfe4-7d4e-2827693848b0">
      <Execution id="ff61bcfb-7bff-42cb-aabe-f47219845ef4" />
      <TestMethod codeBase="C:\Users\KnyshovDmitry\Downloads\12345-main\12345-main\src\ZapretManager.Tests\bin\Release\net8.0-windows\ZapretManager.Tests.dll" adapterTypeName="executor://xunit/VsTestRunner2/netcoreapp" className="ZapretManager.Tests.Lists.ListMergerTests" name="ReplaceWithOrigin_PreservesUserAddedEntries" />
    </UnitTest>
    <UnitTest name="ZapretManager.Tests.Updates.UpdateCheckerTests.IsNewerVersion_ReturnsExpected(remote: null, local: null, expected: False)" storage="c:\users\knyshovdmitry\downloads\12345-main\12345-main\src\zapretmanager.tests\bin\release\net8.0-windows\zapretmanager.tests.dll" id="10262751-b318-5990-0215-15d860562f98">
      <Execution id="9102ec27-019e-4e83-a1ef-a2ec13ea3f7d" />
      <TestMethod codeBase="C:\Users\KnyshovDmitry\Downloads\12345-main\12345-main\src\ZapretManager.Tests\bin\Release\net8.0-windows\ZapretManager.Tests.dll" adapterTypeName="executor://xunit/VsTestRunner2/netcoreapp" className="ZapretManager.Tests.Updates.UpdateCheckerTests" name="IsNewerVersion_ReturnsExpected" />
    </UnitTest>
    <UnitTest name="ZapretManager.Tests.Lists.ListMergerTests.Merge_RemovesDuplicates_CaseInsensitive" storage="c:\users\knyshovdmitry\downloads\12345-main\12345-main\src\zapretmanager.tests\bin\release\net8.0-windows\zapretmanager.tests.dll" id="6645c9d4-a101-d474-0e91-21f3aa494d98">
      <Execution id="e894781a-abde-4ae9-b3fa-2dfec2eef441" />
      <TestMethod codeBase="C:\Users\KnyshovDmitry\Downloads\12345-main\12345-main\src\ZapretManager.Tests\bin\Release\net8.0-windows\ZapretManager.Tests.dll" adapterTypeName="executor://xunit/VsTestRunner2/netcoreapp" className="ZapretManager.Tests.Lists.ListMergerTests" name="Merge_RemovesDuplicates_CaseInsensitive" />
    </UnitTest>
    <UnitTest name="ZapretManager.Tests.Core.AppConfigTests.Load_ValidJson_DeserializesCorrectly" storage="c:\users\knyshovdmitry\downloads\12345-main\12345-main\src\zapretmanager.tests\bin\release\net8.0-windows\zapretmanager.tests.dll" id="ecc6e109-045c-98a4-20d9-fadd4e027c5e">
      <Execution id="e69e451f-050b-4d1e-830d-c8c072d5e610" />
      <TestMethod codeBase="C:\Users\KnyshovDmitry\Downloads\12345-main\12345-main\src\ZapretManager.Tests\bin\Release\net8.0-windows\ZapretManager.Tests.dll" adapterTypeName="executor://xunit/VsTestRunner2/netcoreapp" className="ZapretManager.Tests.Core.AppConfigTests" name="Load_ValidJson_DeserializesCorrectly" />
    </UnitTest>
    <UnitTest name="ZapretManager.Tests.Updates.UpdateCheckerTests.IsNewerVersion_HandlesInvalidVersions(remote: &quot;&quot;, local: &quot;2.5.0&quot;, expected: False)" storage="c:\users\knyshovdmitry\downloads\12345-main\12345-main\src\zapretmanager.tests\bin\release\net8.0-windows\zapretmanager.tests.dll" id="b2ac25fa-d82d-5244-14d4-bef8b4e6ac98">
      <Execution id="d07cdeae-0e0f-4c6d-bfb5-2831abac01af" />
      <TestMethod codeBase="C:\Users\KnyshovDmitry\Downloads\12345-main\12345-main\src\ZapretManager.Tests\bin\Release\net8.0-windows\ZapretManager.Tests.dll" adapterTypeName="executor://xunit/VsTestRunner2/netcoreapp" className="ZapretManager.Tests.Updates.UpdateCheckerTests" name="IsNewerVersion_HandlesInvalidVersions" />
    </UnitTest>
    <UnitTest name="ZapretManager.Tests.Service.BackupManagerTests.CreateBackup_Rotation_KeepsOnlyN" storage="c:\users\knyshovdmitry\downloads\12345-main\12345-main\src\zapretmanager.tests\bin\release\net8.0-windows\zapretmanager.tests.dll" id="66e6b8bf-4526-043c-4c9d-a92f441bcc55">
      <Execution id="e1128e24-9337-47ea-a416-247cc97ef594" />
      <TestMethod codeBase="C:\Users\KnyshovDmitry\Downloads\12345-main\12345-main\src\ZapretManager.Tests\bin\Release\net8.0-windows\ZapretManager.Tests.dll" adapterTypeName="executor://xunit/VsTestRunner2/netcoreapp" className="ZapretManager.Tests.Service.BackupManagerTests" name="CreateBackup_Rotation_KeepsOnlyN" />
    </UnitTest>
    <UnitTest name="ZapretManager.Tests.Lists.ListMergerTests.WriteUtf8_RoundTrip_PreservesContent" storage="c:\users\knyshovdmitry\downloads\12345-main\12345-main\src\zapretmanager.tests\bin\release\net8.0-windows\zapretmanager.tests.dll" id="af91dae1-6c42-f97d-4a64-972dd881c0cd">
      <Execution id="c3d5f031-5269-4923-9289-848f50df905a" />
      <TestMethod codeBase="C:\Users\KnyshovDmitry\Downloads\12345-main\12345-main\src\ZapretManager.Tests\bin\Release\net8.0-windows\ZapretManager.Tests.dll" adapterTypeName="executor://xunit/VsTestRunner2/netcoreapp" className="ZapretManager.Tests.Lists.ListMergerTests" name="WriteUtf8_RoundTrip_PreservesContent" />
    </UnitTest>
    <UnitTest name="ZapretManager.Tests.Core.AppConfigTests.Load_MissingFile_ReturnsDefaults" storage="c:\users\knyshovdmitry\downloads\12345-main\12345-main\src\zapretmanager.tests\bin\release\net8.0-windows\zapretmanager.tests.dll" id="3f69f9be-6ad4-fdaa-05e6-192205ca0984">
      <Execution id="e949dfa4-971f-49a6-b550-05717e912901" />
      <TestMethod codeBase="C:\Users\KnyshovDmitry\Downloads\12345-main\12345-main\src\ZapretManager.Tests\bin\Release\net8.0-windows\ZapretManager.Tests.dll" adapterTypeName="executor://xunit/VsTestRunner2/netcoreapp" className="ZapretManager.Tests.Core.AppConfigTests" name="Load_MissingFile_ReturnsDefaults" />
    </UnitTest>
    <UnitTest name="ZapretManager.Tests.Updates.UpdateCheckerTests.IsNewerVersion_ReturnsExpected(remote: &quot;2.5.0&quot;, local: null, expected: False)" storage="c:\users\knyshovdmitry\downloads\12345-main\12345-main\src\zapretmanager.tests\bin\release\net8.0-windows\zapretmanager.tests.dll" id="522e1b6d-7212-8ac5-8fcc-2d54b3b5057b">
      <Execution id="f91b1986-cf0f-4f45-a5a2-ccc98f4c4007" />
      <TestMethod codeBase="C:\Users\KnyshovDmitry\Downloads\12345-main\12345-main\src\ZapretManager.Tests\bin\Release\net8.0-windows\ZapretManager.Tests.dll" adapterTypeName="executor://xunit/VsTestRunner2/netcoreapp" className="ZapretManager.Tests.Updates.UpdateCheckerTests" name="IsNewerVersion_ReturnsExpected" />
    </UnitTest>
    <UnitTest name="ZapretManager.Tests.Updates.HashVerifierTests.VerifyAsync_WrongHash_ReturnsFalse" storage="c:\users\knyshovdmitry\downloads\12345-main\12345-main\src\zapretmanager.tests\bin\release\net8.0-windows\zapretmanager.tests.dll" id="33e9f2b5-949a-af0d-b435-cc1d7b980c50">
      <Execution id="1f19f522-3373-4ac4-bbe6-72c48269b236" />
      <TestMethod codeBase="C:\Users\KnyshovDmitry\Downloads\12345-main\12345-main\src\ZapretManager.Tests\bin\Release\net8.0-windows\ZapretManager.Tests.dll" adapterTypeName="executor://xunit/VsTestRunner2/netcoreapp" className="ZapretManager.Tests.Updates.HashVerifierTests" name="VerifyAsync_WrongHash_ReturnsFalse" />
    </UnitTest>
    <UnitTest name="ZapretManager.Tests.Updates.UpdateCheckerTests.IsNewerVersion_ReturnsExpected(remote: &quot;2.5.1&quot;, local: &quot;2.5.0&quot;, expected: True)" storage="c:\users\knyshovdmitry\downloads\12345-main\12345-main\src\zapretmanager.tests\bin\release\net8.0-windows\zapretmanager.tests.dll" id="56d9741f-b9f5-deda-194d-7025b3696f9d">
      <Execution id="dbd4fb6e-8e3a-4362-8205-b7b8e3e739e3" />
      <TestMethod codeBase="C:\Users\KnyshovDmitry\Downloads\12345-main\12345-main\src\ZapretManager.Tests\bin\Release\net8.0-windows\ZapretManager.Tests.dll" adapterTypeName="executor://xunit/VsTestRunner2/netcoreapp" className="ZapretManager.Tests.Updates.UpdateCheckerTests" name="IsNewerVersion_ReturnsExpected" />
    </UnitTest>
    <UnitTest name="ZapretManager.Tests.Service.BackupManagerTests.ListBackups_AfterCreate_ReturnsSingleBackup" storage="c:\users\knyshovdmitry\downloads\12345-main\12345-main\src\zapretmanager.tests\bin\release\net8.0-windows\zapretmanager.tests.dll" id="c45ce7a3-aa7a-5f35-f3b8-a98b72e43537">
      <Execution id="c1640aa2-ac1c-44d6-b383-f34be9090cfb" />
      <TestMethod codeBase="C:\Users\KnyshovDmitry\Downloads\12345-main\12345-main\src\ZapretManager.Tests\bin\Release\net8.0-windows\ZapretManager.Tests.dll" adapterTypeName="executor://xunit/VsTestRunner2/netcoreapp" className="ZapretManager.Tests.Service.BackupManagerTests" name="ListBackups_AfterCreate_ReturnsSingleBackup" />
    </UnitTest>
    <UnitTest name="ZapretManager.Tests.Lists.ListMergerTests.ReplaceWithOrigin_OriginEntriesAlwaysPresent" storage="c:\users\knyshovdmitry\downloads\12345-main\12345-main\src\zapretmanager.tests\bin\release\net8.0-windows\zapretmanager.tests.dll" id="b7ec2304-d10f-0055-cda7-2bb95ac32a86">
      <Execution id="de7ffe3f-0826-4364-845c-48bbbe6b9b5d" />
      <TestMethod codeBase="C:\Users\KnyshovDmitry\Downloads\12345-main\12345-main\src\ZapretManager.Tests\bin\Release\net8.0-windows\ZapretManager.Tests.dll" adapterTypeName="executor://xunit/VsTestRunner2/netcoreapp" className="ZapretManager.Tests.Lists.ListMergerTests" name="ReplaceWithOrigin_OriginEntriesAlwaysPresent" />
    </UnitTest>
    <UnitTest name="ZapretManager.Tests.Updates.UpdateCheckerTests.IsNewerVersion_HandlesVPrefix(remote: &quot;V2.5.1&quot;, local: &quot;2.5.0&quot;, expected: True)" storage="c:\users\knyshovdmitry\downloads\12345-main\12345-main\src\zapretmanager.tests\bin\release\net8.0-windows\zapretmanager.tests.dll" id="160e1fb2-a6d0-9e87-4c99-a5c3814016d3">
      <Execution id="d386ca1d-1b1e-4c8a-bd3c-14d495472a99" />
      <TestMethod codeBase="C:\Users\KnyshovDmitry\Downloads\12345-main\12345-main\src\ZapretManager.Tests\bin\Release\net8.0-windows\ZapretManager.Tests.dll" adapterTypeName="executor://xunit/VsTestRunner2/netcoreapp" className="ZapretManager.Tests.Updates.UpdateCheckerTests" name="IsNewerVersion_HandlesVPrefix" />
    </UnitTest>
    <UnitTest name="ZapretManager.Tests.Updates.HashVerifierTests.VerifyAsync_CorrectHash_ReturnsTrue" storage="c:\users\knyshovdmitry\downloads\12345-main\12345-main\src\zapretmanager.tests\bin\release\net8.0-windows\zapretmanager.tests.dll" id="fdddf065-611f-e0cc-20d6-f4d57251ce38">
      <Execution id="877106f5-7916-4013-9edc-fda91cbe915b" />
      <TestMethod codeBase="C:\Users\KnyshovDmitry\Downloads\12345-main\12345-main\src\ZapretManager.Tests\bin\Release\net8.0-windows\ZapretManager.Tests.dll" adapterTypeName="executor://xunit/VsTestRunner2/netcoreapp" className="ZapretManager.Tests.Updates.HashVerifierTests" name="VerifyAsync_CorrectHash_ReturnsTrue" />
    </UnitTest>
    <UnitTest name="ZapretManager.Tests.Core.AppConfigTests.Load_WatchdogConfig_HasSensibleDefaults" storage="c:\users\knyshovdmitry\downloads\12345-main\12345-main\src\zapretmanager.tests\bin\release\net8.0-windows\zapretmanager.tests.dll" id="fc419844-0d41-63a8-4383-cec71729d42f">
      <Execution id="9ce17b8b-15d7-4438-96d9-eef6e8084daa" />
      <TestMethod codeBase="C:\Users\KnyshovDmitry\Downloads\12345-main\12345-main\src\ZapretManager.Tests\bin\Release\net8.0-windows\ZapretManager.Tests.dll" adapterTypeName="executor://xunit/VsTestRunner2/netcoreapp" className="ZapretManager.Tests.Core.AppConfigTests" name="Load_WatchdogConfig_HasSensibleDefaults" />
    </UnitTest>
    <UnitTest name="ZapretManager.Tests.Core.AppConfigTests.Load_DiagnosticsConfig_ParsedCorrectly" storage="c:\users\knyshovdmitry\downloads\12345-main\12345-main\src\zapretmanager.tests\bin\release\net8.0-windows\zapretmanager.tests.dll" id="b112bfc9-0647-33c5-08d7-dd35f42cc3ec">
      <Execution id="16b4e697-1543-43c4-9d89-5c53cfaaa3a5" />
      <TestMethod codeBase="C:\Users\KnyshovDmitry\Downloads\12345-main\12345-main\src\ZapretManager.Tests\bin\Release\net8.0-windows\ZapretManager.Tests.dll" adapterTypeName="executor://xunit/VsTestRunner2/netcoreapp" className="ZapretManager.Tests.Core.AppConfigTests" name="Load_DiagnosticsConfig_ParsedCorrectly" />
    </UnitTest>
    <UnitTest name="ZapretManager.Tests.Core.AppConfigTests.Load_BrokenJson_ReturnsDefaults" storage="c:\users\knyshovdmitry\downloads\12345-main\12345-main\src\zapretmanager.tests\bin\release\net8.0-windows\zapretmanager.tests.dll" id="55342c5f-6882-d4c0-541c-0528ff0a9c0b">
      <Execution id="0c8eaa46-200f-4a72-8e39-f53c3af2527a" />
      <TestMethod codeBase="C:\Users\KnyshovDmitry\Downloads\12345-main\12345-main\src\ZapretManager.Tests\bin\Release\net8.0-windows\ZapretManager.Tests.dll" adapterTypeName="executor://xunit/VsTestRunner2/netcoreapp" className="ZapretManager.Tests.Core.AppConfigTests" name="Load_BrokenJson_ReturnsDefaults" />
    </UnitTest>
    <UnitTest name="ZapretManager.Tests.Updates.HashVerifierTests.ComputeHashAsync_DifferentContent_DifferentHash" storage="c:\users\knyshovdmitry\downloads\12345-main\12345-main\src\zapretmanager.tests\bin\release\net8.0-windows\zapretmanager.tests.dll" id="bca8db57-aafe-04dd-7d78-dbc99b5946e1">
      <Execution id="e58d6283-15b8-4d82-baf0-e607f53afbaa" />
      <TestMethod codeBase="C:\Users\KnyshovDmitry\Downloads\12345-main\12345-main\src\ZapretManager.Tests\bin\Release\net8.0-windows\ZapretManager.Tests.dll" adapterTypeName="executor://xunit/VsTestRunner2/netcoreapp" className="ZapretManager.Tests.Updates.HashVerifierTests" name="ComputeHashAsync_DifferentContent_DifferentHash" />
    </UnitTest>
    <UnitTest name="ZapretManager.Tests.Updates.UpdateCheckerTests.IsNewerVersion_ReturnsExpected(remote: null, local: &quot;2.5.0&quot;, expected: False)" storage="c:\users\knyshovdmitry\downloads\12345-main\12345-main\src\zapretmanager.tests\bin\release\net8.0-windows\zapretmanager.tests.dll" id="408cd4bd-230f-208b-a9a5-ad7cc110282c">
      <Execution id="270ef2ad-5659-4636-af92-7e9d5e3f4371" />
      <TestMethod codeBase="C:\Users\KnyshovDmitry\Downloads\12345-main\12345-main\src\ZapretManager.Tests\bin\Release\net8.0-windows\ZapretManager.Tests.dll" adapterTypeName="executor://xunit/VsTestRunner2/netcoreapp" className="ZapretManager.Tests.Updates.UpdateCheckerTests" name="IsNewerVersion_ReturnsExpected" />
    </UnitTest>
    <UnitTest name="ZapretManager.Tests.Lists.ListMergerTests.WriteUtf8_WritesWithoutBom" storage="c:\users\knyshovdmitry\downloads\12345-main\12345-main\src\zapretmanager.tests\bin\release\net8.0-windows\zapretmanager.tests.dll" id="5cf201fd-48b0-e922-3a38-ce8bada57b78">
      <Execution id="a6651fe0-3d3b-4819-9f33-6ef4fbe9d23a" />
      <TestMethod codeBase="C:\Users\KnyshovDmitry\Downloads\12345-main\12345-main\src\ZapretManager.Tests\bin\Release\net8.0-windows\ZapretManager.Tests.dll" adapterTypeName="executor://xunit/VsTestRunner2/netcoreapp" className="ZapretManager.Tests.Lists.ListMergerTests" name="WriteUtf8_WritesWithoutBom" />
    </UnitTest>
    <UnitTest name="ZapretManager.Tests.Updates.HashVerifierTests.ComputeHashAsync_SameContent_SameHash" storage="c:\users\knyshovdmitry\downloads\12345-main\12345-main\src\zapretmanager.tests\bin\release\net8.0-windows\zapretmanager.tests.dll" id="19454db4-de16-191f-9c43-9735bdbaa7fe">
      <Execution id="2353c530-5a59-47ee-99cc-7e9144a5ae23" />
      <TestMethod codeBase="C:\Users\KnyshovDmitry\Downloads\12345-main\12345-main\src\ZapretManager.Tests\bin\Release\net8.0-windows\ZapretManager.Tests.dll" adapterTypeName="executor://xunit/VsTestRunner2/netcoreapp" className="ZapretManager.Tests.Updates.HashVerifierTests" name="ComputeHashAsync_SameContent_SameHash" />
    </UnitTest>
    <UnitTest name="ZapretManager.Tests.Updates.UpdateCheckerTests.IsNewerVersion_ReturnsExpected(remote: &quot;2.4.9&quot;, local: &quot;2.5.0&quot;, expected: False)" storage="c:\users\knyshovdmitry\downloads\12345-main\12345-main\src\zapretmanager.tests\bin\release\net8.0-windows\zapretmanager.tests.dll" id="cf8e82d9-9d5d-5fed-050b-04dd9374e9ba">
      <Execution id="5d8c8e55-566b-4913-837e-96ded6d3f4fd" />
      <TestMethod codeBase="C:\Users\KnyshovDmitry\Downloads\12345-main\12345-main\src\ZapretManager.Tests\bin\Release\net8.0-windows\ZapretManager.Tests.dll" adapterTypeName="executor://xunit/VsTestRunner2/netcoreapp" className="ZapretManager.Tests.Updates.UpdateCheckerTests" name="IsNewerVersion_ReturnsExpected" />
    </UnitTest>
    <UnitTest name="ZapretManager.Tests.Updates.UpdateCheckerTests.IsNewerVersion_ReturnsExpected(remote: &quot;2.6.0&quot;, local: &quot;2.5.0&quot;, expected: True)" storage="c:\users\knyshovdmitry\downloads\12345-main\12345-main\src\zapretmanager.tests\bin\release\net8.0-windows\zapretmanager.tests.dll" id="6e069a41-d59e-2718-0274-79f9b30679b7">
      <Execution id="0af2b8cc-d0d6-4020-bf2d-bc46f6fa7111" />
      <TestMethod codeBase="C:\Users\KnyshovDmitry\Downloads\12345-main\12345-main\src\ZapretManager.Tests\bin\Release\net8.0-windows\ZapretManager.Tests.dll" adapterTypeName="executor://xunit/VsTestRunner2/netcoreapp" className="ZapretManager.Tests.Updates.UpdateCheckerTests" name="IsNewerVersion_ReturnsExpected" />
    </UnitTest>
    <UnitTest name="ZapretManager.Tests.Core.AppConfigTests.Load_EmptyJson_ReturnsDefaults" storage="c:\users\knyshovdmitry\downloads\12345-main\12345-main\src\zapretmanager.tests\bin\release\net8.0-windows\zapretmanager.tests.dll" id="bd35ae35-54d3-d7c4-f120-01356e352ee2">
      <Execution id="7caebd03-fa8f-4f89-a87c-30155e8c576e" />
      <TestMethod codeBase="C:\Users\KnyshovDmitry\Downloads\12345-main\12345-main\src\ZapretManager.Tests\bin\Release\net8.0-windows\ZapretManager.Tests.dll" adapterTypeName="executor://xunit/VsTestRunner2/netcoreapp" className="ZapretManager.Tests.Core.AppConfigTests" name="Load_EmptyJson_ReturnsDefaults" />
    </UnitTest>
    <UnitTest name="ZapretManager.Tests.Updates.UpdateCheckerTests.IsNewerVersion_ReturnsExpected(remote: &quot;3.0.0&quot;, local: &quot;2.5.0&quot;, expected: True)" storage="c:\users\knyshovdmitry\downloads\12345-main\12345-main\src\zapretmanager.tests\bin\release\net8.0-windows\zapretmanager.tests.dll" id="c5dab717-ba6c-368e-b26c-acc97d540263">
      <Execution id="06134f65-644f-4eb3-a4a2-de26595159c6" />
      <TestMethod codeBase="C:\Users\KnyshovDmitry\Downloads\12345-main\12345-main\src\ZapretManager.Tests\bin\Release\net8.0-windows\ZapretManager.Tests.dll" adapterTypeName="executor://xunit/VsTestRunner2/netcoreapp" className="ZapretManager.Tests.Updates.UpdateCheckerTests" name="IsNewerVersion_ReturnsExpected" />
    </UnitTest>
    <UnitTest name="ZapretManager.Tests.Lists.ListMergerTests.Merge_EmptyLines_NotDuplicated" storage="c:\users\knyshovdmitry\downloads\12345-main\12345-main\src\zapretmanager.tests\bin\release\net8.0-windows\zapretmanager.tests.dll" id="5a016c64-88c3-4551-dadc-9038d54be89c">
      <Execution id="1d8524ad-60f2-4ef6-8aef-5ee91a281d05" />
      <TestMethod codeBase="C:\Users\KnyshovDmitry\Downloads\12345-main\12345-main\src\ZapretManager.Tests\bin\Release\net8.0-windows\ZapretManager.Tests.dll" adapterTypeName="executor://xunit/VsTestRunner2/netcoreapp" className="ZapretManager.Tests.Lists.ListMergerTests" name="Merge_EmptyLines_NotDuplicated" />
    </UnitTest>
    <UnitTest name="ZapretManager.Tests.Service.BackupManagerTests.ListBackups_EmptyDirectory_ReturnsEmptyArray" storage="c:\users\knyshovdmitry\downloads\12345-main\12345-main\src\zapretmanager.tests\bin\release\net8.0-windows\zapretmanager.tests.dll" id="e30a4341-92c5-808f-6486-e27eac1bd58e">
      <Execution id="e433cc88-5c3f-4eae-b4c7-9025d625a623" />
      <TestMethod codeBase="C:\Users\KnyshovDmitry\Downloads\12345-main\12345-main\src\ZapretManager.Tests\bin\Release\net8.0-windows\ZapretManager.Tests.dll" adapterTypeName="executor://xunit/VsTestRunner2/netcoreapp" className="ZapretManager.Tests.Service.BackupManagerTests" name="ListBackups_EmptyDirectory_ReturnsEmptyArray" />
    </UnitTest>
    <UnitTest name="ZapretManager.Tests.Lists.ListMergerTests.WriteUtf8_CreatesParentDirectory" storage="c:\users\knyshovdmitry\downloads\12345-main\12345-main\src\zapretmanager.tests\bin\release\net8.0-windows\zapretmanager.tests.dll" id="2e77bd0f-3a47-c4be-c627-d56b894dcd2f">
      <Execution id="1e9b8401-dd35-49ff-b852-324def2dc999" />
      <TestMethod codeBase="C:\Users\KnyshovDmitry\Downloads\12345-main\12345-main\src\ZapretManager.Tests\bin\Release\net8.0-windows\ZapretManager.Tests.dll" adapterTypeName="executor://xunit/VsTestRunner2/netcoreapp" className="ZapretManager.Tests.Lists.ListMergerTests" name="WriteUtf8_CreatesParentDirectory" />
    </UnitTest>
    <UnitTest name="ZapretManager.Tests.Lists.ListMergerTests.Merge_DeduplicatesComments" storage="c:\users\knyshovdmitry\downloads\12345-main\12345-main\src\zapretmanager.tests\bin\release\net8.0-windows\zapretmanager.tests.dll" id="f06cdf60-235b-9a28-767f-4c6cd3acdb9f">
      <Execution id="a9ec0269-20a5-41cd-ae95-8a8da3224571" />
      <TestMethod codeBase="C:\Users\KnyshovDmitry\Downloads\12345-main\12345-main\src\ZapretManager.Tests\bin\Release\net8.0-windows\ZapretManager.Tests.dll" adapterTypeName="executor://xunit/VsTestRunner2/netcoreapp" className="ZapretManager.Tests.Lists.ListMergerTests" name="Merge_DeduplicatesComments" />
    </UnitTest>
    <UnitTest name="ZapretManager.Tests.Lists.ListMergerTests.Merge_ExistingFile_PreservesOldLines" storage="c:\users\knyshovdmitry\downloads\12345-main\12345-main\src\zapretmanager.tests\bin\release\net8.0-windows\zapretmanager.tests.dll" id="e4e19066-fd8d-36d1-900c-a4140591004b">
      <Execution id="8c5a102d-1a3e-41b2-b771-3d5e5d3bc901" />
      <TestMethod codeBase="C:\Users\KnyshovDmitry\Downloads\12345-main\12345-main\src\ZapretManager.Tests\bin\Release\net8.0-windows\ZapretManager.Tests.dll" adapterTypeName="executor://xunit/VsTestRunner2/netcoreapp" className="ZapretManager.Tests.Lists.ListMergerTests" name="Merge_ExistingFile_PreservesOldLines" />
    </UnitTest>
    <UnitTest name="ZapretManager.Tests.Updates.HashVerifierTests.ComputeHashAsync_ReturnsLowercaseHex" storage="c:\users\knyshovdmitry\downloads\12345-main\12345-main\src\zapretmanager.tests\bin\release\net8.0-windows\zapretmanager.tests.dll" id="a67eda8e-60c9-7fd8-e9ee-000d76167ad7">
      <Execution id="dd9f6043-e12e-4c79-a003-30a96ea4fafe" />
      <TestMethod codeBase="C:\Users\KnyshovDmitry\Downloads\12345-main\12345-main\src\ZapretManager.Tests\bin\Release\net8.0-windows\ZapretManager.Tests.dll" adapterTypeName="executor://xunit/VsTestRunner2/netcoreapp" className="ZapretManager.Tests.Updates.HashVerifierTests" name="ComputeHashAsync_ReturnsLowercaseHex" />
    </UnitTest>
    <UnitTest name="ZapretManager.Tests.Service.BackupManagerTests.RestoreBackup_ValidZip_ReturnsTrueAndRestoresFile" storage="c:\users\knyshovdmitry\downloads\12345-main\12345-main\src\zapretmanager.tests\bin\release\net8.0-windows\zapretmanager.tests.dll" id="88e83f7b-0619-6c41-ca20-dfe89482952c">
      <Execution id="6ce95929-3589-41b6-8dee-b0eb5b1f312c" />
      <TestMethod codeBase="C:\Users\KnyshovDmitry\Downloads\12345-main\12345-main\src\ZapretManager.Tests\bin\Release\net8.0-windows\ZapretManager.Tests.dll" adapterTypeName="executor://xunit/VsTestRunner2/netcoreapp" className="ZapretManager.Tests.Service.BackupManagerTests" name="RestoreBackup_ValidZip_ReturnsTrueAndRestoresFile" />
    </UnitTest>
    <UnitTest name="ZapretManager.Tests.Service.BackupManagerTests.RestoreBackup_MissingFile_ReturnsFalse" storage="c:\users\knyshovdmitry\downloads\12345-main\12345-main\src\zapretmanager.tests\bin\release\net8.0-windows\zapretmanager.tests.dll" id="d6faa7a6-d3bd-a83e-46f4-918a575f300a">
      <Execution id="b849e8db-4b6b-48ac-9817-9c6f9d8434d8" />
      <TestMethod codeBase="C:\Users\KnyshovDmitry\Downloads\12345-main\12345-main\src\ZapretManager.Tests\bin\Release\net8.0-windows\ZapretManager.Tests.dll" adapterTypeName="executor://xunit/VsTestRunner2/netcoreapp" className="ZapretManager.Tests.Service.BackupManagerTests" name="RestoreBackup_MissingFile_ReturnsFalse" />
    </UnitTest>
    <UnitTest name="ZapretManager.Tests.Service.BackupManagerTests.CreateBackup_ZipContainsExpectedFiles" storage="c:\users\knyshovdmitry\downloads\12345-main\12345-main\src\zapretmanager.tests\bin\release\net8.0-windows\zapretmanager.tests.dll" id="d53e95c9-a148-1d0d-4567-56d2a77e7f34">
      <Execution id="476de494-3ecf-4afd-838c-d67e20ee7e1e" />
      <TestMethod codeBase="C:\Users\KnyshovDmitry\Downloads\12345-main\12345-main\src\ZapretManager.Tests\bin\Release\net8.0-windows\ZapretManager.Tests.dll" adapterTypeName="executor://xunit/VsTestRunner2/netcoreapp" className="ZapretManager.Tests.Service.BackupManagerTests" name="CreateBackup_ZipContainsExpectedFiles" />
    </UnitTest>
    <UnitTest name="ZapretManager.Tests.Lists.ListMergerTests.Merge_NewFile_ReturnsNewLines" storage="c:\users\knyshovdmitry\downloads\12345-main\12345-main\src\zapretmanager.tests\bin\release\net8.0-windows\zapretmanager.tests.dll" id="ac97fe78-eea5-f8ef-10a8-38872c57abcb">
      <Execution id="337950a5-4690-4c0a-b651-442d9efa5a0c" />
      <TestMethod codeBase="C:\Users\KnyshovDmitry\Downloads\12345-main\12345-main\src\ZapretManager.Tests\bin\Release\net8.0-windows\ZapretManager.Tests.dll" adapterTypeName="executor://xunit/VsTestRunner2/netcoreapp" className="ZapretManager.Tests.Lists.ListMergerTests" name="Merge_NewFile_ReturnsNewLines" />
    </UnitTest>
  </TestDefinitions>
  <TestEntries>
    <TestEntry testId="e4e19066-fd8d-36d1-900c-a4140591004b" executionId="8c5a102d-1a3e-41b2-b771-3d5e5d3bc901" testListId="8c84fa94-04c1-424b-9868-57a2d4851a1d" />
    <TestEntry testId="88e83f7b-0619-6c41-ca20-dfe89482952c" executionId="6ce95929-3589-41b6-8dee-b0eb5b1f312c" testListId="8c84fa94-04c1-424b-9868-57a2d4851a1d" />
    <TestEntry testId="3f69f9be-6ad4-fdaa-05e6-192205ca0984" executionId="e949dfa4-971f-49a6-b550-05717e912901" testListId="8c84fa94-04c1-424b-9868-57a2d4851a1d" />
    <TestEntry testId="685732bf-f036-bfe4-7d4e-2827693848b0" executionId="ff61bcfb-7bff-42cb-aabe-f47219845ef4" testListId="8c84fa94-04c1-424b-9868-57a2d4851a1d" />
    <TestEntry testId="c45ce7a3-aa7a-5f35-f3b8-a98b72e43537" executionId="c1640aa2-ac1c-44d6-b383-f34be9090cfb" testListId="8c84fa94-04c1-424b-9868-57a2d4851a1d" />
    <TestEntry testId="a67eda8e-60c9-7fd8-e9ee-000d76167ad7" executionId="dd9f6043-e12e-4c79-a003-30a96ea4fafe" testListId="8c84fa94-04c1-424b-9868-57a2d4851a1d" />
    <TestEntry testId="408cd4bd-230f-208b-a9a5-ad7cc110282c" executionId="270ef2ad-5659-4636-af92-7e9d5e3f4371" testListId="8c84fa94-04c1-424b-9868-57a2d4851a1d" />
    <TestEntry testId="2e77bd0f-3a47-c4be-c627-d56b894dcd2f" executionId="1e9b8401-dd35-49ff-b852-324def2dc999" testListId="8c84fa94-04c1-424b-9868-57a2d4851a1d" />
    <TestEntry testId="5a016c64-88c3-4551-dadc-9038d54be89c" executionId="1d8524ad-60f2-4ef6-8aef-5ee91a281d05" testListId="8c84fa94-04c1-424b-9868-57a2d4851a1d" />
    <TestEntry testId="522e1b6d-7212-8ac5-8fcc-2d54b3b5057b" executionId="f91b1986-cf0f-4f45-a5a2-ccc98f4c4007" testListId="8c84fa94-04c1-424b-9868-57a2d4851a1d" />
    <TestEntry testId="99edc2df-4cab-5be7-30ab-5e9e46355321" executionId="5434f269-6043-4be2-9449-a94f23fee339" testListId="8c84fa94-04c1-424b-9868-57a2d4851a1d" />
    <TestEntry testId="cf8e82d9-9d5d-5fed-050b-04dd9374e9ba" executionId="5d8c8e55-566b-4913-837e-96ded6d3f4fd" testListId="8c84fa94-04c1-424b-9868-57a2d4851a1d" />
    <TestEntry testId="11b46009-150e-368c-de94-341585a5270f" executionId="f8380b53-fb5d-49ce-86da-0b019a591336" testListId="8c84fa94-04c1-424b-9868-57a2d4851a1d" />
    <TestEntry testId="c5dab717-ba6c-368e-b26c-acc97d540263" executionId="06134f65-644f-4eb3-a4a2-de26595159c6" testListId="8c84fa94-04c1-424b-9868-57a2d4851a1d" />
    <TestEntry testId="fc419844-0d41-63a8-4383-cec71729d42f" executionId="9ce17b8b-15d7-4438-96d9-eef6e8084daa" testListId="8c84fa94-04c1-424b-9868-57a2d4851a1d" />
    <TestEntry testId="e30a4341-92c5-808f-6486-e27eac1bd58e" executionId="e433cc88-5c3f-4eae-b4c7-9025d625a623" testListId="8c84fa94-04c1-424b-9868-57a2d4851a1d" />
    <TestEntry testId="b7ec2304-d10f-0055-cda7-2bb95ac32a86" executionId="de7ffe3f-0826-4364-845c-48bbbe6b9b5d" testListId="8c84fa94-04c1-424b-9868-57a2d4851a1d" />
    <TestEntry testId="160e1fb2-a6d0-9e87-4c99-a5c3814016d3" executionId="d386ca1d-1b1e-4c8a-bd3c-14d495472a99" testListId="8c84fa94-04c1-424b-9868-57a2d4851a1d" />
    <TestEntry testId="c37c0ef9-184d-bb5e-6de8-bb8987c0025a" executionId="bac90aae-22ef-415b-8fbb-df3dee171fda" testListId="8c84fa94-04c1-424b-9868-57a2d4851a1d" />
    <TestEntry testId="07029d4b-5681-3086-24ea-6e9f26ae5457" executionId="53da4fdb-2fc7-48eb-9738-c10bb52c4def" testListId="8c84fa94-04c1-424b-9868-57a2d4851a1d" />
    <TestEntry testId="909692b3-bbbc-ee15-bd40-64f9deaf29a5" executionId="79502191-8573-42c8-9253-118367f6e6cc" testListId="8c84fa94-04c1-424b-9868-57a2d4851a1d" />
    <TestEntry testId="b112bfc9-0647-33c5-08d7-dd35f42cc3ec" executionId="16b4e697-1543-43c4-9d89-5c53cfaaa3a5" testListId="8c84fa94-04c1-424b-9868-57a2d4851a1d" />
    <TestEntry testId="457a5a54-d419-b0fe-3939-785a3293e96e" executionId="a15b488b-bfeb-496c-b57f-c86f97eed775" testListId="8c84fa94-04c1-424b-9868-57a2d4851a1d" />
    <TestEntry testId="19454db4-de16-191f-9c43-9735bdbaa7fe" executionId="2353c530-5a59-47ee-99cc-7e9144a5ae23" testListId="8c84fa94-04c1-424b-9868-57a2d4851a1d" />
    <TestEntry testId="bd35ae35-54d3-d7c4-f120-01356e352ee2" executionId="7caebd03-fa8f-4f89-a87c-30155e8c576e" testListId="8c84fa94-04c1-424b-9868-57a2d4851a1d" />
    <TestEntry testId="b2ac25fa-d82d-5244-14d4-bef8b4e6ac98" executionId="d07cdeae-0e0f-4c6d-bfb5-2831abac01af" testListId="8c84fa94-04c1-424b-9868-57a2d4851a1d" />
    <TestEntry testId="66e6b8bf-4526-043c-4c9d-a92f441bcc55" executionId="e1128e24-9337-47ea-a416-247cc97ef594" testListId="8c84fa94-04c1-424b-9868-57a2d4851a1d" />
    <TestEntry testId="55342c5f-6882-d4c0-541c-0528ff0a9c0b" executionId="0c8eaa46-200f-4a72-8e39-f53c3af2527a" testListId="8c84fa94-04c1-424b-9868-57a2d4851a1d" />
    <TestEntry testId="d6faa7a6-d3bd-a83e-46f4-918a575f300a" executionId="b849e8db-4b6b-48ac-9817-9c6f9d8434d8" testListId="8c84fa94-04c1-424b-9868-57a2d4851a1d" />
    <TestEntry testId="f06cdf60-235b-9a28-767f-4c6cd3acdb9f" executionId="a9ec0269-20a5-41cd-ae95-8a8da3224571" testListId="8c84fa94-04c1-424b-9868-57a2d4851a1d" />
    <TestEntry testId="fdddf065-611f-e0cc-20d6-f4d57251ce38" executionId="877106f5-7916-4013-9edc-fda91cbe915b" testListId="8c84fa94-04c1-424b-9868-57a2d4851a1d" />
    <TestEntry testId="ecc6e109-045c-98a4-20d9-fadd4e027c5e" executionId="e69e451f-050b-4d1e-830d-c8c072d5e610" testListId="8c84fa94-04c1-424b-9868-57a2d4851a1d" />
    <TestEntry testId="33e9f2b5-949a-af0d-b435-cc1d7b980c50" executionId="1f19f522-3373-4ac4-bbe6-72c48269b236" testListId="8c84fa94-04c1-424b-9868-57a2d4851a1d" />
    <TestEntry testId="6e069a41-d59e-2718-0274-79f9b30679b7" executionId="0af2b8cc-d0d6-4020-bf2d-bc46f6fa7111" testListId="8c84fa94-04c1-424b-9868-57a2d4851a1d" />
    <TestEntry testId="6645c9d4-a101-d474-0e91-21f3aa494d98" executionId="e894781a-abde-4ae9-b3fa-2dfec2eef441" testListId="8c84fa94-04c1-424b-9868-57a2d4851a1d" />
    <TestEntry testId="10262751-b318-5990-0215-15d860562f98" executionId="9102ec27-019e-4e83-a1ef-a2ec13ea3f7d" testListId="8c84fa94-04c1-424b-9868-57a2d4851a1d" />
    <TestEntry testId="ac97fe78-eea5-f8ef-10a8-38872c57abcb" executionId="337950a5-4690-4c0a-b651-442d9efa5a0c" testListId="8c84fa94-04c1-424b-9868-57a2d4851a1d" />
    <TestEntry testId="29e98d00-8961-6206-9fe4-9fd60c01ce74" executionId="f1b2f1f4-48df-44da-8412-6ffedb950c2d" testListId="8c84fa94-04c1-424b-9868-57a2d4851a1d" />
    <TestEntry testId="bca8db57-aafe-04dd-7d78-dbc99b5946e1" executionId="e58d6283-15b8-4d82-baf0-e607f53afbaa" testListId="8c84fa94-04c1-424b-9868-57a2d4851a1d" />
    <TestEntry testId="af91dae1-6c42-f97d-4a64-972dd881c0cd" executionId="c3d5f031-5269-4923-9289-848f50df905a" testListId="8c84fa94-04c1-424b-9868-57a2d4851a1d" />
    <TestEntry testId="429c9d05-be0c-99fa-43e4-84187a1c1e54" executionId="42187fd3-b637-47e3-afcb-5f7c1b0865d4" testListId="8c84fa94-04c1-424b-9868-57a2d4851a1d" />
    <TestEntry testId="5cf201fd-48b0-e922-3a38-ce8bada57b78" executionId="a6651fe0-3d3b-4819-9f33-6ef4fbe9d23a" testListId="8c84fa94-04c1-424b-9868-57a2d4851a1d" />
    <TestEntry testId="56d9741f-b9f5-deda-194d-7025b3696f9d" executionId="dbd4fb6e-8e3a-4362-8205-b7b8e3e739e3" testListId="8c84fa94-04c1-424b-9868-57a2d4851a1d" />
    <TestEntry testId="d53e95c9-a148-1d0d-4567-56d2a77e7f34" executionId="476de494-3ecf-4afd-838c-d67e20ee7e1e" testListId="8c84fa94-04c1-424b-9868-57a2d4851a1d" />
    <TestEntry testId="2b151007-0d73-6316-9468-859f9e871143" executionId="8e6e5621-09bd-448c-9716-79dc4196f534" testListId="8c84fa94-04c1-424b-9868-57a2d4851a1d" />
  </TestEntries>
  <TestLists>
    <TestList name="Список результатов" id="8c84fa94-04c1-424b-9868-57a2d4851a1d" />
    <TestList name="Все загруженные результаты" id="19431567-8539-422a-85d7-44ee4e166bda" />
  </TestLists>
  <ResultSummary outcome="Completed">
    <Counters total="45" executed="45" passed="45" failed="0" error="0" timeout="0" aborted="0" inconclusive="0" passedButRunAborted="0" notRunnable="0" notExecuted="0" disconnected="0" warning="0" completed="0" inProgress="0" pending="0" />
    <Output>
      <StdOut>[xUnit.net 00:00:00.00] xUnit.net VSTest Adapter v2.8.2+699d445a1a (64-bit .NET 8.0.27)&#xD;
[xUnit.net 00:00:00.06]   Discovering: ZapretManager.Tests&#xD;
[xUnit.net 00:00:00.09]   Discovered:  ZapretManager.Tests&#xD;
[xUnit.net 00:00:00.09]   Starting:    ZapretManager.Tests&#xD;
   [OK] ����� ᮧ���: zapret_backup_2026-05-22_11-33-24.zip&#xD;
   [OK] ����� ᮧ���: zapret_backup_2026-05-22_11-33-24.zip&#xD;
   [OK] ����� ᮧ���: zapret_backup_2026-05-22_11-33-24.zip&#xD;
   [OK] ����� ᮧ���: zapret_backup_2026-05-22_11-33-24.zip&#xD;
   [X]  ���� �� ������: /nonexistent/path.zip&#xD;
   [OK] ����� ᮧ���: zapret_backup_2026-05-22_11-33-24.zip&#xD;
   [OK] ����⠭������� �����襭�&#xD;
   [OK] ����� ᮧ���: zapret_backup_2026-05-22_11-33-24.zip&#xD;
   [OK] ����� ᮧ���: zapret_backup_2026-05-22_11-33-25.zip&#xD;
   [OK] ����� ᮧ���: zapret_backup_2026-05-22_11-33-25.zip&#xD;
   [OK] ����� ᮧ���: zapret_backup_2026-05-22_11-33-26.zip&#xD;
   [OK] ����� ᮧ���: zapret_backup_2026-05-22_11-33-27.zip&#xD;
   [OK] ����� ᮧ���: zapret_backup_2026-05-22_11-33-28.zip&#xD;
[xUnit.net 00:00:05.81]   Finished:    ZapretManager.Tests&#xD;
</StdOut>
    </Output>
  </ResultSummary>
</TestRun>