<?xml version="1.0" encoding="utf-8"?>
<TestRun id="eebdc9a5-daf3-4e07-9ee6-ccbaa60c8762" name="KnyshovDmitry@MITYA-GRIB 2026-05-22 11:33:43" runUser="AzureAD\KnyshovDmitry" xmlns="http://microsoft.com/schemas/VisualStudio/TeamTest/2010">
  <Times creation="2026-05-22T11:33:43.9741459+03:00" queuing="2026-05-22T11:33:43.9741463+03:00" start="2026-05-22T11:33:43.2694147+03:00" finish="2026-05-22T11:33:49.6858184+03:00" />
  <TestSettings name="default" id="18e84999-c65e-41a5-9869-8fe64465fd26">
    <Deployment runDeploymentRoot="KnyshovDmitry_MITYA-GRIB_2026-05-22_11_33_43" />
  </TestSettings>
  <Results>
    <UnitTestResult executionId="1f2f50e8-e617-41f9-b2f7-68f588764b92" testId="f06cdf60-235b-9a28-767f-4c6cd3acdb9f" testName="ZapretManager.Tests.Lists.ListMergerTests.Merge_DeduplicatesComments" computerName="MITYA-GRIB" duration="00:00:00.0057462" startTime="2026-05-22T11:33:43.9271514+03:00" endTime="2026-05-22T11:33:43.9271514+03:00" testType="13cdc9d9-ddb5-4fa4-a97d-d965ccfc6d4b" outcome="Passed" testListId="8c84fa94-04c1-424b-9868-57a2d4851a1d" relativeResultsDirectory="1f2f50e8-e617-41f9-b2f7-68f588764b92" />
    <UnitTestResult executionId="20698817-6051-4807-b571-d0a667214b3a" testId="fdddf065-611f-e0cc-20d6-f4d57251ce38" testName="ZapretManager.Tests.Updates.HashVerifierTests.VerifyAsync_CorrectHash_ReturnsTrue" computerName="MITYA-GRIB" duration="00:00:00.0389532" startTime="2026-05-22T11:33:43.9269730+03:00" endTime="2026-05-22T11:33:43.9269731+03:00" testType="13cdc9d9-ddb5-4fa4-a97d-d965ccfc6d4b" outcome="Passed" testListId="8c84fa94-04c1-424b-9868-57a2d4851a1d" relativeResultsDirectory="20698817-6051-4807-b571-d0a667214b3a" />
    <UnitTestResult executionId="df84c7f3-aa9d-4d86-8bef-191f10a60d3c" testId="b112bfc9-0647-33c5-08d7-dd35f42cc3ec" testName="ZapretManager.Tests.Core.AppConfigTests.Load_DiagnosticsConfig_ParsedCorrectly" computerName="MITYA-GRIB" duration="00:00:00.0075057" startTime="2026-05-22T11:33:43.9303147+03:00" endTime="2026-05-22T11:33:43.9303149+03:00" testType="13cdc9d9-ddb5-4fa4-a97d-d965ccfc6d4b" outcome="Passed" testListId="8c84fa94-04c1-424b-9868-57a2d4851a1d" relativeResultsDirectory="df84c7f3-aa9d-4d86-8bef-191f10a60d3c" />
    <UnitTestResult executionId="d3a090d3-f48f-4a17-9085-d39f71526c22" testId="a67eda8e-60c9-7fd8-e9ee-000d76167ad7" testName="ZapretManager.Tests.Updates.HashVerifierTests.ComputeHashAsync_ReturnsLowercaseHex" computerName="MITYA-GRIB" duration="00:00:00.0063346" startTime="2026-05-22T11:33:43.9440599+03:00" endTime="2026-05-22T11:33:43.9440605+03:00" testType="13cdc9d9-ddb5-4fa4-a97d-d965ccfc6d4b" outcome="Passed" testListId="8c84fa94-04c1-424b-9868-57a2d4851a1d" relativeResultsDirectory="d3a090d3-f48f-4a17-9085-d39f71526c22" />
    <UnitTestResult executionId="1e681ff3-5e5a-4407-ad3a-8af1cea87d4e" testId="3f69f9be-6ad4-fdaa-05e6-192205ca0984" testName="ZapretManager.Tests.Core.AppConfigTests.Load_MissingFile_ReturnsDefaults" computerName="MITYA-GRIB" duration="00:00:00.0016503" startTime="2026-05-22T11:33:43.9330813+03:00" endTime="2026-05-22T11:33:43.9330819+03:00" testType="13cdc9d9-ddb5-4fa4-a97d-d965ccfc6d4b" outcome="Passed" testListId="8c84fa94-04c1-424b-9868-57a2d4851a1d" relativeResultsDirectory="1e681ff3-5e5a-4407-ad3a-8af1cea87d4e" />
    <UnitTestResult executionId="7d0dc77f-2077-4733-b616-ec181bb91555" testId="56d9741f-b9f5-deda-194d-7025b3696f9d" testName="ZapretManager.Tests.Updates.UpdateCheckerTests.IsNewerVersion_ReturnsExpected(remote: &quot;2.5.1&quot;, local: &quot;2.5.0&quot;, expected: True)" computerName="MITYA-GRIB" duration="00:00:00.0000053" startTime="2026-05-22T11:33:43.9239759+03:00" endTime="2026-05-22T11:33:43.9239762+03:00" testType="13cdc9d9-ddb5-4fa4-a97d-d965ccfc6d4b" outcome="Passed" testListId="8c84fa94-04c1-424b-9868-57a2d4851a1d" relativeResultsDirectory="7d0dc77f-2077-4733-b616-ec181bb91555" />
    <UnitTestResult executionId="a1973c43-903f-42ed-af20-541698fd616d" testId="19454db4-de16-191f-9c43-9735bdbaa7fe" testName="ZapretManager.Tests.Updates.HashVerifierTests.ComputeHashAsync_SameContent_SameHash" computerName="MITYA-GRIB" duration="00:00:00.0122173" startTime="2026-05-22T11:33:43.9358192+03:00" endTime="2026-05-22T11:33:43.9358197+03:00" testType="13cdc9d9-ddb5-4fa4-a97d-d965ccfc6d4b" outcome="Passed" testListId="8c84fa94-04c1-424b-9868-57a2d4851a1d" relativeResultsDirectory="a1973c43-903f-42ed-af20-541698fd616d" />
    <UnitTestResult executionId="79e76cd6-8b92-4e19-a131-3b7cf163ff4b" testId="11b46009-150e-368c-de94-341585a5270f" testName="ZapretManager.Tests.Service.BackupManagerTests.CreateBackup_CreatesZipFile" computerName="MITYA-GRIB" duration="00:00:00.0123279" startTime="2026-05-22T11:33:43.9272185+03:00" endTime="2026-05-22T11:33:43.9272186+03:00" testType="13cdc9d9-ddb5-4fa4-a97d-d965ccfc6d4b" outcome="Passed" testListId="8c84fa94-04c1-424b-9868-57a2d4851a1d" relativeResultsDirectory="79e76cd6-8b92-4e19-a131-3b7cf163ff4b" />
    <UnitTestResult executionId="f840071d-aebb-4f78-8db7-6a6ba5a232e4" testId="cf8e82d9-9d5d-5fed-050b-04dd9374e9ba" testName="ZapretManager.Tests.Updates.UpdateCheckerTests.IsNewerVersion_ReturnsExpected(remote: &quot;2.4.9&quot;, local: &quot;2.5.0&quot;, expected: False)" computerName="MITYA-GRIB" duration="00:00:00.0000035" startTime="2026-05-22T11:33:43.9240357+03:00" endTime="2026-05-22T11:33:43.9240359+03:00" testType="13cdc9d9-ddb5-4fa4-a97d-d965ccfc6d4b" outcome="Passed" testListId="8c84fa94-04c1-424b-9868-57a2d4851a1d" relativeResultsDirectory="f840071d-aebb-4f78-8db7-6a6ba5a232e4" />
    <UnitTestResult executionId="e4b8a6bd-745a-4745-ba16-b1fa8d7b241f" testId="ac97fe78-eea5-f8ef-10a8-38872c57abcb" testName="ZapretManager.Tests.Lists.ListMergerTests.Merge_NewFile_ReturnsNewLines" computerName="MITYA-GRIB" duration="00:00:00.0020494" startTime="2026-05-22T11:33:43.9284030+03:00" endTime="2026-05-22T11:33:43.9284031+03:00" testType="13cdc9d9-ddb5-4fa4-a97d-d965ccfc6d4b" outcome="Passed" testListId="8c84fa94-04c1-424b-9868-57a2d4851a1d" relativeResultsDirectory="e4b8a6bd-745a-4745-ba16-b1fa8d7b241f" />
    <UnitTestResult executionId="acbe5d0f-560c-4e8e-9634-b3021a4f778a" testId="2b151007-0d73-6316-9468-859f9e871143" testName="ZapretManager.Tests.Updates.UpdateCheckerTests.IsNewerVersion_ReturnsExpected(remote: &quot;2.5.0&quot;, local: &quot;2.5.0&quot;, expected: False)" computerName="MITYA-GRIB" duration="00:00:00.0111385" startTime="2026-05-22T11:33:43.8727111+03:00" endTime="2026-05-22T11:33:43.8727402+03:00" testType="13cdc9d9-ddb5-4fa4-a97d-d965ccfc6d4b" outcome="Passed" testListId="8c84fa94-04c1-424b-9868-57a2d4851a1d" relativeResultsDirectory="acbe5d0f-560c-4e8e-9634-b3021a4f778a" />
    <UnitTestResult executionId="eca70f79-bee8-43d8-8988-3207496a08da" testId="5cf201fd-48b0-e922-3a38-ce8bada57b78" testName="ZapretManager.Tests.Lists.ListMergerTests.WriteUtf8_WritesWithoutBom" computerName="MITYA-GRIB" duration="00:00:00.0123267" startTime="2026-05-22T11:33:43.9748125+03:00" endTime="2026-05-22T11:33:43.9748130+03:00" testType="13cdc9d9-ddb5-4fa4-a97d-d965ccfc6d4b" outcome="Passed" testListId="8c84fa94-04c1-424b-9868-57a2d4851a1d" relativeResultsDirectory="eca70f79-bee8-43d8-8988-3207496a08da" />
    <UnitTestResult executionId="64e15032-556f-4df5-bf69-2245110c6b72" testId="429c9d05-be0c-99fa-43e4-84187a1c1e54" testName="ZapretManager.Tests.Lists.ListMergerTests.Merge_PreservesComments" computerName="MITYA-GRIB" duration="00:00:00.0032786" startTime="2026-05-22T11:33:43.9270588+03:00" endTime="2026-05-22T11:33:43.9270589+03:00" testType="13cdc9d9-ddb5-4fa4-a97d-d965ccfc6d4b" outcome="Passed" testListId="8c84fa94-04c1-424b-9868-57a2d4851a1d" relativeResultsDirectory="64e15032-556f-4df5-bf69-2245110c6b72" />
    <UnitTestResult executionId="55116633-54a5-4315-bbed-d26f032cf444" testId="c45ce7a3-aa7a-5f35-f3b8-a98b72e43537" testName="ZapretManager.Tests.Service.BackupManagerTests.ListBackups_AfterCreate_ReturnsSingleBackup" computerName="MITYA-GRIB" duration="00:00:00.0158219" startTime="2026-05-22T11:33:43.9383180+03:00" endTime="2026-05-22T11:33:43.9383185+03:00" testType="13cdc9d9-ddb5-4fa4-a97d-d965ccfc6d4b" outcome="Passed" testListId="8c84fa94-04c1-424b-9868-57a2d4851a1d" relativeResultsDirectory="55116633-54a5-4315-bbed-d26f032cf444" />
    <UnitTestResult executionId="711b302c-2dee-4995-b676-a4dd042d5d5d" testId="e4e19066-fd8d-36d1-900c-a4140591004b" testName="ZapretManager.Tests.Lists.ListMergerTests.Merge_ExistingFile_PreservesOldLines" computerName="MITYA-GRIB" duration="00:00:00.0037733" startTime="2026-05-22T11:33:43.9281053+03:00" endTime="2026-05-22T11:33:43.9281053+03:00" testType="13cdc9d9-ddb5-4fa4-a97d-d965ccfc6d4b" outcome="Passed" testListId="8c84fa94-04c1-424b-9868-57a2d4851a1d" relativeResultsDirectory="711b302c-2dee-4995-b676-a4dd042d5d5d" />
    <UnitTestResult executionId="e9c3d71d-20a3-4f92-a4d5-593fe846721f" testId="408cd4bd-230f-208b-a9a5-ad7cc110282c" testName="ZapretManager.Tests.Updates.UpdateCheckerTests.IsNewerVersion_ReturnsExpected(remote: null, local: &quot;2.5.0&quot;, expected: False)" computerName="MITYA-GRIB" duration="00:00:00.0000059" startTime="2026-05-22T11:33:43.8792741+03:00" endTime="2026-05-22T11:33:43.8792741+03:00" testType="13cdc9d9-ddb5-4fa4-a97d-d965ccfc6d4b" outcome="Passed" testListId="8c84fa94-04c1-424b-9868-57a2d4851a1d" relativeResultsDirectory="e9c3d71d-20a3-4f92-a4d5-593fe846721f" />
    <UnitTestResult executionId="44a91eef-38e4-46fb-9399-1d7755a93c27" testId="685732bf-f036-bfe4-7d4e-2827693848b0" testName="ZapretManager.Tests.Lists.ListMergerTests.ReplaceWithOrigin_PreservesUserAddedEntries" computerName="MITYA-GRIB" duration="00:00:00.0208770" startTime="2026-05-22T11:33:43.8786438+03:00" endTime="2026-05-22T11:33:43.8786440+03:00" testType="13cdc9d9-ddb5-4fa4-a97d-d965ccfc6d4b" outcome="Passed" testListId="8c84fa94-04c1-424b-9868-57a2d4851a1d" relativeResultsDirectory="44a91eef-38e4-46fb-9399-1d7755a93c27" />
    <UnitTestResult executionId="5dd20390-acfc-40a1-b600-0a371c85a497" testId="ecc6e109-045c-98a4-20d9-fadd4e027c5e" testName="ZapretManager.Tests.Core.AppConfigTests.Load_ValidJson_DeserializesCorrectly" computerName="MITYA-GRIB" duration="00:00:00.0680803" startTime="2026-05-22T11:33:43.9283323+03:00" endTime="2026-05-22T11:33:43.9283324+03:00" testType="13cdc9d9-ddb5-4fa4-a97d-d965ccfc6d4b" outcome="Passed" testListId="8c84fa94-04c1-424b-9868-57a2d4851a1d" relativeResultsDirectory="5dd20390-acfc-40a1-b600-0a371c85a497" />
    <UnitTestResult executionId="e19772a1-ae3d-46ba-89fd-2aaf05ae1a0a" testId="07029d4b-5681-3086-24ea-6e9f26ae5457" testName="ZapretManager.Tests.Service.BackupManagerTests.ListBackups_OrderedNewestFirst" computerName="MITYA-GRIB" duration="00:00:01.1232368" startTime="2026-05-22T11:33:45.0910585+03:00" endTime="2026-05-22T11:33:45.0910589+03:00" testType="13cdc9d9-ddb5-4fa4-a97d-d965ccfc6d4b" outcome="Passed" testListId="8c84fa94-04c1-424b-9868-57a2d4851a1d" relativeResultsDirectory="e19772a1-ae3d-46ba-89fd-2aaf05ae1a0a" />
    <UnitTestResult executionId="2621668e-f53f-47bc-9459-487caa969727" testId="6645c9d4-a101-d474-0e91-21f3aa494d98" testName="ZapretManager.Tests.Lists.ListMergerTests.Merge_RemovesDuplicates_CaseInsensitive" computerName="MITYA-GRIB" duration="00:00:00.0040545" startTime="2026-05-22T11:33:43.9282702+03:00" endTime="2026-05-22T11:33:43.9282703+03:00" testType="13cdc9d9-ddb5-4fa4-a97d-d965ccfc6d4b" outcome="Passed" testListId="8c84fa94-04c1-424b-9868-57a2d4851a1d" relativeResultsDirectory="2621668e-f53f-47bc-9459-487caa969727" />
    <UnitTestResult executionId="f606bf29-3413-4481-99da-9cb75f9ddc02" testId="88e83f7b-0619-6c41-ca20-dfe89482952c" testName="ZapretManager.Tests.Service.BackupManagerTests.RestoreBackup_ValidZip_ReturnsTrueAndRestoresFile" computerName="MITYA-GRIB" duration="00:00:00.0221620" startTime="2026-05-22T11:33:43.9675029+03:00" endTime="2026-05-22T11:33:43.9675035+03:00" testType="13cdc9d9-ddb5-4fa4-a97d-d965ccfc6d4b" outcome="Passed" testListId="8c84fa94-04c1-424b-9868-57a2d4851a1d" relativeResultsDirectory="f606bf29-3413-4481-99da-9cb75f9ddc02" />
    <UnitTestResult executionId="c58a0cd4-5a8d-4b9d-b379-af25a7360efb" testId="af91dae1-6c42-f97d-4a64-972dd881c0cd" testName="ZapretManager.Tests.Lists.ListMergerTests.WriteUtf8_RoundTrip_PreservesContent" computerName="MITYA-GRIB" duration="00:00:00.0439089" startTime="2026-05-22T11:33:43.9623233+03:00" endTime="2026-05-22T11:33:43.9623237+03:00" testType="13cdc9d9-ddb5-4fa4-a97d-d965ccfc6d4b" outcome="Passed" testListId="8c84fa94-04c1-424b-9868-57a2d4851a1d" relativeResultsDirectory="c58a0cd4-5a8d-4b9d-b379-af25a7360efb" />
    <UnitTestResult executionId="6a28a7a7-2193-4f34-a749-e762ac38b212" testId="33e9f2b5-949a-af0d-b435-cc1d7b980c50" testName="ZapretManager.Tests.Updates.HashVerifierTests.VerifyAsync_WrongHash_ReturnsFalse" computerName="MITYA-GRIB" duration="00:00:00.0084051" startTime="2026-05-22T11:33:43.9298245+03:00" endTime="2026-05-22T11:33:43.9298246+03:00" testType="13cdc9d9-ddb5-4fa4-a97d-d965ccfc6d4b" outcome="Passed" testListId="8c84fa94-04c1-424b-9868-57a2d4851a1d" relativeResultsDirectory="6a28a7a7-2193-4f34-a749-e762ac38b212" />
    <UnitTestResult executionId="1268ab51-d716-4e29-aee0-8437a73d439d" testId="10262751-b318-5990-0215-15d860562f98" testName="ZapretManager.Tests.Updates.UpdateCheckerTests.IsNewerVersion_ReturnsExpected(remote: null, local: null, expected: False)" computerName="MITYA-GRIB" duration="00:00:00.0003126" startTime="2026-05-22T11:33:43.8791057+03:00" endTime="2026-05-22T11:33:43.8791058+03:00" testType="13cdc9d9-ddb5-4fa4-a97d-d965ccfc6d4b" outcome="Passed" testListId="8c84fa94-04c1-424b-9868-57a2d4851a1d" relativeResultsDirectory="1268ab51-d716-4e29-aee0-8437a73d439d" />
    <UnitTestResult executionId="d9e958d6-8ecb-4735-8882-7a35459e219b" testId="2e77bd0f-3a47-c4be-c627-d56b894dcd2f" testName="ZapretManager.Tests.Lists.ListMergerTests.WriteUtf8_CreatesParentDirectory" computerName="MITYA-GRIB" duration="00:00:00.0033133" startTime="2026-05-22T11:33:43.9280051+03:00" endTime="2026-05-22T11:33:43.9280053+03:00" testType="13cdc9d9-ddb5-4fa4-a97d-d965ccfc6d4b" outcome="Passed" testListId="8c84fa94-04c1-424b-9868-57a2d4851a1d" relativeResultsDirectory="d9e958d6-8ecb-4735-8882-7a35459e219b" />
    <UnitTestResult executionId="99ebe12e-8364-4a3b-8fc4-d4795e7cb990" testId="e30a4341-92c5-808f-6486-e27eac1bd58e" testName="ZapretManager.Tests.Service.BackupManagerTests.ListBackups_EmptyDirectory_ReturnsEmptyArray" computerName="MITYA-GRIB" duration="00:00:00.0088962" startTime="2026-05-22T11:33:43.9268332+03:00" endTime="2026-05-22T11:33:43.9268332+03:00" testType="13cdc9d9-ddb5-4fa4-a97d-d965ccfc6d4b" outcome="Passed" testListId="8c84fa94-04c1-424b-9868-57a2d4851a1d" relativeResultsDirectory="99ebe12e-8364-4a3b-8fc4-d4795e7cb990" />
    <UnitTestResult executionId="6cfa4133-d76e-4057-ad2b-dcb69e0d72a3" testId="5a016c64-88c3-4551-dadc-9038d54be89c" testName="ZapretManager.Tests.Lists.ListMergerTests.Merge_EmptyLines_NotDuplicated" computerName="MITYA-GRIB" duration="00:00:00.0053168" startTime="2026-05-22T11:33:43.9244794+03:00" endTime="2026-05-22T11:33:43.9244794+03:00" testType="13cdc9d9-ddb5-4fa4-a97d-d965ccfc6d4b" outcome="Passed" testListId="8c84fa94-04c1-424b-9868-57a2d4851a1d" relativeResultsDirectory="6cfa4133-d76e-4057-ad2b-dcb69e0d72a3" />
    <UnitTestResult executionId="e2609c3b-45df-4003-9993-efab9aaa5cb1" testId="bd35ae35-54d3-d7c4-f120-01356e352ee2" testName="ZapretManager.Tests.Core.AppConfigTests.Load_EmptyJson_ReturnsDefaults" computerName="MITYA-GRIB" duration="00:00:00.0027916" startTime="2026-05-22T11:33:43.9297509+03:00" endTime="2026-05-22T11:33:43.9297510+03:00" testType="13cdc9d9-ddb5-4fa4-a97d-d965ccfc6d4b" outcome="Passed" testListId="8c84fa94-04c1-424b-9868-57a2d4851a1d" relativeResultsDirectory="e2609c3b-45df-4003-9993-efab9aaa5cb1" />
    <UnitTestResult executionId="cfe48207-f4a2-409e-94fc-41c989c33b1e" testId="522e1b6d-7212-8ac5-8fcc-2d54b3b5057b" testName="ZapretManager.Tests.Updates.UpdateCheckerTests.IsNewerVersion_ReturnsExpected(remote: &quot;2.5.0&quot;, local: null, expected: False)" computerName="MITYA-GRIB" duration="00:00:00.0000044" startTime="2026-05-22T11:33:43.9237150+03:00" endTime="2026-05-22T11:33:43.9237151+03:00" testType="13cdc9d9-ddb5-4fa4-a97d-d965ccfc6d4b" outcome="Passed" testListId="8c84fa94-04c1-424b-9868-57a2d4851a1d" relativeResultsDirectory="cfe48207-f4a2-409e-94fc-41c989c33b1e" />
    <UnitTestResult executionId="87045415-22c3-42f5-9765-b47eda3118cc" testId="d6faa7a6-d3bd-a83e-46f4-918a575f300a" testName="ZapretManager.Tests.Service.BackupManagerTests.RestoreBackup_MissingFile_ReturnsFalse" computerName="MITYA-GRIB" duration="00:00:00.0066427" startTime="2026-05-22T11:33:43.9451348+03:00" endTime="2026-05-22T11:33:43.9451352+03:00" testType="13cdc9d9-ddb5-4fa4-a97d-d965ccfc6d4b" outcome="Passed" testListId="8c84fa94-04c1-424b-9868-57a2d4851a1d" relativeResultsDirectory="87045415-22c3-42f5-9765-b47eda3118cc" />
    <UnitTestResult executionId="a8cb46fd-c626-4570-867e-ecaf9888cca6" testId="909692b3-bbbc-ee15-bd40-64f9deaf29a5" testName="ZapretManager.Tests.Updates.UpdateCheckerTests.IsNewerVersion_HandlesVPrefix(remote: &quot;v2.5.1&quot;, local: &quot;2.5.0&quot;, expected: True)" computerName="MITYA-GRIB" duration="00:00:00.0007566" startTime="2026-05-22T11:33:43.9241616+03:00" endTime="2026-05-22T11:33:43.9241617+03:00" testType="13cdc9d9-ddb5-4fa4-a97d-d965ccfc6d4b" outcome="Passed" testListId="8c84fa94-04c1-424b-9868-57a2d4851a1d" relativeResultsDirectory="a8cb46fd-c626-4570-867e-ecaf9888cca6" />
    <UnitTestResult executionId="242af3e9-7371-49ff-83f3-30456f613b27" testId="c37c0ef9-184d-bb5e-6de8-bb8987c0025a" testName="ZapretManager.Tests.Updates.UpdateCheckerTests.IsNewerVersion_HandlesInvalidVersions(remote: &quot;2.5.0&quot;, local: &quot;&quot;, expected: False)" computerName="MITYA-GRIB" duration="00:00:00.0002766" startTime="2026-05-22T11:33:43.9243863+03:00" endTime="2026-05-22T11:33:43.9243864+03:00" testType="13cdc9d9-ddb5-4fa4-a97d-d965ccfc6d4b" outcome="Passed" testListId="8c84fa94-04c1-424b-9868-57a2d4851a1d" relativeResultsDirectory="242af3e9-7371-49ff-83f3-30456f613b27" />
    <UnitTestResult executionId="5480761c-347e-4fdb-8f19-7028af1eff52" testId="66e6b8bf-4526-043c-4c9d-a92f441bcc55" testName="ZapretManager.Tests.Service.BackupManagerTests.CreateBackup_Rotation_KeepsOnlyN" computerName="MITYA-GRIB" duration="00:00:04.4824292" startTime="2026-05-22T11:33:49.5738009+03:00" endTime="2026-05-22T11:33:49.5738015+03:00" testType="13cdc9d9-ddb5-4fa4-a97d-d965ccfc6d4b" outcome="Passed" testListId="8c84fa94-04c1-424b-9868-57a2d4851a1d" relativeResultsDirectory="5480761c-347e-4fdb-8f19-7028af1eff52" />
    <UnitTestResult executionId="478068c4-dd66-47c7-b203-eca3c86fa7f3" testId="6e069a41-d59e-2718-0274-79f9b30679b7" testName="ZapretManager.Tests.Updates.UpdateCheckerTests.IsNewerVersion_ReturnsExpected(remote: &quot;2.6.0&quot;, local: &quot;2.5.0&quot;, expected: True)" computerName="MITYA-GRIB" duration="00:00:00.0000193" startTime="2026-05-22T11:33:43.8792138+03:00" endTime="2026-05-22T11:33:43.8792139+03:00" testType="13cdc9d9-ddb5-4fa4-a97d-d965ccfc6d4b" outcome="Passed" testListId="8c84fa94-04c1-424b-9868-57a2d4851a1d" relativeResultsDirectory="478068c4-dd66-47c7-b203-eca3c86fa7f3" />
    <UnitTestResult executionId="9c844529-6760-4fbe-a194-f1c4065e8b44" testId="b2ac25fa-d82d-5244-14d4-bef8b4e6ac98" testName="ZapretManager.Tests.Updates.UpdateCheckerTests.IsNewerVersion_HandlesInvalidVersions(remote: &quot;&quot;, local: &quot;2.5.0&quot;, expected: False)" computerName="MITYA-GRIB" duration="00:00:00.0013831" startTime="2026-05-22T11:33:43.9243291+03:00" endTime="2026-05-22T11:33:43.9243292+03:00" testType="13cdc9d9-ddb5-4fa4-a97d-d965ccfc6d4b" outcome="Passed" testListId="8c84fa94-04c1-424b-9868-57a2d4851a1d" relativeResultsDirectory="9c844529-6760-4fbe-a194-f1c4065e8b44" />
    <UnitTestResult executionId="9669a997-2c9d-4254-9b3c-cf7902b2eb59" testId="c5dab717-ba6c-368e-b26c-acc97d540263" testName="ZapretManager.Tests.Updates.UpdateCheckerTests.IsNewerVersion_ReturnsExpected(remote: &quot;3.0.0&quot;, local: &quot;2.5.0&quot;, expected: True)" computerName="MITYA-GRIB" duration="00:00:00.0000040" startTime="2026-05-22T11:33:43.9240893+03:00" endTime="2026-05-22T11:33:43.9240893+03:00" testType="13cdc9d9-ddb5-4fa4-a97d-d965ccfc6d4b" outcome="Passed" testListId="8c84fa94-04c1-424b-9868-57a2d4851a1d" relativeResultsDirectory="9669a997-2c9d-4254-9b3c-cf7902b2eb59" />
    <UnitTestResult executionId="b98d23d3-05a1-498c-b10b-3c1fe8dddc77" testId="bca8db57-aafe-04dd-7d78-dbc99b5946e1" testName="ZapretManager.Tests.Updates.HashVerifierTests.ComputeHashAsync_DifferentContent_DifferentHash" computerName="MITYA-GRIB" duration="00:00:00.0157225" startTime="2026-05-22T11:33:43.9281898+03:00" endTime="2026-05-22T11:33:43.9281898+03:00" testType="13cdc9d9-ddb5-4fa4-a97d-d965ccfc6d4b" outcome="Passed" testListId="8c84fa94-04c1-424b-9868-57a2d4851a1d" relativeResultsDirectory="b98d23d3-05a1-498c-b10b-3c1fe8dddc77" />
    <UnitTestResult executionId="5c1bf4ab-b9b0-457a-8af8-254d4f89195a" testId="160e1fb2-a6d0-9e87-4c99-a5c3814016d3" testName="ZapretManager.Tests.Updates.UpdateCheckerTests.IsNewerVersion_HandlesVPrefix(remote: &quot;V2.5.1&quot;, local: &quot;2.5.0&quot;, expected: True)" computerName="MITYA-GRIB" duration="00:00:00.0000090" startTime="2026-05-22T11:33:43.9242568+03:00" endTime="2026-05-22T11:33:43.9242568+03:00" testType="13cdc9d9-ddb5-4fa4-a97d-d965ccfc6d4b" outcome="Passed" testListId="8c84fa94-04c1-424b-9868-57a2d4851a1d" relativeResultsDirectory="5c1bf4ab-b9b0-457a-8af8-254d4f89195a" />
    <UnitTestResult executionId="ebb4f36c-f6c3-4913-b722-d4fa46bc8ae2" testId="fc419844-0d41-63a8-4383-cec71729d42f" testName="ZapretManager.Tests.Core.AppConfigTests.Load_WatchdogConfig_HasSensibleDefaults" computerName="MITYA-GRIB" duration="00:00:00.0018544" startTime="2026-05-22T11:33:43.9285012+03:00" endTime="2026-05-22T11:33:43.9285013+03:00" testType="13cdc9d9-ddb5-4fa4-a97d-d965ccfc6d4b" outcome="Passed" testListId="8c84fa94-04c1-424b-9868-57a2d4851a1d" relativeResultsDirectory="ebb4f36c-f6c3-4913-b722-d4fa46bc8ae2" />
    <UnitTestResult executionId="1bc6083a-3e99-4689-bb8b-61ae3feda4e4" testId="b7ec2304-d10f-0055-cda7-2bb95ac32a86" testName="ZapretManager.Tests.Lists.ListMergerTests.ReplaceWithOrigin_OriginEntriesAlwaysPresent" computerName="MITYA-GRIB" duration="00:00:00.0173959" startTime="2026-05-22T11:33:43.9269142+03:00" endTime="2026-05-22T11:33:43.9269143+03:00" testType="13cdc9d9-ddb5-4fa4-a97d-d965ccfc6d4b" outcome="Passed" testListId="8c84fa94-04c1-424b-9868-57a2d4851a1d" relativeResultsDirectory="1bc6083a-3e99-4689-bb8b-61ae3feda4e4" />
    <UnitTestResult executionId="e24f6a33-9903-417c-84d5-828030f0527f" testId="d53e95c9-a148-1d0d-4567-56d2a77e7f34" testName="ZapretManager.Tests.Service.BackupManagerTests.CreateBackup_ZipContainsExpectedFiles" computerName="MITYA-GRIB" duration="00:00:00.0165909" startTime="2026-05-22T11:33:43.9296656+03:00" endTime="2026-05-22T11:33:43.9296659+03:00" testType="13cdc9d9-ddb5-4fa4-a97d-d965ccfc6d4b" outcome="Passed" testListId="8c84fa94-04c1-424b-9868-57a2d4851a1d" relativeResultsDirectory="e24f6a33-9903-417c-84d5-828030f0527f" />
    <UnitTestResult executionId="5347f6ef-5433-4224-9e9e-eeb652586d35" testId="457a5a54-d419-b0fe-3939-785a3293e96e" testName="ZapretManager.Tests.Updates.UpdateCheckerTests.IsNewerVersion_HandlesVPrefix(remote: &quot;2.5.0&quot;, local: &quot;v2.5.0&quot;, expected: False)" computerName="MITYA-GRIB" duration="00:00:00.0002370" startTime="2026-05-22T11:33:43.9242126+03:00" endTime="2026-05-22T11:33:43.9242127+03:00" testType="13cdc9d9-ddb5-4fa4-a97d-d965ccfc6d4b" outcome="Passed" testListId="8c84fa94-04c1-424b-9868-57a2d4851a1d" relativeResultsDirectory="5347f6ef-5433-4224-9e9e-eeb652586d35" />
    <UnitTestResult executionId="eab3da8f-d797-4a88-a357-0d1cecc387d1" testId="55342c5f-6882-d4c0-541c-0528ff0a9c0b" testName="ZapretManager.Tests.Core.AppConfigTests.Load_BrokenJson_ReturnsDefaults" computerName="MITYA-GRIB" duration="00:00:00.0066537" startTime="2026-05-22T11:33:43.9391831+03:00" endTime="2026-05-22T11:33:43.9391832+03:00" testType="13cdc9d9-ddb5-4fa4-a97d-d965ccfc6d4b" outcome="Passed" testListId="8c84fa94-04c1-424b-9868-57a2d4851a1d" relativeResultsDirectory="eab3da8f-d797-4a88-a357-0d1cecc387d1" />
    <UnitTestResult executionId="6508a78e-e49a-429a-a0b2-a01134f275d8" testId="29e98d00-8961-6206-9fe4-9fd60c01ce74" testName="ZapretManager.Tests.Updates.HashVerifierTests.VerifyAsync_EmptyExpected_ThrowsArgumentException" computerName="MITYA-GRIB" duration="00:00:00.0161062" startTime="2026-05-22T11:33:43.9619368+03:00" endTime="2026-05-22T11:33:43.9619374+03:00" testType="13cdc9d9-ddb5-4fa4-a97d-d965ccfc6d4b" outcome="Passed" testListId="8c84fa94-04c1-424b-9868-57a2d4851a1d" relativeResultsDirectory="6508a78e-e49a-429a-a0b2-a01134f275d8" />
    <UnitTestResult executionId="bf6c8549-a850-4caa-8333-f0b8f6d1704a" testId="99edc2df-4cab-5be7-30ab-5e9e46355321" testName="ZapretManager.Tests.Service.BackupManagerTests.CreateBackup_ReturnsNonNullPath" computerName="MITYA-GRIB" duration="00:00:00.0344820" startTime="2026-05-22T11:33:43.9267261+03:00" endTime="2026-05-22T11:33:43.9267263+03:00" testType="13cdc9d9-ddb5-4fa4-a97d-d965ccfc6d4b" outcome="Passed" testListId="8c84fa94-04c1-424b-9868-57a2d4851a1d" relativeResultsDirectory="bf6c8549-a850-4caa-8333-f0b8f6d1704a" />
  </Results>
  <TestDefinitions>
    <UnitTest name="ZapretManager.Tests.Updates.UpdateCheckerTests.IsNewerVersion_HandlesVPrefix(remote: &quot;v2.5.1&quot;, local: &quot;2.5.0&quot;, expected: True)" storage="c:\users\knyshovdmitry\downloads\12345-main\12345-main\src\zapretmanager.tests\bin\release\net8.0-windows\zapretmanager.tests.dll" id="909692b3-bbbc-ee15-bd40-64f9deaf29a5">
      <Execution id="a8cb46fd-c626-4570-867e-ecaf9888cca6" />
      <TestMethod codeBase="C:\Users\KnyshovDmitry\Downloads\12345-main\12345-main\src\ZapretManager.Tests\bin\Release\net8.0-windows\ZapretManager.Tests.dll" adapterTypeName="executor://xunit/VsTestRunner2/netcoreapp" className="ZapretManager.Tests.Updates.UpdateCheckerTests" name="IsNewerVersion_HandlesVPrefix" />
    </UnitTest>
    <UnitTest name="ZapretManager.Tests.Updates.UpdateCheckerTests.IsNewerVersion_HandlesInvalidVersions(remote: &quot;2.5.0&quot;, local: &quot;&quot;, expected: False)" storage="c:\users\knyshovdmitry\downloads\12345-main\12345-main\src\zapretmanager.tests\bin\release\net8.0-windows\zapretmanager.tests.dll" id="c37c0ef9-184d-bb5e-6de8-bb8987c0025a">
      <Execution id="242af3e9-7371-49ff-83f3-30456f613b27" />
      <TestMethod codeBase="C:\Users\KnyshovDmitry\Downloads\12345-main\12345-main\src\ZapretManager.Tests\bin\Release\net8.0-windows\ZapretManager.Tests.dll" adapterTypeName="executor://xunit/VsTestRunner2/netcoreapp" className="ZapretManager.Tests.Updates.UpdateCheckerTests" name="IsNewerVersion_HandlesInvalidVersions" />
    </UnitTest>
    <UnitTest name="ZapretManager.Tests.Service.BackupManagerTests.ListBackups_OrderedNewestFirst" storage="c:\users\knyshovdmitry\downloads\12345-main\12345-main\src\zapretmanager.tests\bin\release\net8.0-windows\zapretmanager.tests.dll" id="07029d4b-5681-3086-24ea-6e9f26ae5457">
      <Execution id="e19772a1-ae3d-46ba-89fd-2aaf05ae1a0a" />
      <TestMethod codeBase="C:\Users\KnyshovDmitry\Downloads\12345-main\12345-main\src\ZapretManager.Tests\bin\Release\net8.0-windows\ZapretManager.Tests.dll" adapterTypeName="executor://xunit/VsTestRunner2/netcoreapp" className="ZapretManager.Tests.Service.BackupManagerTests" name="ListBackups_OrderedNewestFirst" />
    </UnitTest>
    <UnitTest name="ZapretManager.Tests.Updates.UpdateCheckerTests.IsNewerVersion_HandlesVPrefix(remote: &quot;2.5.0&quot;, local: &quot;v2.5.0&quot;, expected: False)" storage="c:\users\knyshovdmitry\downloads\12345-main\12345-main\src\zapretmanager.tests\bin\release\net8.0-windows\zapretmanager.tests.dll" id="457a5a54-d419-b0fe-3939-785a3293e96e">
      <Execution id="5347f6ef-5433-4224-9e9e-eeb652586d35" />
      <TestMethod codeBase="C:\Users\KnyshovDmitry\Downloads\12345-main\12345-main\src\ZapretManager.Tests\bin\Release\net8.0-windows\ZapretManager.Tests.dll" adapterTypeName="executor://xunit/VsTestRunner2/netcoreapp" className="ZapretManager.Tests.Updates.UpdateCheckerTests" name="IsNewerVersion_HandlesVPrefix" />
    </UnitTest>
    <UnitTest name="ZapretManager.Tests.Updates.HashVerifierTests.VerifyAsync_EmptyExpected_ThrowsArgumentException" storage="c:\users\knyshovdmitry\downloads\12345-main\12345-main\src\zapretmanager.tests\bin\release\net8.0-windows\zapretmanager.tests.dll" id="29e98d00-8961-6206-9fe4-9fd60c01ce74">
      <Execution id="6508a78e-e49a-429a-a0b2-a01134f275d8" />
      <TestMethod codeBase="C:\Users\KnyshovDmitry\Downloads\12345-main\12345-main\src\ZapretManager.Tests\bin\Release\net8.0-windows\ZapretManager.Tests.dll" adapterTypeName="executor://xunit/VsTestRunner2/netcoreapp" className="ZapretManager.Tests.Updates.HashVerifierTests" name="VerifyAsync_EmptyExpected_ThrowsArgumentException" />
    </UnitTest>
    <UnitTest name="ZapretManager.Tests.Service.BackupManagerTests.CreateBackup_ReturnsNonNullPath" storage="c:\users\knyshovdmitry\downloads\12345-main\12345-main\src\zapretmanager.tests\bin\release\net8.0-windows\zapretmanager.tests.dll" id="99edc2df-4cab-5be7-30ab-5e9e46355321">
      <Execution id="bf6c8549-a850-4caa-8333-f0b8f6d1704a" />
      <TestMethod codeBase="C:\Users\KnyshovDmitry\Downloads\12345-main\12345-main\src\ZapretManager.Tests\bin\Release\net8.0-windows\ZapretManager.Tests.dll" adapterTypeName="executor://xunit/VsTestRunner2/netcoreapp" className="ZapretManager.Tests.Service.BackupManagerTests" name="CreateBackup_ReturnsNonNullPath" />
    </UnitTest>
    <UnitTest name="ZapretManager.Tests.Service.BackupManagerTests.CreateBackup_CreatesZipFile" storage="c:\users\knyshovdmitry\downloads\12345-main\12345-main\src\zapretmanager.tests\bin\release\net8.0-windows\zapretmanager.tests.dll" id="11b46009-150e-368c-de94-341585a5270f">
      <Execution id="79e76cd6-8b92-4e19-a131-3b7cf163ff4b" />
      <TestMethod codeBase="C:\Users\KnyshovDmitry\Downloads\12345-main\12345-main\src\ZapretManager.Tests\bin\Release\net8.0-windows\ZapretManager.Tests.dll" adapterTypeName="executor://xunit/VsTestRunner2/netcoreapp" className="ZapretManager.Tests.Service.BackupManagerTests" name="CreateBackup_CreatesZipFile" />
    </UnitTest>
    <UnitTest name="ZapretManager.Tests.Lists.ListMergerTests.Merge_PreservesComments" storage="c:\users\knyshovdmitry\downloads\12345-main\12345-main\src\zapretmanager.tests\bin\release\net8.0-windows\zapretmanager.tests.dll" id="429c9d05-be0c-99fa-43e4-84187a1c1e54">
      <Execution id="64e15032-556f-4df5-bf69-2245110c6b72" />
      <TestMethod codeBase="C:\Users\KnyshovDmitry\Downloads\12345-main\12345-main\src\ZapretManager.Tests\bin\Release\net8.0-windows\ZapretManager.Tests.dll" adapterTypeName="executor://xunit/VsTestRunner2/netcoreapp" className="ZapretManager.Tests.Lists.ListMergerTests" name="Merge_PreservesComments" />
    </UnitTest>
    <UnitTest name="ZapretManager.Tests.Updates.UpdateCheckerTests.IsNewerVersion_ReturnsExpected(remote: &quot;2.5.0&quot;, local: &quot;2.5.0&quot;, expected: False)" storage="c:\users\knyshovdmitry\downloads\12345-main\12345-main\src\zapretmanager.tests\bin\release\net8.0-windows\zapretmanager.tests.dll" id="2b151007-0d73-6316-9468-859f9e871143">
      <Execution id="acbe5d0f-560c-4e8e-9634-b3021a4f778a" />
      <TestMethod codeBase="C:\Users\KnyshovDmitry\Downloads\12345-main\12345-main\src\ZapretManager.Tests\bin\Release\net8.0-windows\ZapretManager.Tests.dll" adapterTypeName="executor://xunit/VsTestRunner2/netcoreapp" className="ZapretManager.Tests.Updates.UpdateCheckerTests" name="IsNewerVersion_ReturnsExpected" />
    </UnitTest>
    <UnitTest name="ZapretManager.Tests.Lists.ListMergerTests.ReplaceWithOrigin_PreservesUserAddedEntries" storage="c:\users\knyshovdmitry\downloads\12345-main\12345-main\src\zapretmanager.tests\bin\release\net8.0-windows\zapretmanager.tests.dll" id="685732bf-f036-bfe4-7d4e-2827693848b0">
      <Execution id="44a91eef-38e4-46fb-9399-1d7755a93c27" />
      <TestMethod codeBase="C:\Users\KnyshovDmitry\Downloads\12345-main\12345-main\src\ZapretManager.Tests\bin\Release\net8.0-windows\ZapretManager.Tests.dll" adapterTypeName="executor://xunit/VsTestRunner2/netcoreapp" className="ZapretManager.Tests.Lists.ListMergerTests" name="ReplaceWithOrigin_PreservesUserAddedEntries" />
    </UnitTest>
    <UnitTest name="ZapretManager.Tests.Updates.UpdateCheckerTests.IsNewerVersion_ReturnsExpected(remote: null, local: null, expected: False)" storage="c:\users\knyshovdmitry\downloads\12345-main\12345-main\src\zapretmanager.tests\bin\release\net8.0-windows\zapretmanager.tests.dll" id="10262751-b318-5990-0215-15d860562f98">
      <Execution id="1268ab51-d716-4e29-aee0-8437a73d439d" />
      <TestMethod codeBase="C:\Users\KnyshovDmitry\Downloads\12345-main\12345-main\src\ZapretManager.Tests\bin\Release\net8.0-windows\ZapretManager.Tests.dll" adapterTypeName="executor://xunit/VsTestRunner2/netcoreapp" className="ZapretManager.Tests.Updates.UpdateCheckerTests" name="IsNewerVersion_ReturnsExpected" />
    </UnitTest>
    <UnitTest name="ZapretManager.Tests.Lists.ListMergerTests.Merge_RemovesDuplicates_CaseInsensitive" storage="c:\users\knyshovdmitry\downloads\12345-main\12345-main\src\zapretmanager.tests\bin\release\net8.0-windows\zapretmanager.tests.dll" id="6645c9d4-a101-d474-0e91-21f3aa494d98">
      <Execution id="2621668e-f53f-47bc-9459-487caa969727" />
      <TestMethod codeBase="C:\Users\KnyshovDmitry\Downloads\12345-main\12345-main\src\ZapretManager.Tests\bin\Release\net8.0-windows\ZapretManager.Tests.dll" adapterTypeName="executor://xunit/VsTestRunner2/netcoreapp" className="ZapretManager.Tests.Lists.ListMergerTests" name="Merge_RemovesDuplicates_CaseInsensitive" />
    </UnitTest>
    <UnitTest name="ZapretManager.Tests.Core.AppConfigTests.Load_ValidJson_DeserializesCorrectly" storage="c:\users\knyshovdmitry\downloads\12345-main\12345-main\src\zapretmanager.tests\bin\release\net8.0-windows\zapretmanager.tests.dll" id="ecc6e109-045c-98a4-20d9-fadd4e027c5e">
      <Execution id="5dd20390-acfc-40a1-b600-0a371c85a497" />
      <TestMethod codeBase="C:\Users\KnyshovDmitry\Downloads\12345-main\12345-main\src\ZapretManager.Tests\bin\Release\net8.0-windows\ZapretManager.Tests.dll" adapterTypeName="executor://xunit/VsTestRunner2/netcoreapp" className="ZapretManager.Tests.Core.AppConfigTests" name="Load_ValidJson_DeserializesCorrectly" />
    </UnitTest>
    <UnitTest name="ZapretManager.Tests.Updates.UpdateCheckerTests.IsNewerVersion_HandlesInvalidVersions(remote: &quot;&quot;, local: &quot;2.5.0&quot;, expected: False)" storage="c:\users\knyshovdmitry\downloads\12345-main\12345-main\src\zapretmanager.tests\bin\release\net8.0-windows\zapretmanager.tests.dll" id="b2ac25fa-d82d-5244-14d4-bef8b4e6ac98">
      <Execution id="9c844529-6760-4fbe-a194-f1c4065e8b44" />
      <TestMethod codeBase="C:\Users\KnyshovDmitry\Downloads\12345-main\12345-main\src\ZapretManager.Tests\bin\Release\net8.0-windows\ZapretManager.Tests.dll" adapterTypeName="executor://xunit/VsTestRunner2/netcoreapp" className="ZapretManager.Tests.Updates.UpdateCheckerTests" name="IsNewerVersion_HandlesInvalidVersions" />
    </UnitTest>
    <UnitTest name="ZapretManager.Tests.Service.BackupManagerTests.CreateBackup_Rotation_KeepsOnlyN" storage="c:\users\knyshovdmitry\downloads\12345-main\12345-main\src\zapretmanager.tests\bin\release\net8.0-windows\zapretmanager.tests.dll" id="66e6b8bf-4526-043c-4c9d-a92f441bcc55">
      <Execution id="5480761c-347e-4fdb-8f19-7028af1eff52" />
      <TestMethod codeBase="C:\Users\KnyshovDmitry\Downloads\12345-main\12345-main\src\ZapretManager.Tests\bin\Release\net8.0-windows\ZapretManager.Tests.dll" adapterTypeName="executor://xunit/VsTestRunner2/netcoreapp" className="ZapretManager.Tests.Service.BackupManagerTests" name="CreateBackup_Rotation_KeepsOnlyN" />
    </UnitTest>
    <UnitTest name="ZapretManager.Tests.Lists.ListMergerTests.WriteUtf8_RoundTrip_PreservesContent" storage="c:\users\knyshovdmitry\downloads\12345-main\12345-main\src\zapretmanager.tests\bin\release\net8.0-windows\zapretmanager.tests.dll" id="af91dae1-6c42-f97d-4a64-972dd881c0cd">
      <Execution id="c58a0cd4-5a8d-4b9d-b379-af25a7360efb" />
      <TestMethod codeBase="C:\Users\KnyshovDmitry\Downloads\12345-main\12345-main\src\ZapretManager.Tests\bin\Release\net8.0-windows\ZapretManager.Tests.dll" adapterTypeName="executor://xunit/VsTestRunner2/netcoreapp" className="ZapretManager.Tests.Lists.ListMergerTests" name="WriteUtf8_RoundTrip_PreservesContent" />
    </UnitTest>
    <UnitTest name="ZapretManager.Tests.Core.AppConfigTests.Load_MissingFile_ReturnsDefaults" storage="c:\users\knyshovdmitry\downloads\12345-main\12345-main\src\zapretmanager.tests\bin\release\net8.0-windows\zapretmanager.tests.dll" id="3f69f9be-6ad4-fdaa-05e6-192205ca0984">
      <Execution id="1e681ff3-5e5a-4407-ad3a-8af1cea87d4e" />
      <TestMethod codeBase="C:\Users\KnyshovDmitry\Downloads\12345-main\12345-main\src\ZapretManager.Tests\bin\Release\net8.0-windows\ZapretManager.Tests.dll" adapterTypeName="executor://xunit/VsTestRunner2/netcoreapp" className="ZapretManager.Tests.Core.AppConfigTests" name="Load_MissingFile_ReturnsDefaults" />
    </UnitTest>
    <UnitTest name="ZapretManager.Tests.Updates.UpdateCheckerTests.IsNewerVersion_ReturnsExpected(remote: &quot;2.5.0&quot;, local: null, expected: False)" storage="c:\users\knyshovdmitry\downloads\12345-main\12345-main\src\zapretmanager.tests\bin\release\net8.0-windows\zapretmanager.tests.dll" id="522e1b6d-7212-8ac5-8fcc-2d54b3b5057b">
      <Execution id="cfe48207-f4a2-409e-94fc-41c989c33b1e" />
      <TestMethod codeBase="C:\Users\KnyshovDmitry\Downloads\12345-main\12345-main\src\ZapretManager.Tests\bin\Release\net8.0-windows\ZapretManager.Tests.dll" adapterTypeName="executor://xunit/VsTestRunner2/netcoreapp" className="ZapretManager.Tests.Updates.UpdateCheckerTests" name="IsNewerVersion_ReturnsExpected" />
    </UnitTest>
    <UnitTest name="ZapretManager.Tests.Updates.HashVerifierTests.VerifyAsync_WrongHash_ReturnsFalse" storage="c:\users\knyshovdmitry\downloads\12345-main\12345-main\src\zapretmanager.tests\bin\release\net8.0-windows\zapretmanager.tests.dll" id="33e9f2b5-949a-af0d-b435-cc1d7b980c50">
      <Execution id="6a28a7a7-2193-4f34-a749-e762ac38b212" />
      <TestMethod codeBase="C:\Users\KnyshovDmitry\Downloads\12345-main\12345-main\src\ZapretManager.Tests\bin\Release\net8.0-windows\ZapretManager.Tests.dll" adapterTypeName="executor://xunit/VsTestRunner2/netcoreapp" className="ZapretManager.Tests.Updates.HashVerifierTests" name="VerifyAsync_WrongHash_ReturnsFalse" />
    </UnitTest>
    <UnitTest name="ZapretManager.Tests.Updates.UpdateCheckerTests.IsNewerVersion_ReturnsExpected(remote: &quot;2.5.1&quot;, local: &quot;2.5.0&quot;, expected: True)" storage="c:\users\knyshovdmitry\downloads\12345-main\12345-main\src\zapretmanager.tests\bin\release\net8.0-windows\zapretmanager.tests.dll" id="56d9741f-b9f5-deda-194d-7025b3696f9d">
      <Execution id="7d0dc77f-2077-4733-b616-ec181bb91555" />
      <TestMethod codeBase="C:\Users\KnyshovDmitry\Downloads\12345-main\12345-main\src\ZapretManager.Tests\bin\Release\net8.0-windows\ZapretManager.Tests.dll" adapterTypeName="executor://xunit/VsTestRunner2/netcoreapp" className="ZapretManager.Tests.Updates.UpdateCheckerTests" name="IsNewerVersion_ReturnsExpected" />
    </UnitTest>
    <UnitTest name="ZapretManager.Tests.Service.BackupManagerTests.ListBackups_AfterCreate_ReturnsSingleBackup" storage="c:\users\knyshovdmitry\downloads\12345-main\12345-main\src\zapretmanager.tests\bin\release\net8.0-windows\zapretmanager.tests.dll" id="c45ce7a3-aa7a-5f35-f3b8-a98b72e43537">
      <Execution id="55116633-54a5-4315-bbed-d26f032cf444" />
      <TestMethod codeBase="C:\Users\KnyshovDmitry\Downloads\12345-main\12345-main\src\ZapretManager.Tests\bin\Release\net8.0-windows\ZapretManager.Tests.dll" adapterTypeName="executor://xunit/VsTestRunner2/netcoreapp" className="ZapretManager.Tests.Service.BackupManagerTests" name="ListBackups_AfterCreate_ReturnsSingleBackup" />
    </UnitTest>
    <UnitTest name="ZapretManager.Tests.Lists.ListMergerTests.ReplaceWithOrigin_OriginEntriesAlwaysPresent" storage="c:\users\knyshovdmitry\downloads\12345-main\12345-main\src\zapretmanager.tests\bin\release\net8.0-windows\zapretmanager.tests.dll" id="b7ec2304-d10f-0055-cda7-2bb95ac32a86">
      <Execution id="1bc6083a-3e99-4689-bb8b-61ae3feda4e4" />
      <TestMethod codeBase="C:\Users\KnyshovDmitry\Downloads\12345-main\12345-main\src\ZapretManager.Tests\bin\Release\net8.0-windows\ZapretManager.Tests.dll" adapterTypeName="executor://xunit/VsTestRunner2/netcoreapp" className="ZapretManager.Tests.Lists.ListMergerTests" name="ReplaceWithOrigin_OriginEntriesAlwaysPresent" />
    </UnitTest>
    <UnitTest name="ZapretManager.Tests.Updates.UpdateCheckerTests.IsNewerVersion_HandlesVPrefix(remote: &quot;V2.5.1&quot;, local: &quot;2.5.0&quot;, expected: True)" storage="c:\users\knyshovdmitry\downloads\12345-main\12345-main\src\zapretmanager.tests\bin\release\net8.0-windows\zapretmanager.tests.dll" id="160e1fb2-a6d0-9e87-4c99-a5c3814016d3">
      <Execution id="5c1bf4ab-b9b0-457a-8af8-254d4f89195a" />
      <TestMethod codeBase="C:\Users\KnyshovDmitry\Downloads\12345-main\12345-main\src\ZapretManager.Tests\bin\Release\net8.0-windows\ZapretManager.Tests.dll" adapterTypeName="executor://xunit/VsTestRunner2/netcoreapp" className="ZapretManager.Tests.Updates.UpdateCheckerTests" name="IsNewerVersion_HandlesVPrefix" />
    </UnitTest>
    <UnitTest name="ZapretManager.Tests.Updates.HashVerifierTests.VerifyAsync_CorrectHash_ReturnsTrue" storage="c:\users\knyshovdmitry\downloads\12345-main\12345-main\src\zapretmanager.tests\bin\release\net8.0-windows\zapretmanager.tests.dll" id="fdddf065-611f-e0cc-20d6-f4d57251ce38">
      <Execution id="20698817-6051-4807-b571-d0a667214b3a" />
      <TestMethod codeBase="C:\Users\KnyshovDmitry\Downloads\12345-main\12345-main\src\ZapretManager.Tests\bin\Release\net8.0-windows\ZapretManager.Tests.dll" adapterTypeName="executor://xunit/VsTestRunner2/netcoreapp" className="ZapretManager.Tests.Updates.HashVerifierTests" name="VerifyAsync_CorrectHash_ReturnsTrue" />
    </UnitTest>
    <UnitTest name="ZapretManager.Tests.Core.AppConfigTests.Load_WatchdogConfig_HasSensibleDefaults" storage="c:\users\knyshovdmitry\downloads\12345-main\12345-main\src\zapretmanager.tests\bin\release\net8.0-windows\zapretmanager.tests.dll" id="fc419844-0d41-63a8-4383-cec71729d42f">
      <Execution id="ebb4f36c-f6c3-4913-b722-d4fa46bc8ae2" />
      <TestMethod codeBase="C:\Users\KnyshovDmitry\Downloads\12345-main\12345-main\src\ZapretManager.Tests\bin\Release\net8.0-windows\ZapretManager.Tests.dll" adapterTypeName="executor://xunit/VsTestRunner2/netcoreapp" className="ZapretManager.Tests.Core.AppConfigTests" name="Load_WatchdogConfig_HasSensibleDefaults" />
    </UnitTest>
    <UnitTest name="ZapretManager.Tests.Core.AppConfigTests.Load_DiagnosticsConfig_ParsedCorrectly" storage="c:\users\knyshovdmitry\downloads\12345-main\12345-main\src\zapretmanager.tests\bin\release\net8.0-windows\zapretmanager.tests.dll" id="b112bfc9-0647-33c5-08d7-dd35f42cc3ec">
      <Execution id="df84c7f3-aa9d-4d86-8bef-191f10a60d3c" />
      <TestMethod codeBase="C:\Users\KnyshovDmitry\Downloads\12345-main\12345-main\src\ZapretManager.Tests\bin\Release\net8.0-windows\ZapretManager.Tests.dll" adapterTypeName="executor://xunit/VsTestRunner2/netcoreapp" className="ZapretManager.Tests.Core.AppConfigTests" name="Load_DiagnosticsConfig_ParsedCorrectly" />
    </UnitTest>
    <UnitTest name="ZapretManager.Tests.Core.AppConfigTests.Load_BrokenJson_ReturnsDefaults" storage="c:\users\knyshovdmitry\downloads\12345-main\12345-main\src\zapretmanager.tests\bin\release\net8.0-windows\zapretmanager.tests.dll" id="55342c5f-6882-d4c0-541c-0528ff0a9c0b">
      <Execution id="eab3da8f-d797-4a88-a357-0d1cecc387d1" />
      <TestMethod codeBase="C:\Users\KnyshovDmitry\Downloads\12345-main\12345-main\src\ZapretManager.Tests\bin\Release\net8.0-windows\ZapretManager.Tests.dll" adapterTypeName="executor://xunit/VsTestRunner2/netcoreapp" className="ZapretManager.Tests.Core.AppConfigTests" name="Load_BrokenJson_ReturnsDefaults" />
    </UnitTest>
    <UnitTest name="ZapretManager.Tests.Updates.HashVerifierTests.ComputeHashAsync_DifferentContent_DifferentHash" storage="c:\users\knyshovdmitry\downloads\12345-main\12345-main\src\zapretmanager.tests\bin\release\net8.0-windows\zapretmanager.tests.dll" id="bca8db57-aafe-04dd-7d78-dbc99b5946e1">
      <Execution id="b98d23d3-05a1-498c-b10b-3c1fe8dddc77" />
      <TestMethod codeBase="C:\Users\KnyshovDmitry\Downloads\12345-main\12345-main\src\ZapretManager.Tests\bin\Release\net8.0-windows\ZapretManager.Tests.dll" adapterTypeName="executor://xunit/VsTestRunner2/netcoreapp" className="ZapretManager.Tests.Updates.HashVerifierTests" name="ComputeHashAsync_DifferentContent_DifferentHash" />
    </UnitTest>
    <UnitTest name="ZapretManager.Tests.Updates.UpdateCheckerTests.IsNewerVersion_ReturnsExpected(remote: null, local: &quot;2.5.0&quot;, expected: False)" storage="c:\users\knyshovdmitry\downloads\12345-main\12345-main\src\zapretmanager.tests\bin\release\net8.0-windows\zapretmanager.tests.dll" id="408cd4bd-230f-208b-a9a5-ad7cc110282c">
      <Execution id="e9c3d71d-20a3-4f92-a4d5-593fe846721f" />
      <TestMethod codeBase="C:\Users\KnyshovDmitry\Downloads\12345-main\12345-main\src\ZapretManager.Tests\bin\Release\net8.0-windows\ZapretManager.Tests.dll" adapterTypeName="executor://xunit/VsTestRunner2/netcoreapp" className="ZapretManager.Tests.Updates.UpdateCheckerTests" name="IsNewerVersion_ReturnsExpected" />
    </UnitTest>
    <UnitTest name="ZapretManager.Tests.Lists.ListMergerTests.WriteUtf8_WritesWithoutBom" storage="c:\users\knyshovdmitry\downloads\12345-main\12345-main\src\zapretmanager.tests\bin\release\net8.0-windows\zapretmanager.tests.dll" id="5cf201fd-48b0-e922-3a38-ce8bada57b78">
      <Execution id="eca70f79-bee8-43d8-8988-3207496a08da" />
      <TestMethod codeBase="C:\Users\KnyshovDmitry\Downloads\12345-main\12345-main\src\ZapretManager.Tests\bin\Release\net8.0-windows\ZapretManager.Tests.dll" adapterTypeName="executor://xunit/VsTestRunner2/netcoreapp" className="ZapretManager.Tests.Lists.ListMergerTests" name="WriteUtf8_WritesWithoutBom" />
    </UnitTest>
    <UnitTest name="ZapretManager.Tests.Updates.HashVerifierTests.ComputeHashAsync_SameContent_SameHash" storage="c:\users\knyshovdmitry\downloads\12345-main\12345-main\src\zapretmanager.tests\bin\release\net8.0-windows\zapretmanager.tests.dll" id="19454db4-de16-191f-9c43-9735bdbaa7fe">
      <Execution id="a1973c43-903f-42ed-af20-541698fd616d" />
      <TestMethod codeBase="C:\Users\KnyshovDmitry\Downloads\12345-main\12345-main\src\ZapretManager.Tests\bin\Release\net8.0-windows\ZapretManager.Tests.dll" adapterTypeName="executor://xunit/VsTestRunner2/netcoreapp" className="ZapretManager.Tests.Updates.HashVerifierTests" name="ComputeHashAsync_SameContent_SameHash" />
    </UnitTest>
    <UnitTest name="ZapretManager.Tests.Updates.UpdateCheckerTests.IsNewerVersion_ReturnsExpected(remote: &quot;2.4.9&quot;, local: &quot;2.5.0&quot;, expected: False)" storage="c:\users\knyshovdmitry\downloads\12345-main\12345-main\src\zapretmanager.tests\bin\release\net8.0-windows\zapretmanager.tests.dll" id="cf8e82d9-9d5d-5fed-050b-04dd9374e9ba">
      <Execution id="f840071d-aebb-4f78-8db7-6a6ba5a232e4" />
      <TestMethod codeBase="C:\Users\KnyshovDmitry\Downloads\12345-main\12345-main\src\ZapretManager.Tests\bin\Release\net8.0-windows\ZapretManager.Tests.dll" adapterTypeName="executor://xunit/VsTestRunner2/netcoreapp" className="ZapretManager.Tests.Updates.UpdateCheckerTests" name="IsNewerVersion_ReturnsExpected" />
    </UnitTest>
    <UnitTest name="ZapretManager.Tests.Updates.UpdateCheckerTests.IsNewerVersion_ReturnsExpected(remote: &quot;2.6.0&quot;, local: &quot;2.5.0&quot;, expected: True)" storage="c:\users\knyshovdmitry\downloads\12345-main\12345-main\src\zapretmanager.tests\bin\release\net8.0-windows\zapretmanager.tests.dll" id="6e069a41-d59e-2718-0274-79f9b30679b7">
      <Execution id="478068c4-dd66-47c7-b203-eca3c86fa7f3" />
      <TestMethod codeBase="C:\Users\KnyshovDmitry\Downloads\12345-main\12345-main\src\ZapretManager.Tests\bin\Release\net8.0-windows\ZapretManager.Tests.dll" adapterTypeName="executor://xunit/VsTestRunner2/netcoreapp" className="ZapretManager.Tests.Updates.UpdateCheckerTests" name="IsNewerVersion_ReturnsExpected" />
    </UnitTest>
    <UnitTest name="ZapretManager.Tests.Core.AppConfigTests.Load_EmptyJson_ReturnsDefaults" storage="c:\users\knyshovdmitry\downloads\12345-main\12345-main\src\zapretmanager.tests\bin\release\net8.0-windows\zapretmanager.tests.dll" id="bd35ae35-54d3-d7c4-f120-01356e352ee2">
      <Execution id="e2609c3b-45df-4003-9993-efab9aaa5cb1" />
      <TestMethod codeBase="C:\Users\KnyshovDmitry\Downloads\12345-main\12345-main\src\ZapretManager.Tests\bin\Release\net8.0-windows\ZapretManager.Tests.dll" adapterTypeName="executor://xunit/VsTestRunner2/netcoreapp" className="ZapretManager.Tests.Core.AppConfigTests" name="Load_EmptyJson_ReturnsDefaults" />
    </UnitTest>
    <UnitTest name="ZapretManager.Tests.Updates.UpdateCheckerTests.IsNewerVersion_ReturnsExpected(remote: &quot;3.0.0&quot;, local: &quot;2.5.0&quot;, expected: True)" storage="c:\users\knyshovdmitry\downloads\12345-main\12345-main\src\zapretmanager.tests\bin\release\net8.0-windows\zapretmanager.tests.dll" id="c5dab717-ba6c-368e-b26c-acc97d540263">
      <Execution id="9669a997-2c9d-4254-9b3c-cf7902b2eb59" />
      <TestMethod codeBase="C:\Users\KnyshovDmitry\Downloads\12345-main\12345-main\src\ZapretManager.Tests\bin\Release\net8.0-windows\ZapretManager.Tests.dll" adapterTypeName="executor://xunit/VsTestRunner2/netcoreapp" className="ZapretManager.Tests.Updates.UpdateCheckerTests" name="IsNewerVersion_ReturnsExpected" />
    </UnitTest>
    <UnitTest name="ZapretManager.Tests.Lists.ListMergerTests.Merge_EmptyLines_NotDuplicated" storage="c:\users\knyshovdmitry\downloads\12345-main\12345-main\src\zapretmanager.tests\bin\release\net8.0-windows\zapretmanager.tests.dll" id="5a016c64-88c3-4551-dadc-9038d54be89c">
      <Execution id="6cfa4133-d76e-4057-ad2b-dcb69e0d72a3" />
      <TestMethod codeBase="C:\Users\KnyshovDmitry\Downloads\12345-main\12345-main\src\ZapretManager.Tests\bin\Release\net8.0-windows\ZapretManager.Tests.dll" adapterTypeName="executor://xunit/VsTestRunner2/netcoreapp" className="ZapretManager.Tests.Lists.ListMergerTests" name="Merge_EmptyLines_NotDuplicated" />
    </UnitTest>
    <UnitTest name="ZapretManager.Tests.Service.BackupManagerTests.ListBackups_EmptyDirectory_ReturnsEmptyArray" storage="c:\users\knyshovdmitry\downloads\12345-main\12345-main\src\zapretmanager.tests\bin\release\net8.0-windows\zapretmanager.tests.dll" id="e30a4341-92c5-808f-6486-e27eac1bd58e">
      <Execution id="99ebe12e-8364-4a3b-8fc4-d4795e7cb990" />
      <TestMethod codeBase="C:\Users\KnyshovDmitry\Downloads\12345-main\12345-main\src\ZapretManager.Tests\bin\Release\net8.0-windows\ZapretManager.Tests.dll" adapterTypeName="executor://xunit/VsTestRunner2/netcoreapp" className="ZapretManager.Tests.Service.BackupManagerTests" name="ListBackups_EmptyDirectory_ReturnsEmptyArray" />
    </UnitTest>
    <UnitTest name="ZapretManager.Tests.Lists.ListMergerTests.WriteUtf8_CreatesParentDirectory" storage="c:\users\knyshovdmitry\downloads\12345-main\12345-main\src\zapretmanager.tests\bin\release\net8.0-windows\zapretmanager.tests.dll" id="2e77bd0f-3a47-c4be-c627-d56b894dcd2f">
      <Execution id="d9e958d6-8ecb-4735-8882-7a35459e219b" />
      <TestMethod codeBase="C:\Users\KnyshovDmitry\Downloads\12345-main\12345-main\src\ZapretManager.Tests\bin\Release\net8.0-windows\ZapretManager.Tests.dll" adapterTypeName="executor://xunit/VsTestRunner2/netcoreapp" className="ZapretManager.Tests.Lists.ListMergerTests" name="WriteUtf8_CreatesParentDirectory" />
    </UnitTest>
    <UnitTest name="ZapretManager.Tests.Lists.ListMergerTests.Merge_DeduplicatesComments" storage="c:\users\knyshovdmitry\downloads\12345-main\12345-main\src\zapretmanager.tests\bin\release\net8.0-windows\zapretmanager.tests.dll" id="f06cdf60-235b-9a28-767f-4c6cd3acdb9f">
      <Execution id="1f2f50e8-e617-41f9-b2f7-68f588764b92" />
      <TestMethod codeBase="C:\Users\KnyshovDmitry\Downloads\12345-main\12345-main\src\ZapretManager.Tests\bin\Release\net8.0-windows\ZapretManager.Tests.dll" adapterTypeName="executor://xunit/VsTestRunner2/netcoreapp" className="ZapretManager.Tests.Lists.ListMergerTests" name="Merge_DeduplicatesComments" />
    </UnitTest>
    <UnitTest name="ZapretManager.Tests.Lists.ListMergerTests.Merge_ExistingFile_PreservesOldLines" storage="c:\users\knyshovdmitry\downloads\12345-main\12345-main\src\zapretmanager.tests\bin\release\net8.0-windows\zapretmanager.tests.dll" id="e4e19066-fd8d-36d1-900c-a4140591004b">
      <Execution id="711b302c-2dee-4995-b676-a4dd042d5d5d" />
      <TestMethod codeBase="C:\Users\KnyshovDmitry\Downloads\12345-main\12345-main\src\ZapretManager.Tests\bin\Release\net8.0-windows\ZapretManager.Tests.dll" adapterTypeName="executor://xunit/VsTestRunner2/netcoreapp" className="ZapretManager.Tests.Lists.ListMergerTests" name="Merge_ExistingFile_PreservesOldLines" />
    </UnitTest>
    <UnitTest name="ZapretManager.Tests.Updates.HashVerifierTests.ComputeHashAsync_ReturnsLowercaseHex" storage="c:\users\knyshovdmitry\downloads\12345-main\12345-main\src\zapretmanager.tests\bin\release\net8.0-windows\zapretmanager.tests.dll" id="a67eda8e-60c9-7fd8-e9ee-000d76167ad7">
      <Execution id="d3a090d3-f48f-4a17-9085-d39f71526c22" />
      <TestMethod codeBase="C:\Users\KnyshovDmitry\Downloads\12345-main\12345-main\src\ZapretManager.Tests\bin\Release\net8.0-windows\ZapretManager.Tests.dll" adapterTypeName="executor://xunit/VsTestRunner2/netcoreapp" className="ZapretManager.Tests.Updates.HashVerifierTests" name="ComputeHashAsync_ReturnsLowercaseHex" />
    </UnitTest>
    <UnitTest name="ZapretManager.Tests.Service.BackupManagerTests.RestoreBackup_ValidZip_ReturnsTrueAndRestoresFile" storage="c:\users\knyshovdmitry\downloads\12345-main\12345-main\src\zapretmanager.tests\bin\release\net8.0-windows\zapretmanager.tests.dll" id="88e83f7b-0619-6c41-ca20-dfe89482952c">
      <Execution id="f606bf29-3413-4481-99da-9cb75f9ddc02" />
      <TestMethod codeBase="C:\Users\KnyshovDmitry\Downloads\12345-main\12345-main\src\ZapretManager.Tests\bin\Release\net8.0-windows\ZapretManager.Tests.dll" adapterTypeName="executor://xunit/VsTestRunner2/netcoreapp" className="ZapretManager.Tests.Service.BackupManagerTests" name="RestoreBackup_ValidZip_ReturnsTrueAndRestoresFile" />
    </UnitTest>
    <UnitTest name="ZapretManager.Tests.Service.BackupManagerTests.RestoreBackup_MissingFile_ReturnsFalse" storage="c:\users\knyshovdmitry\downloads\12345-main\12345-main\src\zapretmanager.tests\bin\release\net8.0-windows\zapretmanager.tests.dll" id="d6faa7a6-d3bd-a83e-46f4-918a575f300a">
      <Execution id="87045415-22c3-42f5-9765-b47eda3118cc" />
      <TestMethod codeBase="C:\Users\KnyshovDmitry\Downloads\12345-main\12345-main\src\ZapretManager.Tests\bin\Release\net8.0-windows\ZapretManager.Tests.dll" adapterTypeName="executor://xunit/VsTestRunner2/netcoreapp" className="ZapretManager.Tests.Service.BackupManagerTests" name="RestoreBackup_MissingFile_ReturnsFalse" />
    </UnitTest>
    <UnitTest name="ZapretManager.Tests.Service.BackupManagerTests.CreateBackup_ZipContainsExpectedFiles" storage="c:\users\knyshovdmitry\downloads\12345-main\12345-main\src\zapretmanager.tests\bin\release\net8.0-windows\zapretmanager.tests.dll" id="d53e95c9-a148-1d0d-4567-56d2a77e7f34">
      <Execution id="e24f6a33-9903-417c-84d5-828030f0527f" />
      <TestMethod codeBase="C:\Users\KnyshovDmitry\Downloads\12345-main\12345-main\src\ZapretManager.Tests\bin\Release\net8.0-windows\ZapretManager.Tests.dll" adapterTypeName="executor://xunit/VsTestRunner2/netcoreapp" className="ZapretManager.Tests.Service.BackupManagerTests" name="CreateBackup_ZipContainsExpectedFiles" />
    </UnitTest>
    <UnitTest name="ZapretManager.Tests.Lists.ListMergerTests.Merge_NewFile_ReturnsNewLines" storage="c:\users\knyshovdmitry\downloads\12345-main\12345-main\src\zapretmanager.tests\bin\release\net8.0-windows\zapretmanager.tests.dll" id="ac97fe78-eea5-f8ef-10a8-38872c57abcb">
      <Execution id="e4b8a6bd-745a-4745-ba16-b1fa8d7b241f" />
      <TestMethod codeBase="C:\Users\KnyshovDmitry\Downloads\12345-main\12345-main\src\ZapretManager.Tests\bin\Release\net8.0-windows\ZapretManager.Tests.dll" adapterTypeName="executor://xunit/VsTestRunner2/netcoreapp" className="ZapretManager.Tests.Lists.ListMergerTests" name="Merge_NewFile_ReturnsNewLines" />
    </UnitTest>
  </TestDefinitions>
  <TestEntries>
    <TestEntry testId="f06cdf60-235b-9a28-767f-4c6cd3acdb9f" executionId="1f2f50e8-e617-41f9-b2f7-68f588764b92" testListId="8c84fa94-04c1-424b-9868-57a2d4851a1d" />
    <TestEntry testId="fdddf065-611f-e0cc-20d6-f4d57251ce38" executionId="20698817-6051-4807-b571-d0a667214b3a" testListId="8c84fa94-04c1-424b-9868-57a2d4851a1d" />
    <TestEntry testId="b112bfc9-0647-33c5-08d7-dd35f42cc3ec" executionId="df84c7f3-aa9d-4d86-8bef-191f10a60d3c" testListId="8c84fa94-04c1-424b-9868-57a2d4851a1d" />
    <TestEntry testId="a67eda8e-60c9-7fd8-e9ee-000d76167ad7" executionId="d3a090d3-f48f-4a17-9085-d39f71526c22" testListId="8c84fa94-04c1-424b-9868-57a2d4851a1d" />
    <TestEntry testId="3f69f9be-6ad4-fdaa-05e6-192205ca0984" executionId="1e681ff3-5e5a-4407-ad3a-8af1cea87d4e" testListId="8c84fa94-04c1-424b-9868-57a2d4851a1d" />
    <TestEntry testId="56d9741f-b9f5-deda-194d-7025b3696f9d" executionId="7d0dc77f-2077-4733-b616-ec181bb91555" testListId="8c84fa94-04c1-424b-9868-57a2d4851a1d" />
    <TestEntry testId="19454db4-de16-191f-9c43-9735bdbaa7fe" executionId="a1973c43-903f-42ed-af20-541698fd616d" testListId="8c84fa94-04c1-424b-9868-57a2d4851a1d" />
    <TestEntry testId="11b46009-150e-368c-de94-341585a5270f" executionId="79e76cd6-8b92-4e19-a131-3b7cf163ff4b" testListId="8c84fa94-04c1-424b-9868-57a2d4851a1d" />
    <TestEntry testId="cf8e82d9-9d5d-5fed-050b-04dd9374e9ba" executionId="f840071d-aebb-4f78-8db7-6a6ba5a232e4" testListId="8c84fa94-04c1-424b-9868-57a2d4851a1d" />
    <TestEntry testId="ac97fe78-eea5-f8ef-10a8-38872c57abcb" executionId="e4b8a6bd-745a-4745-ba16-b1fa8d7b241f" testListId="8c84fa94-04c1-424b-9868-57a2d4851a1d" />
    <TestEntry testId="2b151007-0d73-6316-9468-859f9e871143" executionId="acbe5d0f-560c-4e8e-9634-b3021a4f778a" testListId="8c84fa94-04c1-424b-9868-57a2d4851a1d" />
    <TestEntry testId="5cf201fd-48b0-e922-3a38-ce8bada57b78" executionId="eca70f79-bee8-43d8-8988-3207496a08da" testListId="8c84fa94-04c1-424b-9868-57a2d4851a1d" />
    <TestEntry testId="429c9d05-be0c-99fa-43e4-84187a1c1e54" executionId="64e15032-556f-4df5-bf69-2245110c6b72" testListId="8c84fa94-04c1-424b-9868-57a2d4851a1d" />
    <TestEntry testId="c45ce7a3-aa7a-5f35-f3b8-a98b72e43537" executionId="55116633-54a5-4315-bbed-d26f032cf444" testListId="8c84fa94-04c1-424b-9868-57a2d4851a1d" />
    <TestEntry testId="e4e19066-fd8d-36d1-900c-a4140591004b" executionId="711b302c-2dee-4995-b676-a4dd042d5d5d" testListId="8c84fa94-04c1-424b-9868-57a2d4851a1d" />
    <TestEntry testId="408cd4bd-230f-208b-a9a5-ad7cc110282c" executionId="e9c3d71d-20a3-4f92-a4d5-593fe846721f" testListId="8c84fa94-04c1-424b-9868-57a2d4851a1d" />
    <TestEntry testId="685732bf-f036-bfe4-7d4e-2827693848b0" executionId="44a91eef-38e4-46fb-9399-1d7755a93c27" testListId="8c84fa94-04c1-424b-9868-57a2d4851a1d" />
    <TestEntry testId="ecc6e109-045c-98a4-20d9-fadd4e027c5e" executionId="5dd20390-acfc-40a1-b600-0a371c85a497" testListId="8c84fa94-04c1-424b-9868-57a2d4851a1d" />
    <TestEntry testId="07029d4b-5681-3086-24ea-6e9f26ae5457" executionId="e19772a1-ae3d-46ba-89fd-2aaf05ae1a0a" testListId="8c84fa94-04c1-424b-9868-57a2d4851a1d" />
    <TestEntry testId="6645c9d4-a101-d474-0e91-21f3aa494d98" executionId="2621668e-f53f-47bc-9459-487caa969727" testListId="8c84fa94-04c1-424b-9868-57a2d4851a1d" />
    <TestEntry testId="88e83f7b-0619-6c41-ca20-dfe89482952c" executionId="f606bf29-3413-4481-99da-9cb75f9ddc02" testListId="8c84fa94-04c1-424b-9868-57a2d4851a1d" />
    <TestEntry testId="af91dae1-6c42-f97d-4a64-972dd881c0cd" executionId="c58a0cd4-5a8d-4b9d-b379-af25a7360efb" testListId="8c84fa94-04c1-424b-9868-57a2d4851a1d" />
    <TestEntry testId="33e9f2b5-949a-af0d-b435-cc1d7b980c50" executionId="6a28a7a7-2193-4f34-a749-e762ac38b212" testListId="8c84fa94-04c1-424b-9868-57a2d4851a1d" />
    <TestEntry testId="10262751-b318-5990-0215-15d860562f98" executionId="1268ab51-d716-4e29-aee0-8437a73d439d" testListId="8c84fa94-04c1-424b-9868-57a2d4851a1d" />
    <TestEntry testId="2e77bd0f-3a47-c4be-c627-d56b894dcd2f" executionId="d9e958d6-8ecb-4735-8882-7a35459e219b" testListId="8c84fa94-04c1-424b-9868-57a2d4851a1d" />
    <TestEntry testId="e30a4341-92c5-808f-6486-e27eac1bd58e" executionId="99ebe12e-8364-4a3b-8fc4-d4795e7cb990" testListId="8c84fa94-04c1-424b-9868-57a2d4851a1d" />
    <TestEntry testId="5a016c64-88c3-4551-dadc-9038d54be89c" executionId="6cfa4133-d76e-4057-ad2b-dcb69e0d72a3" testListId="8c84fa94-04c1-424b-9868-57a2d4851a1d" />
    <TestEntry testId="bd35ae35-54d3-d7c4-f120-01356e352ee2" executionId="e2609c3b-45df-4003-9993-efab9aaa5cb1" testListId="8c84fa94-04c1-424b-9868-57a2d4851a1d" />
    <TestEntry testId="522e1b6d-7212-8ac5-8fcc-2d54b3b5057b" executionId="cfe48207-f4a2-409e-94fc-41c989c33b1e" testListId="8c84fa94-04c1-424b-9868-57a2d4851a1d" />
    <TestEntry testId="d6faa7a6-d3bd-a83e-46f4-918a575f300a" executionId="87045415-22c3-42f5-9765-b47eda3118cc" testListId="8c84fa94-04c1-424b-9868-57a2d4851a1d" />
    <TestEntry testId="909692b3-bbbc-ee15-bd40-64f9deaf29a5" executionId="a8cb46fd-c626-4570-867e-ecaf9888cca6" testListId="8c84fa94-04c1-424b-9868-57a2d4851a1d" />
    <TestEntry testId="c37c0ef9-184d-bb5e-6de8-bb8987c0025a" executionId="242af3e9-7371-49ff-83f3-30456f613b27" testListId="8c84fa94-04c1-424b-9868-57a2d4851a1d" />
    <TestEntry testId="66e6b8bf-4526-043c-4c9d-a92f441bcc55" executionId="5480761c-347e-4fdb-8f19-7028af1eff52" testListId="8c84fa94-04c1-424b-9868-57a2d4851a1d" />
    <TestEntry testId="6e069a41-d59e-2718-0274-79f9b30679b7" executionId="478068c4-dd66-47c7-b203-eca3c86fa7f3" testListId="8c84fa94-04c1-424b-9868-57a2d4851a1d" />
    <TestEntry testId="b2ac25fa-d82d-5244-14d4-bef8b4e6ac98" executionId="9c844529-6760-4fbe-a194-f1c4065e8b44" testListId="8c84fa94-04c1-424b-9868-57a2d4851a1d" />
    <TestEntry testId="c5dab717-ba6c-368e-b26c-acc97d540263" executionId="9669a997-2c9d-4254-9b3c-cf7902b2eb59" testListId="8c84fa94-04c1-424b-9868-57a2d4851a1d" />
    <TestEntry testId="bca8db57-aafe-04dd-7d78-dbc99b5946e1" executionId="b98d23d3-05a1-498c-b10b-3c1fe8dddc77" testListId="8c84fa94-04c1-424b-9868-57a2d4851a1d" />
    <TestEntry testId="160e1fb2-a6d0-9e87-4c99-a5c3814016d3" executionId="5c1bf4ab-b9b0-457a-8af8-254d4f89195a" testListId="8c84fa94-04c1-424b-9868-57a2d4851a1d" />
    <TestEntry testId="fc419844-0d41-63a8-4383-cec71729d42f" executionId="ebb4f36c-f6c3-4913-b722-d4fa46bc8ae2" testListId="8c84fa94-04c1-424b-9868-57a2d4851a1d" />
    <TestEntry testId="b7ec2304-d10f-0055-cda7-2bb95ac32a86" executionId="1bc6083a-3e99-4689-bb8b-61ae3feda4e4" testListId="8c84fa94-04c1-424b-9868-57a2d4851a1d" />
    <TestEntry testId="d53e95c9-a148-1d0d-4567-56d2a77e7f34" executionId="e24f6a33-9903-417c-84d5-828030f0527f" testListId="8c84fa94-04c1-424b-9868-57a2d4851a1d" />
    <TestEntry testId="457a5a54-d419-b0fe-3939-785a3293e96e" executionId="5347f6ef-5433-4224-9e9e-eeb652586d35" testListId="8c84fa94-04c1-424b-9868-57a2d4851a1d" />
    <TestEntry testId="55342c5f-6882-d4c0-541c-0528ff0a9c0b" executionId="eab3da8f-d797-4a88-a357-0d1cecc387d1" testListId="8c84fa94-04c1-424b-9868-57a2d4851a1d" />
    <TestEntry testId="29e98d00-8961-6206-9fe4-9fd60c01ce74" executionId="6508a78e-e49a-429a-a0b2-a01134f275d8" testListId="8c84fa94-04c1-424b-9868-57a2d4851a1d" />
    <TestEntry testId="99edc2df-4cab-5be7-30ab-5e9e46355321" executionId="bf6c8549-a850-4caa-8333-f0b8f6d1704a" testListId="8c84fa94-04c1-424b-9868-57a2d4851a1d" />
  </TestEntries>
  <TestLists>
    <TestList name="Список результатов" id="8c84fa94-04c1-424b-9868-57a2d4851a1d" />
    <TestList name="Все загруженные результаты" id="19431567-8539-422a-85d7-44ee4e166bda" />
  </TestLists>
  <ResultSummary outcome="Completed">
    <Counters total="45" executed="45" passed="45" failed="0" error="0" timeout="0" aborted="0" inconclusive="0" passedButRunAborted="0" notRunnable="0" notExecuted="0" disconnected="0" warning="0" completed="0" inProgress="0" pending="0" />
    <Output>
      <StdOut>[xUnit.net 00:00:00.00] xUnit.net VSTest Adapter v2.8.2+699d445a1a (64-bit .NET 8.0.27)&#xD;
[xUnit.net 00:00:00.06]   Discovering: ZapretManager.Tests&#xD;
[xUnit.net 00:00:00.11]   Discovered:  ZapretManager.Tests&#xD;
[xUnit.net 00:00:00.11]   Starting:    ZapretManager.Tests&#xD;
   [OK] ����� ᮧ���: zapret_backup_2026-05-22_11-33-43.zip&#xD;
   [OK] ����� ᮧ���: zapret_backup_2026-05-22_11-33-43.zip&#xD;
   [OK] ����� ᮧ���: zapret_backup_2026-05-22_11-33-43.zip&#xD;
   [OK] ����� ᮧ���: zapret_backup_2026-05-22_11-33-43.zip&#xD;
   [X]  ���� �� ������: /nonexistent/path.zip&#xD;
   [OK] ����� ᮧ���: zapret_backup_2026-05-22_11-33-43.zip&#xD;
   [OK] ����⠭������� �����襭�&#xD;
   [OK] ����� ᮧ���: zapret_backup_2026-05-22_11-33-43.zip&#xD;
   [OK] ����� ᮧ���: zapret_backup_2026-05-22_11-33-45.zip&#xD;
   [OK] ����� ᮧ���: zapret_backup_2026-05-22_11-33-45.zip&#xD;
   [OK] ����� ᮧ���: zapret_backup_2026-05-22_11-33-46.zip&#xD;
   [OK] ����� ᮧ���: zapret_backup_2026-05-22_11-33-47.zip&#xD;
   [OK] ����� ᮧ���: zapret_backup_2026-05-22_11-33-48.zip&#xD;
[xUnit.net 00:00:05.87]   Finished:    ZapretManager.Tests&#xD;
</StdOut>
    </Output>
  </ResultSummary>
</TestRun>