<?xml version="1.0" encoding="utf-8"?>
<TestRun id="e3bf0079-4d7d-4f0c-a0f5-30f8622b01b5" name="KnyshovDmitry@MITYA-GRIB 2026-05-22 11:33:14" runUser="AzureAD\KnyshovDmitry" xmlns="http://microsoft.com/schemas/VisualStudio/TeamTest/2010">
  <Times creation="2026-05-22T11:33:14.8665762+03:00" queuing="2026-05-22T11:33:14.8665770+03:00" start="2026-05-22T11:33:14.2881909+03:00" finish="2026-05-22T11:33:15.2984929+03:00" />
  <TestSettings name="default" id="dd5ac584-0e3e-42d1-b8fa-b155df91f3cf">
    <Deployment runDeploymentRoot="KnyshovDmitry_MITYA-GRIB_2026-05-22_11_33_14" />
  </TestSettings>
  <Results>
    <UnitTestResult executionId="3e2f3bb1-501f-47ef-89bd-16f688a08555" testId="6645c9d4-a101-d474-0e91-21f3aa494d98" testName="ZapretManager.Tests.Lists.ListMergerTests.Merge_RemovesDuplicates_CaseInsensitive" computerName="MITYA-GRIB" duration="00:00:00.0036698" startTime="2026-05-22T11:33:14.8591177+03:00" endTime="2026-05-22T11:33:14.8591180+03:00" testType="13cdc9d9-ddb5-4fa4-a97d-d965ccfc6d4b" outcome="Passed" testListId="8c84fa94-04c1-424b-9868-57a2d4851a1d" relativeResultsDirectory="3e2f3bb1-501f-47ef-89bd-16f688a08555" />
    <UnitTestResult executionId="ffba2db8-f2c9-4926-9c32-2ebd51400ea9" testId="10262751-b318-5990-0215-15d860562f98" testName="ZapretManager.Tests.Updates.UpdateCheckerTests.IsNewerVersion_ReturnsExpected(remote: null, local: null, expected: False)" computerName="MITYA-GRIB" duration="00:00:00.0003898" startTime="2026-05-22T11:33:14.7797971+03:00" endTime="2026-05-22T11:33:14.7797972+03:00" testType="13cdc9d9-ddb5-4fa4-a97d-d965ccfc6d4b" outcome="Passed" testListId="8c84fa94-04c1-424b-9868-57a2d4851a1d" relativeResultsDirectory="ffba2db8-f2c9-4926-9c32-2ebd51400ea9" />
    <UnitTestResult executionId="963ac928-e9f9-4287-9189-206a35572666" testId="2b151007-0d73-6316-9468-859f9e871143" testName="ZapretManager.Tests.Updates.UpdateCheckerTests.IsNewerVersion_ReturnsExpected(remote: &quot;2.5.0&quot;, local: &quot;2.5.0&quot;, expected: False)" computerName="MITYA-GRIB" duration="00:00:00.0102628" startTime="2026-05-22T11:33:14.7755227+03:00" endTime="2026-05-22T11:33:14.7755452+03:00" testType="13cdc9d9-ddb5-4fa4-a97d-d965ccfc6d4b" outcome="Passed" testListId="8c84fa94-04c1-424b-9868-57a2d4851a1d" relativeResultsDirectory="963ac928-e9f9-4287-9189-206a35572666" />
    <UnitTestResult executionId="fab0abd7-ae59-4f58-9498-896f86825e59" testId="c45ce7a3-aa7a-5f35-f3b8-a98b72e43537" testName="ZapretManager.Tests.Service.BackupManagerTests.ListBackups_AfterCreate_ReturnsSingleBackup" computerName="MITYA-GRIB" duration="00:00:00.0117318" startTime="2026-05-22T11:33:14.8290889+03:00" endTime="2026-05-22T11:33:14.8290892+03:00" testType="13cdc9d9-ddb5-4fa4-a97d-d965ccfc6d4b" outcome="Passed" testListId="8c84fa94-04c1-424b-9868-57a2d4851a1d" relativeResultsDirectory="fab0abd7-ae59-4f58-9498-896f86825e59" />
    <UnitTestResult executionId="c9d16172-a009-47a1-98be-bb229e953f3a" testId="685732bf-f036-bfe4-7d4e-2827693848b0" testName="ZapretManager.Tests.Lists.ListMergerTests.ReplaceWithOrigin_PreservesUserAddedEntries" computerName="MITYA-GRIB" duration="00:00:00.0136341" startTime="2026-05-22T11:33:14.7793288+03:00" endTime="2026-05-22T11:33:14.7793290+03:00" testType="13cdc9d9-ddb5-4fa4-a97d-d965ccfc6d4b" outcome="Passed" testListId="8c84fa94-04c1-424b-9868-57a2d4851a1d" relativeResultsDirectory="c9d16172-a009-47a1-98be-bb229e953f3a" />
    <UnitTestResult executionId="44316b0d-eaab-4d0e-a167-d1d83b0fa1c4" testId="b2ac25fa-d82d-5244-14d4-bef8b4e6ac98" testName="ZapretManager.Tests.Updates.UpdateCheckerTests.IsNewerVersion_HandlesInvalidVersions(remote: &quot;&quot;, local: &quot;2.5.0&quot;, expected: False)" computerName="MITYA-GRIB" duration="00:00:00.0016622" startTime="2026-05-22T11:33:14.8176535+03:00" endTime="2026-05-22T11:33:14.8176535+03:00" testType="13cdc9d9-ddb5-4fa4-a97d-d965ccfc6d4b" outcome="Passed" testListId="8c84fa94-04c1-424b-9868-57a2d4851a1d" relativeResultsDirectory="44316b0d-eaab-4d0e-a167-d1d83b0fa1c4" />
    <UnitTestResult executionId="0aed2162-68b3-434d-86d1-051e70601b0e" testId="66e6b8bf-4526-043c-4c9d-a92f441bcc55" testName="ZapretManager.Tests.Service.BackupManagerTests.CreateBackup_Rotation_KeepsOnlyN" computerName="MITYA-GRIB" duration="00:00:00.2568737" startTime="2026-05-22T11:33:15.2347488+03:00" endTime="2026-05-22T11:33:15.2347492+03:00" testType="13cdc9d9-ddb5-4fa4-a97d-d965ccfc6d4b" outcome="Passed" testListId="8c84fa94-04c1-424b-9868-57a2d4851a1d" relativeResultsDirectory="0aed2162-68b3-434d-86d1-051e70601b0e" />
    <UnitTestResult executionId="c5d84849-6a07-406c-a2ed-e01f090e3bc2" testId="55342c5f-6882-d4c0-541c-0528ff0a9c0b" testName="ZapretManager.Tests.Core.AppConfigTests.Load_BrokenJson_ReturnsDefaults" computerName="MITYA-GRIB" duration="00:00:00.0076290" startTime="2026-05-22T11:33:14.8366999+03:00" endTime="2026-05-22T11:33:14.8367000+03:00" testType="13cdc9d9-ddb5-4fa4-a97d-d965ccfc6d4b" outcome="Passed" testListId="8c84fa94-04c1-424b-9868-57a2d4851a1d" relativeResultsDirectory="c5d84849-6a07-406c-a2ed-e01f090e3bc2" />
    <UnitTestResult executionId="09bd8eb6-ba1e-49b2-a32d-8d17e4a1f6fa" testId="07029d4b-5681-3086-24ea-6e9f26ae5457" testName="ZapretManager.Tests.Service.BackupManagerTests.ListBackups_OrderedNewestFirst" computerName="MITYA-GRIB" duration="00:00:00.1241778" startTime="2026-05-22T11:33:14.9804099+03:00" endTime="2026-05-22T11:33:14.9804107+03:00" testType="13cdc9d9-ddb5-4fa4-a97d-d965ccfc6d4b" outcome="Failed" testListId="8c84fa94-04c1-424b-9868-57a2d4851a1d" relativeResultsDirectory="09bd8eb6-ba1e-49b2-a32d-8d17e4a1f6fa">
      <Output>
        <ErrorInfo>
          <Message>Expected collection to contain 2 item(s), but found 1: {C:\Users\KnyshovDmitry\AppData\Local\Temp\zapret_backup_test_2913eba529e94012997766eae5d78cdc\backups\zapret_backup_2026-05-22_11-33-14.zip}.</Message>
          <StackTrace>   at FluentAssertions.Execution.XUnit2TestFramework.Throw(String message)&#xD;
   at FluentAssertions.Execution.TestFrameworkProvider.Throw(String message)&#xD;
   at FluentAssertions.Execution.DefaultAssertionStrategy.HandleFailure(String message)&#xD;
   at FluentAssertions.Execution.AssertionScope.FailWith(Func`1 failReasonFunc)&#xD;
   at FluentAssertions.Execution.AssertionScope.FailWith(Func`1 failReasonFunc)&#xD;
   at FluentAssertions.Execution.AssertionScope.FailWith(String message, Object[] args)&#xD;
   at FluentAssertions.Collections.GenericCollectionAssertions`3.HaveCount(Int32 expected, String because, Object[] becauseArgs)&#xD;
   at ZapretManager.Tests.Service.BackupManagerTests.ListBackups_OrderedNewestFirst() in C:\Users\KnyshovDmitry\Downloads\12345-main\12345-main\src\ZapretManager.Tests\Service\BackupManagerTests.cs:line 100&#xD;
   at System.RuntimeMethodHandle.InvokeMethod(Object target, Void** arguments, Signature sig, Boolean isConstructor)&#xD;
   at System.Reflection.MethodBaseInvoker.InvokeWithNoArgs(Object obj, BindingFlags invokeAttr)</StackTrace>
        </ErrorInfo>
      </Output>
    </UnitTestResult>
    <UnitTestResult executionId="c300fe43-3214-436f-acc7-b7085d073dc0" testId="5cf201fd-48b0-e922-3a38-ce8bada57b78" testName="ZapretManager.Tests.Lists.ListMergerTests.WriteUtf8_WritesWithoutBom" computerName="MITYA-GRIB" duration="00:00:00.0025328" startTime="2026-05-22T11:33:14.8877638+03:00" endTime="2026-05-22T11:33:14.8877642+03:00" testType="13cdc9d9-ddb5-4fa4-a97d-d965ccfc6d4b" outcome="Passed" testListId="8c84fa94-04c1-424b-9868-57a2d4851a1d" relativeResultsDirectory="c300fe43-3214-436f-acc7-b7085d073dc0" />
    <UnitTestResult executionId="b8d9532c-9d35-4022-b6df-f5db33a079da" testId="c5dab717-ba6c-368e-b26c-acc97d540263" testName="ZapretManager.Tests.Updates.UpdateCheckerTests.IsNewerVersion_ReturnsExpected(remote: &quot;3.0.0&quot;, local: &quot;2.5.0&quot;, expected: True)" computerName="MITYA-GRIB" duration="00:00:00.0000052" startTime="2026-05-22T11:33:14.8174369+03:00" endTime="2026-05-22T11:33:14.8174370+03:00" testType="13cdc9d9-ddb5-4fa4-a97d-d965ccfc6d4b" outcome="Passed" testListId="8c84fa94-04c1-424b-9868-57a2d4851a1d" relativeResultsDirectory="b8d9532c-9d35-4022-b6df-f5db33a079da" />
    <UnitTestResult executionId="fc58336d-aa1f-4d82-bf3c-8ddf78326ee9" testId="408cd4bd-230f-208b-a9a5-ad7cc110282c" testName="ZapretManager.Tests.Updates.UpdateCheckerTests.IsNewerVersion_ReturnsExpected(remote: null, local: &quot;2.5.0&quot;, expected: False)" computerName="MITYA-GRIB" duration="00:00:00.0000031" startTime="2026-05-22T11:33:14.7798983+03:00" endTime="2026-05-22T11:33:14.7798984+03:00" testType="13cdc9d9-ddb5-4fa4-a97d-d965ccfc6d4b" outcome="Passed" testListId="8c84fa94-04c1-424b-9868-57a2d4851a1d" relativeResultsDirectory="fc58336d-aa1f-4d82-bf3c-8ddf78326ee9" />
    <UnitTestResult executionId="7b11f2ab-b37f-4c1a-9eff-e530fd5361d0" testId="29e98d00-8961-6206-9fe4-9fd60c01ce74" testName="ZapretManager.Tests.Updates.HashVerifierTests.VerifyAsync_EmptyExpected_ThrowsArgumentException" computerName="MITYA-GRIB" duration="00:00:00.0173739" startTime="2026-05-22T11:33:14.8639725+03:00" endTime="2026-05-22T11:33:14.8639731+03:00" testType="13cdc9d9-ddb5-4fa4-a97d-d965ccfc6d4b" outcome="Passed" testListId="8c84fa94-04c1-424b-9868-57a2d4851a1d" relativeResultsDirectory="7b11f2ab-b37f-4c1a-9eff-e530fd5361d0" />
    <UnitTestResult executionId="217651ef-38b6-433c-9d9b-371bf25b4e1d" testId="5a016c64-88c3-4551-dadc-9038d54be89c" testName="ZapretManager.Tests.Lists.ListMergerTests.Merge_EmptyLines_NotDuplicated" computerName="MITYA-GRIB" duration="00:00:00.0059729" startTime="2026-05-22T11:33:14.8177896+03:00" endTime="2026-05-22T11:33:14.8177896+03:00" testType="13cdc9d9-ddb5-4fa4-a97d-d965ccfc6d4b" outcome="Passed" testListId="8c84fa94-04c1-424b-9868-57a2d4851a1d" relativeResultsDirectory="217651ef-38b6-433c-9d9b-371bf25b4e1d" />
    <UnitTestResult executionId="c472001a-25c0-4969-a17c-e48ee21f7541" testId="33e9f2b5-949a-af0d-b435-cc1d7b980c50" testName="ZapretManager.Tests.Updates.HashVerifierTests.VerifyAsync_WrongHash_ReturnsFalse" computerName="MITYA-GRIB" duration="00:00:00.0064020" startTime="2026-05-22T11:33:14.8209501+03:00" endTime="2026-05-22T11:33:14.8209501+03:00" testType="13cdc9d9-ddb5-4fa4-a97d-d965ccfc6d4b" outcome="Passed" testListId="8c84fa94-04c1-424b-9868-57a2d4851a1d" relativeResultsDirectory="c472001a-25c0-4969-a17c-e48ee21f7541" />
    <UnitTestResult executionId="46ec6dea-8ac9-43b1-b10b-3e68b4e5f445" testId="e30a4341-92c5-808f-6486-e27eac1bd58e" testName="ZapretManager.Tests.Service.BackupManagerTests.ListBackups_EmptyDirectory_ReturnsEmptyArray" computerName="MITYA-GRIB" duration="00:00:00.0082874" startTime="2026-05-22T11:33:14.8198537+03:00" endTime="2026-05-22T11:33:14.8198538+03:00" testType="13cdc9d9-ddb5-4fa4-a97d-d965ccfc6d4b" outcome="Passed" testListId="8c84fa94-04c1-424b-9868-57a2d4851a1d" relativeResultsDirectory="46ec6dea-8ac9-43b1-b10b-3e68b4e5f445" />
    <UnitTestResult executionId="df411110-9411-49ac-82f6-8b86e69283c6" testId="bca8db57-aafe-04dd-7d78-dbc99b5946e1" testName="ZapretManager.Tests.Updates.HashVerifierTests.ComputeHashAsync_DifferentContent_DifferentHash" computerName="MITYA-GRIB" duration="00:00:00.0119343" startTime="2026-05-22T11:33:14.8200508+03:00" endTime="2026-05-22T11:33:14.8200509+03:00" testType="13cdc9d9-ddb5-4fa4-a97d-d965ccfc6d4b" outcome="Passed" testListId="8c84fa94-04c1-424b-9868-57a2d4851a1d" relativeResultsDirectory="df411110-9411-49ac-82f6-8b86e69283c6" />
    <UnitTestResult executionId="e17755b9-02a4-4dd3-9493-c945fcd61fd7" testId="99edc2df-4cab-5be7-30ab-5e9e46355321" testName="ZapretManager.Tests.Service.BackupManagerTests.CreateBackup_ReturnsNonNullPath" computerName="MITYA-GRIB" duration="00:00:00.0290360" startTime="2026-05-22T11:33:14.8197645+03:00" endTime="2026-05-22T11:33:14.8197647+03:00" testType="13cdc9d9-ddb5-4fa4-a97d-d965ccfc6d4b" outcome="Passed" testListId="8c84fa94-04c1-424b-9868-57a2d4851a1d" relativeResultsDirectory="e17755b9-02a4-4dd3-9493-c945fcd61fd7" />
    <UnitTestResult executionId="a7f30979-5003-4e73-b770-bd823a3d289d" testId="f06cdf60-235b-9a28-767f-4c6cd3acdb9f" testName="ZapretManager.Tests.Lists.ListMergerTests.Merge_DeduplicatesComments" computerName="MITYA-GRIB" duration="00:00:00.0050863" startTime="2026-05-22T11:33:14.8486045+03:00" endTime="2026-05-22T11:33:14.8486053+03:00" testType="13cdc9d9-ddb5-4fa4-a97d-d965ccfc6d4b" outcome="Passed" testListId="8c84fa94-04c1-424b-9868-57a2d4851a1d" relativeResultsDirectory="a7f30979-5003-4e73-b770-bd823a3d289d" />
    <UnitTestResult executionId="49ce0d52-f0ea-4ce7-8181-6c35751d4bbc" testId="2eb9128c-868c-4b7e-e1cb-0ac2a17d1579" testName="ZapretManager.Tests.Lists.ListMergerTests.ReplaceWithOrigin_RemovesObsoleteEntries" computerName="MITYA-GRIB" duration="00:00:00.0550036" startTime="2026-05-22T11:33:14.8446605+03:00" endTime="2026-05-22T11:33:14.8446611+03:00" testType="13cdc9d9-ddb5-4fa4-a97d-d965ccfc6d4b" outcome="Failed" testListId="8c84fa94-04c1-424b-9868-57a2d4851a1d" relativeResultsDirectory="49ce0d52-f0ea-4ce7-8181-6c35751d4bbc">
      <Output>
        <ErrorInfo>
          <Message>Expected result {"kept.com", "new.com", "old.com"} to not contain "old.com" because entries removed from origin should be dropped.</Message>
          <StackTrace>   at FluentAssertions.Execution.XUnit2TestFramework.Throw(String message)&#xD;
   at FluentAssertions.Execution.TestFrameworkProvider.Throw(String message)&#xD;
   at FluentAssertions.Execution.DefaultAssertionStrategy.HandleFailure(String message)&#xD;
   at FluentAssertions.Execution.AssertionScope.FailWith(Func`1 failReasonFunc)&#xD;
   at FluentAssertions.Execution.AssertionScope.FailWith(Func`1 failReasonFunc)&#xD;
   at FluentAssertions.Execution.AssertionScope.FailWith(String message, Object[] args)&#xD;
   at FluentAssertions.Collections.GenericCollectionAssertions`3.NotContain(T unexpected, String because, Object[] becauseArgs)&#xD;
   at ZapretManager.Tests.Lists.ListMergerTests.ReplaceWithOrigin_RemovesObsoleteEntries() in C:\Users\KnyshovDmitry\Downloads\12345-main\12345-main\src\ZapretManager.Tests\Lists\ListMergerTests.cs:line 112&#xD;
   at System.RuntimeMethodHandle.InvokeMethod(Object target, Void** arguments, Signature sig, Boolean isConstructor)&#xD;
   at System.Reflection.MethodBaseInvoker.InvokeWithNoArgs(Object obj, BindingFlags invokeAttr)</StackTrace>
        </ErrorInfo>
      </Output>
    </UnitTestResult>
    <UnitTestResult executionId="615c573b-443b-49aa-9bc3-d3862788c87f" testId="ecc6e109-045c-98a4-20d9-fadd4e027c5e" testName="ZapretManager.Tests.Core.AppConfigTests.Load_ValidJson_DeserializesCorrectly" computerName="MITYA-GRIB" duration="00:00:00.0597815" startTime="2026-05-22T11:33:14.8201227+03:00" endTime="2026-05-22T11:33:14.8201228+03:00" testType="13cdc9d9-ddb5-4fa4-a97d-d965ccfc6d4b" outcome="Passed" testListId="8c84fa94-04c1-424b-9868-57a2d4851a1d" relativeResultsDirectory="615c573b-443b-49aa-9bc3-d3862788c87f" />
    <UnitTestResult executionId="609151b4-8d90-4ea8-8810-4b294597f2fb" testId="b112bfc9-0647-33c5-08d7-dd35f42cc3ec" testName="ZapretManager.Tests.Core.AppConfigTests.Load_DiagnosticsConfig_ParsedCorrectly" computerName="MITYA-GRIB" duration="00:00:00.0060835" startTime="2026-05-22T11:33:14.8272677+03:00" endTime="2026-05-22T11:33:14.8272683+03:00" testType="13cdc9d9-ddb5-4fa4-a97d-d965ccfc6d4b" outcome="Passed" testListId="8c84fa94-04c1-424b-9868-57a2d4851a1d" relativeResultsDirectory="609151b4-8d90-4ea8-8810-4b294597f2fb" />
    <UnitTestResult executionId="f6002bcb-ab62-4e5c-84c3-42cfa294d54c" testId="fdddf065-611f-e0cc-20d6-f4d57251ce38" testName="ZapretManager.Tests.Updates.HashVerifierTests.VerifyAsync_CorrectHash_ReturnsTrue" computerName="MITYA-GRIB" duration="00:00:00.0362546" startTime="2026-05-22T11:33:14.8199154+03:00" endTime="2026-05-22T11:33:14.8199155+03:00" testType="13cdc9d9-ddb5-4fa4-a97d-d965ccfc6d4b" outcome="Passed" testListId="8c84fa94-04c1-424b-9868-57a2d4851a1d" relativeResultsDirectory="f6002bcb-ab62-4e5c-84c3-42cfa294d54c" />
    <UnitTestResult executionId="e4e97037-3ba5-4afa-8393-f7d4ea408ca2" testId="457a5a54-d419-b0fe-3939-785a3293e96e" testName="ZapretManager.Tests.Updates.UpdateCheckerTests.IsNewerVersion_HandlesVPrefix(remote: &quot;2.5.0&quot;, local: &quot;v2.5.0&quot;, expected: False)" computerName="MITYA-GRIB" duration="00:00:00.0002525" startTime="2026-05-22T11:33:14.8175412+03:00" endTime="2026-05-22T11:33:14.8175413+03:00" testType="13cdc9d9-ddb5-4fa4-a97d-d965ccfc6d4b" outcome="Passed" testListId="8c84fa94-04c1-424b-9868-57a2d4851a1d" relativeResultsDirectory="e4e97037-3ba5-4afa-8393-f7d4ea408ca2" />
    <UnitTestResult executionId="78c7ecde-8273-4c33-8c4e-c6e758491f55" testId="56d9741f-b9f5-deda-194d-7025b3696f9d" testName="ZapretManager.Tests.Updates.UpdateCheckerTests.IsNewerVersion_ReturnsExpected(remote: &quot;2.5.1&quot;, local: &quot;2.5.0&quot;, expected: True)" computerName="MITYA-GRIB" duration="00:00:00.0000044" startTime="2026-05-22T11:33:14.8173376+03:00" endTime="2026-05-22T11:33:14.8173376+03:00" testType="13cdc9d9-ddb5-4fa4-a97d-d965ccfc6d4b" outcome="Passed" testListId="8c84fa94-04c1-424b-9868-57a2d4851a1d" relativeResultsDirectory="78c7ecde-8273-4c33-8c4e-c6e758491f55" />
    <UnitTestResult executionId="67d46a5e-7299-4fcc-8a8c-955ed679fe20" testId="3f69f9be-6ad4-fdaa-05e6-192205ca0984" testName="ZapretManager.Tests.Core.AppConfigTests.Load_MissingFile_ReturnsDefaults" computerName="MITYA-GRIB" duration="00:00:00.0012045" startTime="2026-05-22T11:33:14.8286228+03:00" endTime="2026-05-22T11:33:14.8286233+03:00" testType="13cdc9d9-ddb5-4fa4-a97d-d965ccfc6d4b" outcome="Passed" testListId="8c84fa94-04c1-424b-9868-57a2d4851a1d" relativeResultsDirectory="67d46a5e-7299-4fcc-8a8c-955ed679fe20" />
    <UnitTestResult executionId="955ab960-6066-4443-83df-565fb8ba2d61" testId="af91dae1-6c42-f97d-4a64-972dd881c0cd" testName="ZapretManager.Tests.Lists.ListMergerTests.WriteUtf8_RoundTrip_PreservesContent" computerName="MITYA-GRIB" duration="00:00:00.0244681" startTime="2026-05-22T11:33:14.8851056+03:00" endTime="2026-05-22T11:33:14.8851059+03:00" testType="13cdc9d9-ddb5-4fa4-a97d-d965ccfc6d4b" outcome="Passed" testListId="8c84fa94-04c1-424b-9868-57a2d4851a1d" relativeResultsDirectory="955ab960-6066-4443-83df-565fb8ba2d61" />
    <UnitTestResult executionId="6e2e882b-2743-49d0-8e73-9c0e9ce61be1" testId="c37c0ef9-184d-bb5e-6de8-bb8987c0025a" testName="ZapretManager.Tests.Updates.UpdateCheckerTests.IsNewerVersion_HandlesInvalidVersions(remote: &quot;2.5.0&quot;, local: &quot;&quot;, expected: False)" computerName="MITYA-GRIB" duration="00:00:00.0003010" startTime="2026-05-22T11:33:14.8177014+03:00" endTime="2026-05-22T11:33:14.8177015+03:00" testType="13cdc9d9-ddb5-4fa4-a97d-d965ccfc6d4b" outcome="Passed" testListId="8c84fa94-04c1-424b-9868-57a2d4851a1d" relativeResultsDirectory="6e2e882b-2743-49d0-8e73-9c0e9ce61be1" />
    <UnitTestResult executionId="c11d7204-1751-414d-83ef-ce55323d8143" testId="bd35ae35-54d3-d7c4-f120-01356e352ee2" testName="ZapretManager.Tests.Core.AppConfigTests.Load_EmptyJson_ReturnsDefaults" computerName="MITYA-GRIB" duration="00:00:00.0029221" startTime="2026-05-22T11:33:14.8210310+03:00" endTime="2026-05-22T11:33:14.8210311+03:00" testType="13cdc9d9-ddb5-4fa4-a97d-d965ccfc6d4b" outcome="Passed" testListId="8c84fa94-04c1-424b-9868-57a2d4851a1d" relativeResultsDirectory="c11d7204-1751-414d-83ef-ce55323d8143" />
    <UnitTestResult executionId="68ec63c0-4e0c-4d47-928d-6cb1b5c9bdd2" testId="2e77bd0f-3a47-c4be-c627-d56b894dcd2f" testName="ZapretManager.Tests.Lists.ListMergerTests.WriteUtf8_CreatesParentDirectory" computerName="MITYA-GRIB" duration="00:00:00.0039590" startTime="2026-05-22T11:33:14.8518011+03:00" endTime="2026-05-22T11:33:14.8518017+03:00" testType="13cdc9d9-ddb5-4fa4-a97d-d965ccfc6d4b" outcome="Passed" testListId="8c84fa94-04c1-424b-9868-57a2d4851a1d" relativeResultsDirectory="68ec63c0-4e0c-4d47-928d-6cb1b5c9bdd2" />
    <UnitTestResult executionId="5805f990-a174-43ed-b271-1d10fd31261c" testId="429c9d05-be0c-99fa-43e4-84187a1c1e54" testName="ZapretManager.Tests.Lists.ListMergerTests.Merge_PreservesComments" computerName="MITYA-GRIB" duration="00:00:00.0033668" startTime="2026-05-22T11:33:14.8450742+03:00" endTime="2026-05-22T11:33:14.8450744+03:00" testType="13cdc9d9-ddb5-4fa4-a97d-d965ccfc6d4b" outcome="Passed" testListId="8c84fa94-04c1-424b-9868-57a2d4851a1d" relativeResultsDirectory="5805f990-a174-43ed-b271-1d10fd31261c" />
    <UnitTestResult executionId="a7c9f7f9-b598-42b2-a4ec-36dfbee0a32d" testId="6e069a41-d59e-2718-0274-79f9b30679b7" testName="ZapretManager.Tests.Updates.UpdateCheckerTests.IsNewerVersion_ReturnsExpected(remote: &quot;2.6.0&quot;, local: &quot;2.5.0&quot;, expected: True)" computerName="MITYA-GRIB" duration="00:00:00.0000181" startTime="2026-05-22T11:33:14.7798526+03:00" endTime="2026-05-22T11:33:14.7798527+03:00" testType="13cdc9d9-ddb5-4fa4-a97d-d965ccfc6d4b" outcome="Passed" testListId="8c84fa94-04c1-424b-9868-57a2d4851a1d" relativeResultsDirectory="a7c9f7f9-b598-42b2-a4ec-36dfbee0a32d" />
    <UnitTestResult executionId="b65633ca-614c-496a-af95-8ce33aab532f" testId="cf8e82d9-9d5d-5fed-050b-04dd9374e9ba" testName="ZapretManager.Tests.Updates.UpdateCheckerTests.IsNewerVersion_ReturnsExpected(remote: &quot;2.4.9&quot;, local: &quot;2.5.0&quot;, expected: False)" computerName="MITYA-GRIB" duration="00:00:00.0000032" startTime="2026-05-22T11:33:14.8173877+03:00" endTime="2026-05-22T11:33:14.8173877+03:00" testType="13cdc9d9-ddb5-4fa4-a97d-d965ccfc6d4b" outcome="Passed" testListId="8c84fa94-04c1-424b-9868-57a2d4851a1d" relativeResultsDirectory="b65633ca-614c-496a-af95-8ce33aab532f" />
    <UnitTestResult executionId="2e9ed5f3-a40e-4d59-8df8-acf60eeb62c7" testId="19454db4-de16-191f-9c43-9735bdbaa7fe" testName="ZapretManager.Tests.Updates.HashVerifierTests.ComputeHashAsync_SameContent_SameHash" computerName="MITYA-GRIB" duration="00:00:00.0120631" startTime="2026-05-22T11:33:14.8348562+03:00" endTime="2026-05-22T11:33:14.8348570+03:00" testType="13cdc9d9-ddb5-4fa4-a97d-d965ccfc6d4b" outcome="Passed" testListId="8c84fa94-04c1-424b-9868-57a2d4851a1d" relativeResultsDirectory="2e9ed5f3-a40e-4d59-8df8-acf60eeb62c7" />
    <UnitTestResult executionId="f261a784-2be4-4627-9a8f-3a05bd1b76a1" testId="522e1b6d-7212-8ac5-8fcc-2d54b3b5057b" testName="ZapretManager.Tests.Updates.UpdateCheckerTests.IsNewerVersion_ReturnsExpected(remote: &quot;2.5.0&quot;, local: null, expected: False)" computerName="MITYA-GRIB" duration="00:00:00.0000035" startTime="2026-05-22T11:33:14.8171071+03:00" endTime="2026-05-22T11:33:14.8171073+03:00" testType="13cdc9d9-ddb5-4fa4-a97d-d965ccfc6d4b" outcome="Passed" testListId="8c84fa94-04c1-424b-9868-57a2d4851a1d" relativeResultsDirectory="f261a784-2be4-4627-9a8f-3a05bd1b76a1" />
    <UnitTestResult executionId="fba1533c-da9c-4ee6-9d18-728abe7b3f8e" testId="160e1fb2-a6d0-9e87-4c99-a5c3814016d3" testName="ZapretManager.Tests.Updates.UpdateCheckerTests.IsNewerVersion_HandlesVPrefix(remote: &quot;V2.5.1&quot;, local: &quot;2.5.0&quot;, expected: True)" computerName="MITYA-GRIB" duration="00:00:00.0000090" startTime="2026-05-22T11:33:14.8175863+03:00" endTime="2026-05-22T11:33:14.8175864+03:00" testType="13cdc9d9-ddb5-4fa4-a97d-d965ccfc6d4b" outcome="Passed" testListId="8c84fa94-04c1-424b-9868-57a2d4851a1d" relativeResultsDirectory="fba1533c-da9c-4ee6-9d18-728abe7b3f8e" />
    <UnitTestResult executionId="ca477795-d176-450f-aec3-15e75832e08b" testId="11b46009-150e-368c-de94-341585a5270f" testName="ZapretManager.Tests.Service.BackupManagerTests.CreateBackup_CreatesZipFile" computerName="MITYA-GRIB" duration="00:00:00.0100971" startTime="2026-05-22T11:33:14.8199853+03:00" endTime="2026-05-22T11:33:14.8199853+03:00" testType="13cdc9d9-ddb5-4fa4-a97d-d965ccfc6d4b" outcome="Passed" testListId="8c84fa94-04c1-424b-9868-57a2d4851a1d" relativeResultsDirectory="ca477795-d176-450f-aec3-15e75832e08b" />
    <UnitTestResult executionId="5611d981-90e5-46b8-bb28-1b6c80be2393" testId="a67eda8e-60c9-7fd8-e9ee-000d76167ad7" testName="ZapretManager.Tests.Updates.HashVerifierTests.ComputeHashAsync_ReturnsLowercaseHex" computerName="MITYA-GRIB" duration="00:00:00.0085901" startTime="2026-05-22T11:33:14.8460597+03:00" endTime="2026-05-22T11:33:14.8460601+03:00" testType="13cdc9d9-ddb5-4fa4-a97d-d965ccfc6d4b" outcome="Passed" testListId="8c84fa94-04c1-424b-9868-57a2d4851a1d" relativeResultsDirectory="5611d981-90e5-46b8-bb28-1b6c80be2393" />
    <UnitTestResult executionId="c9c28db9-5a03-415b-988f-764595ddf36f" testId="e4e19066-fd8d-36d1-900c-a4140591004b" testName="ZapretManager.Tests.Lists.ListMergerTests.Merge_ExistingFile_PreservesOldLines" computerName="MITYA-GRIB" duration="00:00:00.0034067" startTime="2026-05-22T11:33:14.8552863+03:00" endTime="2026-05-22T11:33:14.8552868+03:00" testType="13cdc9d9-ddb5-4fa4-a97d-d965ccfc6d4b" outcome="Passed" testListId="8c84fa94-04c1-424b-9868-57a2d4851a1d" relativeResultsDirectory="c9c28db9-5a03-415b-988f-764595ddf36f" />
    <UnitTestResult executionId="e6103ede-9439-4c43-9de8-6f2772ea95cb" testId="88e83f7b-0619-6c41-ca20-dfe89482952c" testName="ZapretManager.Tests.Service.BackupManagerTests.RestoreBackup_ValidZip_ReturnsTrueAndRestoresFile" computerName="MITYA-GRIB" duration="00:00:00.0169412" startTime="2026-05-22T11:33:14.8529025+03:00" endTime="2026-05-22T11:33:14.8529031+03:00" testType="13cdc9d9-ddb5-4fa4-a97d-d965ccfc6d4b" outcome="Passed" testListId="8c84fa94-04c1-424b-9868-57a2d4851a1d" relativeResultsDirectory="e6103ede-9439-4c43-9de8-6f2772ea95cb" />
    <UnitTestResult executionId="10da8114-301c-4fbf-9b8b-3509806ab002" testId="909692b3-bbbc-ee15-bd40-64f9deaf29a5" testName="ZapretManager.Tests.Updates.UpdateCheckerTests.IsNewerVersion_HandlesVPrefix(remote: &quot;v2.5.1&quot;, local: &quot;2.5.0&quot;, expected: True)" computerName="MITYA-GRIB" duration="00:00:00.0001110" startTime="2026-05-22T11:33:14.8174971+03:00" endTime="2026-05-22T11:33:14.8174971+03:00" testType="13cdc9d9-ddb5-4fa4-a97d-d965ccfc6d4b" outcome="Passed" testListId="8c84fa94-04c1-424b-9868-57a2d4851a1d" relativeResultsDirectory="10da8114-301c-4fbf-9b8b-3509806ab002" />
    <UnitTestResult executionId="f1ce2dce-d869-46f9-ad05-8e8490c916a1" testId="ac97fe78-eea5-f8ef-10a8-38872c57abcb" testName="ZapretManager.Tests.Lists.ListMergerTests.Merge_NewFile_ReturnsNewLines" computerName="MITYA-GRIB" duration="00:00:00.0012399" startTime="2026-05-22T11:33:14.8605079+03:00" endTime="2026-05-22T11:33:14.8605083+03:00" testType="13cdc9d9-ddb5-4fa4-a97d-d965ccfc6d4b" outcome="Passed" testListId="8c84fa94-04c1-424b-9868-57a2d4851a1d" relativeResultsDirectory="f1ce2dce-d869-46f9-ad05-8e8490c916a1" />
    <UnitTestResult executionId="97293035-7fbb-4598-8f39-c9c8f0be6230" testId="d53e95c9-a148-1d0d-4567-56d2a77e7f34" testName="ZapretManager.Tests.Service.BackupManagerTests.CreateBackup_ZipContainsExpectedFiles" computerName="MITYA-GRIB" duration="00:00:00.0134399" startTime="2026-05-22T11:33:14.8208119+03:00" endTime="2026-05-22T11:33:14.8208121+03:00" testType="13cdc9d9-ddb5-4fa4-a97d-d965ccfc6d4b" outcome="Passed" testListId="8c84fa94-04c1-424b-9868-57a2d4851a1d" relativeResultsDirectory="97293035-7fbb-4598-8f39-c9c8f0be6230" />
    <UnitTestResult executionId="85a4b2df-0ed3-4b2f-9c37-228c614d7747" testId="d6faa7a6-d3bd-a83e-46f4-918a575f300a" testName="ZapretManager.Tests.Service.BackupManagerTests.RestoreBackup_MissingFile_ReturnsFalse" computerName="MITYA-GRIB" duration="00:00:00.0065539" startTime="2026-05-22T11:33:14.8365900+03:00" endTime="2026-05-22T11:33:14.8365907+03:00" testType="13cdc9d9-ddb5-4fa4-a97d-d965ccfc6d4b" outcome="Passed" testListId="8c84fa94-04c1-424b-9868-57a2d4851a1d" relativeResultsDirectory="85a4b2df-0ed3-4b2f-9c37-228c614d7747" />
    <UnitTestResult executionId="5f712a7c-e129-452e-966a-154ba5e9a2c4" testId="fc419844-0d41-63a8-4383-cec71729d42f" testName="ZapretManager.Tests.Core.AppConfigTests.Load_WatchdogConfig_HasSensibleDefaults" computerName="MITYA-GRIB" duration="00:00:00.0020774" startTime="2026-05-22T11:33:14.8208838+03:00" endTime="2026-05-22T11:33:14.8208838+03:00" testType="13cdc9d9-ddb5-4fa4-a97d-d965ccfc6d4b" outcome="Passed" testListId="8c84fa94-04c1-424b-9868-57a2d4851a1d" relativeResultsDirectory="5f712a7c-e129-452e-966a-154ba5e9a2c4" />
  </Results>
  <TestDefinitions>
    <UnitTest name="ZapretManager.Tests.Updates.UpdateCheckerTests.IsNewerVersion_HandlesVPrefix(remote: &quot;v2.5.1&quot;, local: &quot;2.5.0&quot;, expected: True)" storage="c:\users\knyshovdmitry\downloads\12345-main\12345-main\src\zapretmanager.tests\bin\release\net8.0-windows\zapretmanager.tests.dll" id="909692b3-bbbc-ee15-bd40-64f9deaf29a5">
      <Execution id="10da8114-301c-4fbf-9b8b-3509806ab002" />
      <TestMethod codeBase="C:\Users\KnyshovDmitry\Downloads\12345-main\12345-main\src\ZapretManager.Tests\bin\Release\net8.0-windows\ZapretManager.Tests.dll" adapterTypeName="executor://xunit/VsTestRunner2/netcoreapp" className="ZapretManager.Tests.Updates.UpdateCheckerTests" name="IsNewerVersion_HandlesVPrefix" />
    </UnitTest>
    <UnitTest name="ZapretManager.Tests.Updates.UpdateCheckerTests.IsNewerVersion_HandlesInvalidVersions(remote: &quot;2.5.0&quot;, local: &quot;&quot;, expected: False)" storage="c:\users\knyshovdmitry\downloads\12345-main\12345-main\src\zapretmanager.tests\bin\release\net8.0-windows\zapretmanager.tests.dll" id="c37c0ef9-184d-bb5e-6de8-bb8987c0025a">
      <Execution id="6e2e882b-2743-49d0-8e73-9c0e9ce61be1" />
      <TestMethod codeBase="C:\Users\KnyshovDmitry\Downloads\12345-main\12345-main\src\ZapretManager.Tests\bin\Release\net8.0-windows\ZapretManager.Tests.dll" adapterTypeName="executor://xunit/VsTestRunner2/netcoreapp" className="ZapretManager.Tests.Updates.UpdateCheckerTests" name="IsNewerVersion_HandlesInvalidVersions" />
    </UnitTest>
    <UnitTest name="ZapretManager.Tests.Service.BackupManagerTests.ListBackups_OrderedNewestFirst" storage="c:\users\knyshovdmitry\downloads\12345-main\12345-main\src\zapretmanager.tests\bin\release\net8.0-windows\zapretmanager.tests.dll" id="07029d4b-5681-3086-24ea-6e9f26ae5457">
      <Execution id="09bd8eb6-ba1e-49b2-a32d-8d17e4a1f6fa" />
      <TestMethod codeBase="C:\Users\KnyshovDmitry\Downloads\12345-main\12345-main\src\ZapretManager.Tests\bin\Release\net8.0-windows\ZapretManager.Tests.dll" adapterTypeName="executor://xunit/VsTestRunner2/netcoreapp" className="ZapretManager.Tests.Service.BackupManagerTests" name="ListBackups_OrderedNewestFirst" />
    </UnitTest>
    <UnitTest name="ZapretManager.Tests.Updates.UpdateCheckerTests.IsNewerVersion_HandlesVPrefix(remote: &quot;2.5.0&quot;, local: &quot;v2.5.0&quot;, expected: False)" storage="c:\users\knyshovdmitry\downloads\12345-main\12345-main\src\zapretmanager.tests\bin\release\net8.0-windows\zapretmanager.tests.dll" id="457a5a54-d419-b0fe-3939-785a3293e96e">
      <Execution id="e4e97037-3ba5-4afa-8393-f7d4ea408ca2" />
      <TestMethod codeBase="C:\Users\KnyshovDmitry\Downloads\12345-main\12345-main\src\ZapretManager.Tests\bin\Release\net8.0-windows\ZapretManager.Tests.dll" adapterTypeName="executor://xunit/VsTestRunner2/netcoreapp" className="ZapretManager.Tests.Updates.UpdateCheckerTests" name="IsNewerVersion_HandlesVPrefix" />
    </UnitTest>
    <UnitTest name="ZapretManager.Tests.Updates.HashVerifierTests.VerifyAsync_EmptyExpected_ThrowsArgumentException" storage="c:\users\knyshovdmitry\downloads\12345-main\12345-main\src\zapretmanager.tests\bin\release\net8.0-windows\zapretmanager.tests.dll" id="29e98d00-8961-6206-9fe4-9fd60c01ce74">
      <Execution id="7b11f2ab-b37f-4c1a-9eff-e530fd5361d0" />
      <TestMethod codeBase="C:\Users\KnyshovDmitry\Downloads\12345-main\12345-main\src\ZapretManager.Tests\bin\Release\net8.0-windows\ZapretManager.Tests.dll" adapterTypeName="executor://xunit/VsTestRunner2/netcoreapp" className="ZapretManager.Tests.Updates.HashVerifierTests" name="VerifyAsync_EmptyExpected_ThrowsArgumentException" />
    </UnitTest>
    <UnitTest name="ZapretManager.Tests.Service.BackupManagerTests.CreateBackup_ReturnsNonNullPath" storage="c:\users\knyshovdmitry\downloads\12345-main\12345-main\src\zapretmanager.tests\bin\release\net8.0-windows\zapretmanager.tests.dll" id="99edc2df-4cab-5be7-30ab-5e9e46355321">
      <Execution id="e17755b9-02a4-4dd3-9493-c945fcd61fd7" />
      <TestMethod codeBase="C:\Users\KnyshovDmitry\Downloads\12345-main\12345-main\src\ZapretManager.Tests\bin\Release\net8.0-windows\ZapretManager.Tests.dll" adapterTypeName="executor://xunit/VsTestRunner2/netcoreapp" className="ZapretManager.Tests.Service.BackupManagerTests" name="CreateBackup_ReturnsNonNullPath" />
    </UnitTest>
    <UnitTest name="ZapretManager.Tests.Service.BackupManagerTests.CreateBackup_CreatesZipFile" storage="c:\users\knyshovdmitry\downloads\12345-main\12345-main\src\zapretmanager.tests\bin\release\net8.0-windows\zapretmanager.tests.dll" id="11b46009-150e-368c-de94-341585a5270f">
      <Execution id="ca477795-d176-450f-aec3-15e75832e08b" />
      <TestMethod codeBase="C:\Users\KnyshovDmitry\Downloads\12345-main\12345-main\src\ZapretManager.Tests\bin\Release\net8.0-windows\ZapretManager.Tests.dll" adapterTypeName="executor://xunit/VsTestRunner2/netcoreapp" className="ZapretManager.Tests.Service.BackupManagerTests" name="CreateBackup_CreatesZipFile" />
    </UnitTest>
    <UnitTest name="ZapretManager.Tests.Lists.ListMergerTests.Merge_PreservesComments" storage="c:\users\knyshovdmitry\downloads\12345-main\12345-main\src\zapretmanager.tests\bin\release\net8.0-windows\zapretmanager.tests.dll" id="429c9d05-be0c-99fa-43e4-84187a1c1e54">
      <Execution id="5805f990-a174-43ed-b271-1d10fd31261c" />
      <TestMethod codeBase="C:\Users\KnyshovDmitry\Downloads\12345-main\12345-main\src\ZapretManager.Tests\bin\Release\net8.0-windows\ZapretManager.Tests.dll" adapterTypeName="executor://xunit/VsTestRunner2/netcoreapp" className="ZapretManager.Tests.Lists.ListMergerTests" name="Merge_PreservesComments" />
    </UnitTest>
    <UnitTest name="ZapretManager.Tests.Updates.UpdateCheckerTests.IsNewerVersion_ReturnsExpected(remote: &quot;2.5.0&quot;, local: &quot;2.5.0&quot;, expected: False)" storage="c:\users\knyshovdmitry\downloads\12345-main\12345-main\src\zapretmanager.tests\bin\release\net8.0-windows\zapretmanager.tests.dll" id="2b151007-0d73-6316-9468-859f9e871143">
      <Execution id="963ac928-e9f9-4287-9189-206a35572666" />
      <TestMethod codeBase="C:\Users\KnyshovDmitry\Downloads\12345-main\12345-main\src\ZapretManager.Tests\bin\Release\net8.0-windows\ZapretManager.Tests.dll" adapterTypeName="executor://xunit/VsTestRunner2/netcoreapp" className="ZapretManager.Tests.Updates.UpdateCheckerTests" name="IsNewerVersion_ReturnsExpected" />
    </UnitTest>
    <UnitTest name="ZapretManager.Tests.Lists.ListMergerTests.ReplaceWithOrigin_PreservesUserAddedEntries" storage="c:\users\knyshovdmitry\downloads\12345-main\12345-main\src\zapretmanager.tests\bin\release\net8.0-windows\zapretmanager.tests.dll" id="685732bf-f036-bfe4-7d4e-2827693848b0">
      <Execution id="c9d16172-a009-47a1-98be-bb229e953f3a" />
      <TestMethod codeBase="C:\Users\KnyshovDmitry\Downloads\12345-main\12345-main\src\ZapretManager.Tests\bin\Release\net8.0-windows\ZapretManager.Tests.dll" adapterTypeName="executor://xunit/VsTestRunner2/netcoreapp" className="ZapretManager.Tests.Lists.ListMergerTests" name="ReplaceWithOrigin_PreservesUserAddedEntries" />
    </UnitTest>
    <UnitTest name="ZapretManager.Tests.Updates.UpdateCheckerTests.IsNewerVersion_ReturnsExpected(remote: null, local: null, expected: False)" storage="c:\users\knyshovdmitry\downloads\12345-main\12345-main\src\zapretmanager.tests\bin\release\net8.0-windows\zapretmanager.tests.dll" id="10262751-b318-5990-0215-15d860562f98">
      <Execution id="ffba2db8-f2c9-4926-9c32-2ebd51400ea9" />
      <TestMethod codeBase="C:\Users\KnyshovDmitry\Downloads\12345-main\12345-main\src\ZapretManager.Tests\bin\Release\net8.0-windows\ZapretManager.Tests.dll" adapterTypeName="executor://xunit/VsTestRunner2/netcoreapp" className="ZapretManager.Tests.Updates.UpdateCheckerTests" name="IsNewerVersion_ReturnsExpected" />
    </UnitTest>
    <UnitTest name="ZapretManager.Tests.Lists.ListMergerTests.Merge_RemovesDuplicates_CaseInsensitive" storage="c:\users\knyshovdmitry\downloads\12345-main\12345-main\src\zapretmanager.tests\bin\release\net8.0-windows\zapretmanager.tests.dll" id="6645c9d4-a101-d474-0e91-21f3aa494d98">
      <Execution id="3e2f3bb1-501f-47ef-89bd-16f688a08555" />
      <TestMethod codeBase="C:\Users\KnyshovDmitry\Downloads\12345-main\12345-main\src\ZapretManager.Tests\bin\Release\net8.0-windows\ZapretManager.Tests.dll" adapterTypeName="executor://xunit/VsTestRunner2/netcoreapp" className="ZapretManager.Tests.Lists.ListMergerTests" name="Merge_RemovesDuplicates_CaseInsensitive" />
    </UnitTest>
    <UnitTest name="ZapretManager.Tests.Core.AppConfigTests.Load_ValidJson_DeserializesCorrectly" storage="c:\users\knyshovdmitry\downloads\12345-main\12345-main\src\zapretmanager.tests\bin\release\net8.0-windows\zapretmanager.tests.dll" id="ecc6e109-045c-98a4-20d9-fadd4e027c5e">
      <Execution id="615c573b-443b-49aa-9bc3-d3862788c87f" />
      <TestMethod codeBase="C:\Users\KnyshovDmitry\Downloads\12345-main\12345-main\src\ZapretManager.Tests\bin\Release\net8.0-windows\ZapretManager.Tests.dll" adapterTypeName="executor://xunit/VsTestRunner2/netcoreapp" className="ZapretManager.Tests.Core.AppConfigTests" name="Load_ValidJson_DeserializesCorrectly" />
    </UnitTest>
    <UnitTest name="ZapretManager.Tests.Updates.UpdateCheckerTests.IsNewerVersion_HandlesInvalidVersions(remote: &quot;&quot;, local: &quot;2.5.0&quot;, expected: False)" storage="c:\users\knyshovdmitry\downloads\12345-main\12345-main\src\zapretmanager.tests\bin\release\net8.0-windows\zapretmanager.tests.dll" id="b2ac25fa-d82d-5244-14d4-bef8b4e6ac98">
      <Execution id="44316b0d-eaab-4d0e-a167-d1d83b0fa1c4" />
      <TestMethod codeBase="C:\Users\KnyshovDmitry\Downloads\12345-main\12345-main\src\ZapretManager.Tests\bin\Release\net8.0-windows\ZapretManager.Tests.dll" adapterTypeName="executor://xunit/VsTestRunner2/netcoreapp" className="ZapretManager.Tests.Updates.UpdateCheckerTests" name="IsNewerVersion_HandlesInvalidVersions" />
    </UnitTest>
    <UnitTest name="ZapretManager.Tests.Service.BackupManagerTests.CreateBackup_Rotation_KeepsOnlyN" storage="c:\users\knyshovdmitry\downloads\12345-main\12345-main\src\zapretmanager.tests\bin\release\net8.0-windows\zapretmanager.tests.dll" id="66e6b8bf-4526-043c-4c9d-a92f441bcc55">
      <Execution id="0aed2162-68b3-434d-86d1-051e70601b0e" />
      <TestMethod codeBase="C:\Users\KnyshovDmitry\Downloads\12345-main\12345-main\src\ZapretManager.Tests\bin\Release\net8.0-windows\ZapretManager.Tests.dll" adapterTypeName="executor://xunit/VsTestRunner2/netcoreapp" className="ZapretManager.Tests.Service.BackupManagerTests" name="CreateBackup_Rotation_KeepsOnlyN" />
    </UnitTest>
    <UnitTest name="ZapretManager.Tests.Lists.ListMergerTests.WriteUtf8_RoundTrip_PreservesContent" storage="c:\users\knyshovdmitry\downloads\12345-main\12345-main\src\zapretmanager.tests\bin\release\net8.0-windows\zapretmanager.tests.dll" id="af91dae1-6c42-f97d-4a64-972dd881c0cd">
      <Execution id="955ab960-6066-4443-83df-565fb8ba2d61" />
      <TestMethod codeBase="C:\Users\KnyshovDmitry\Downloads\12345-main\12345-main\src\ZapretManager.Tests\bin\Release\net8.0-windows\ZapretManager.Tests.dll" adapterTypeName="executor://xunit/VsTestRunner2/netcoreapp" className="ZapretManager.Tests.Lists.ListMergerTests" name="WriteUtf8_RoundTrip_PreservesContent" />
    </UnitTest>
    <UnitTest name="ZapretManager.Tests.Core.AppConfigTests.Load_MissingFile_ReturnsDefaults" storage="c:\users\knyshovdmitry\downloads\12345-main\12345-main\src\zapretmanager.tests\bin\release\net8.0-windows\zapretmanager.tests.dll" id="3f69f9be-6ad4-fdaa-05e6-192205ca0984">
      <Execution id="67d46a5e-7299-4fcc-8a8c-955ed679fe20" />
      <TestMethod codeBase="C:\Users\KnyshovDmitry\Downloads\12345-main\12345-main\src\ZapretManager.Tests\bin\Release\net8.0-windows\ZapretManager.Tests.dll" adapterTypeName="executor://xunit/VsTestRunner2/netcoreapp" className="ZapretManager.Tests.Core.AppConfigTests" name="Load_MissingFile_ReturnsDefaults" />
    </UnitTest>
    <UnitTest name="ZapretManager.Tests.Updates.UpdateCheckerTests.IsNewerVersion_ReturnsExpected(remote: &quot;2.5.0&quot;, local: null, expected: False)" storage="c:\users\knyshovdmitry\downloads\12345-main\12345-main\src\zapretmanager.tests\bin\release\net8.0-windows\zapretmanager.tests.dll" id="522e1b6d-7212-8ac5-8fcc-2d54b3b5057b">
      <Execution id="f261a784-2be4-4627-9a8f-3a05bd1b76a1" />
      <TestMethod codeBase="C:\Users\KnyshovDmitry\Downloads\12345-main\12345-main\src\ZapretManager.Tests\bin\Release\net8.0-windows\ZapretManager.Tests.dll" adapterTypeName="executor://xunit/VsTestRunner2/netcoreapp" className="ZapretManager.Tests.Updates.UpdateCheckerTests" name="IsNewerVersion_ReturnsExpected" />
    </UnitTest>
    <UnitTest name="ZapretManager.Tests.Updates.HashVerifierTests.VerifyAsync_WrongHash_ReturnsFalse" storage="c:\users\knyshovdmitry\downloads\12345-main\12345-main\src\zapretmanager.tests\bin\release\net8.0-windows\zapretmanager.tests.dll" id="33e9f2b5-949a-af0d-b435-cc1d7b980c50">
      <Execution id="c472001a-25c0-4969-a17c-e48ee21f7541" />
      <TestMethod codeBase="C:\Users\KnyshovDmitry\Downloads\12345-main\12345-main\src\ZapretManager.Tests\bin\Release\net8.0-windows\ZapretManager.Tests.dll" adapterTypeName="executor://xunit/VsTestRunner2/netcoreapp" className="ZapretManager.Tests.Updates.HashVerifierTests" name="VerifyAsync_WrongHash_ReturnsFalse" />
    </UnitTest>
    <UnitTest name="ZapretManager.Tests.Updates.UpdateCheckerTests.IsNewerVersion_ReturnsExpected(remote: &quot;2.5.1&quot;, local: &quot;2.5.0&quot;, expected: True)" storage="c:\users\knyshovdmitry\downloads\12345-main\12345-main\src\zapretmanager.tests\bin\release\net8.0-windows\zapretmanager.tests.dll" id="56d9741f-b9f5-deda-194d-7025b3696f9d">
      <Execution id="78c7ecde-8273-4c33-8c4e-c6e758491f55" />
      <TestMethod codeBase="C:\Users\KnyshovDmitry\Downloads\12345-main\12345-main\src\ZapretManager.Tests\bin\Release\net8.0-windows\ZapretManager.Tests.dll" adapterTypeName="executor://xunit/VsTestRunner2/netcoreapp" className="ZapretManager.Tests.Updates.UpdateCheckerTests" name="IsNewerVersion_ReturnsExpected" />
    </UnitTest>
    <UnitTest name="ZapretManager.Tests.Service.BackupManagerTests.ListBackups_AfterCreate_ReturnsSingleBackup" storage="c:\users\knyshovdmitry\downloads\12345-main\12345-main\src\zapretmanager.tests\bin\release\net8.0-windows\zapretmanager.tests.dll" id="c45ce7a3-aa7a-5f35-f3b8-a98b72e43537">
      <Execution id="fab0abd7-ae59-4f58-9498-896f86825e59" />
      <TestMethod codeBase="C:\Users\KnyshovDmitry\Downloads\12345-main\12345-main\src\ZapretManager.Tests\bin\Release\net8.0-windows\ZapretManager.Tests.dll" adapterTypeName="executor://xunit/VsTestRunner2/netcoreapp" className="ZapretManager.Tests.Service.BackupManagerTests" name="ListBackups_AfterCreate_ReturnsSingleBackup" />
    </UnitTest>
    <UnitTest name="ZapretManager.Tests.Updates.UpdateCheckerTests.IsNewerVersion_HandlesVPrefix(remote: &quot;V2.5.1&quot;, local: &quot;2.5.0&quot;, expected: True)" storage="c:\users\knyshovdmitry\downloads\12345-main\12345-main\src\zapretmanager.tests\bin\release\net8.0-windows\zapretmanager.tests.dll" id="160e1fb2-a6d0-9e87-4c99-a5c3814016d3">
      <Execution id="fba1533c-da9c-4ee6-9d18-728abe7b3f8e" />
      <TestMethod codeBase="C:\Users\KnyshovDmitry\Downloads\12345-main\12345-main\src\ZapretManager.Tests\bin\Release\net8.0-windows\ZapretManager.Tests.dll" adapterTypeName="executor://xunit/VsTestRunner2/netcoreapp" className="ZapretManager.Tests.Updates.UpdateCheckerTests" name="IsNewerVersion_HandlesVPrefix" />
    </UnitTest>
    <UnitTest name="ZapretManager.Tests.Updates.HashVerifierTests.VerifyAsync_CorrectHash_ReturnsTrue" storage="c:\users\knyshovdmitry\downloads\12345-main\12345-main\src\zapretmanager.tests\bin\release\net8.0-windows\zapretmanager.tests.dll" id="fdddf065-611f-e0cc-20d6-f4d57251ce38">
      <Execution id="f6002bcb-ab62-4e5c-84c3-42cfa294d54c" />
      <TestMethod codeBase="C:\Users\KnyshovDmitry\Downloads\12345-main\12345-main\src\ZapretManager.Tests\bin\Release\net8.0-windows\ZapretManager.Tests.dll" adapterTypeName="executor://xunit/VsTestRunner2/netcoreapp" className="ZapretManager.Tests.Updates.HashVerifierTests" name="VerifyAsync_CorrectHash_ReturnsTrue" />
    </UnitTest>
    <UnitTest name="ZapretManager.Tests.Core.AppConfigTests.Load_WatchdogConfig_HasSensibleDefaults" storage="c:\users\knyshovdmitry\downloads\12345-main\12345-main\src\zapretmanager.tests\bin\release\net8.0-windows\zapretmanager.tests.dll" id="fc419844-0d41-63a8-4383-cec71729d42f">
      <Execution id="5f712a7c-e129-452e-966a-154ba5e9a2c4" />
      <TestMethod codeBase="C:\Users\KnyshovDmitry\Downloads\12345-main\12345-main\src\ZapretManager.Tests\bin\Release\net8.0-windows\ZapretManager.Tests.dll" adapterTypeName="executor://xunit/VsTestRunner2/netcoreapp" className="ZapretManager.Tests.Core.AppConfigTests" name="Load_WatchdogConfig_HasSensibleDefaults" />
    </UnitTest>
    <UnitTest name="ZapretManager.Tests.Core.AppConfigTests.Load_DiagnosticsConfig_ParsedCorrectly" storage="c:\users\knyshovdmitry\downloads\12345-main\12345-main\src\zapretmanager.tests\bin\release\net8.0-windows\zapretmanager.tests.dll" id="b112bfc9-0647-33c5-08d7-dd35f42cc3ec">
      <Execution id="609151b4-8d90-4ea8-8810-4b294597f2fb" />
      <TestMethod codeBase="C:\Users\KnyshovDmitry\Downloads\12345-main\12345-main\src\ZapretManager.Tests\bin\Release\net8.0-windows\ZapretManager.Tests.dll" adapterTypeName="executor://xunit/VsTestRunner2/netcoreapp" className="ZapretManager.Tests.Core.AppConfigTests" name="Load_DiagnosticsConfig_ParsedCorrectly" />
    </UnitTest>
    <UnitTest name="ZapretManager.Tests.Core.AppConfigTests.Load_BrokenJson_ReturnsDefaults" storage="c:\users\knyshovdmitry\downloads\12345-main\12345-main\src\zapretmanager.tests\bin\release\net8.0-windows\zapretmanager.tests.dll" id="55342c5f-6882-d4c0-541c-0528ff0a9c0b">
      <Execution id="c5d84849-6a07-406c-a2ed-e01f090e3bc2" />
      <TestMethod codeBase="C:\Users\KnyshovDmitry\Downloads\12345-main\12345-main\src\ZapretManager.Tests\bin\Release\net8.0-windows\ZapretManager.Tests.dll" adapterTypeName="executor://xunit/VsTestRunner2/netcoreapp" className="ZapretManager.Tests.Core.AppConfigTests" name="Load_BrokenJson_ReturnsDefaults" />
    </UnitTest>
    <UnitTest name="ZapretManager.Tests.Updates.HashVerifierTests.ComputeHashAsync_DifferentContent_DifferentHash" storage="c:\users\knyshovdmitry\downloads\12345-main\12345-main\src\zapretmanager.tests\bin\release\net8.0-windows\zapretmanager.tests.dll" id="bca8db57-aafe-04dd-7d78-dbc99b5946e1">
      <Execution id="df411110-9411-49ac-82f6-8b86e69283c6" />
      <TestMethod codeBase="C:\Users\KnyshovDmitry\Downloads\12345-main\12345-main\src\ZapretManager.Tests\bin\Release\net8.0-windows\ZapretManager.Tests.dll" adapterTypeName="executor://xunit/VsTestRunner2/netcoreapp" className="ZapretManager.Tests.Updates.HashVerifierTests" name="ComputeHashAsync_DifferentContent_DifferentHash" />
    </UnitTest>
    <UnitTest name="ZapretManager.Tests.Updates.UpdateCheckerTests.IsNewerVersion_ReturnsExpected(remote: null, local: &quot;2.5.0&quot;, expected: False)" storage="c:\users\knyshovdmitry\downloads\12345-main\12345-main\src\zapretmanager.tests\bin\release\net8.0-windows\zapretmanager.tests.dll" id="408cd4bd-230f-208b-a9a5-ad7cc110282c">
      <Execution id="fc58336d-aa1f-4d82-bf3c-8ddf78326ee9" />
      <TestMethod codeBase="C:\Users\KnyshovDmitry\Downloads\12345-main\12345-main\src\ZapretManager.Tests\bin\Release\net8.0-windows\ZapretManager.Tests.dll" adapterTypeName="executor://xunit/VsTestRunner2/netcoreapp" className="ZapretManager.Tests.Updates.UpdateCheckerTests" name="IsNewerVersion_ReturnsExpected" />
    </UnitTest>
    <UnitTest name="ZapretManager.Tests.Lists.ListMergerTests.ReplaceWithOrigin_RemovesObsoleteEntries" storage="c:\users\knyshovdmitry\downloads\12345-main\12345-main\src\zapretmanager.tests\bin\release\net8.0-windows\zapretmanager.tests.dll" id="2eb9128c-868c-4b7e-e1cb-0ac2a17d1579">
      <Execution id="49ce0d52-f0ea-4ce7-8181-6c35751d4bbc" />
      <TestMethod codeBase="C:\Users\KnyshovDmitry\Downloads\12345-main\12345-main\src\ZapretManager.Tests\bin\Release\net8.0-windows\ZapretManager.Tests.dll" adapterTypeName="executor://xunit/VsTestRunner2/netcoreapp" className="ZapretManager.Tests.Lists.ListMergerTests" name="ReplaceWithOrigin_RemovesObsoleteEntries" />
    </UnitTest>
    <UnitTest name="ZapretManager.Tests.Lists.ListMergerTests.WriteUtf8_WritesWithoutBom" storage="c:\users\knyshovdmitry\downloads\12345-main\12345-main\src\zapretmanager.tests\bin\release\net8.0-windows\zapretmanager.tests.dll" id="5cf201fd-48b0-e922-3a38-ce8bada57b78">
      <Execution id="c300fe43-3214-436f-acc7-b7085d073dc0" />
      <TestMethod codeBase="C:\Users\KnyshovDmitry\Downloads\12345-main\12345-main\src\ZapretManager.Tests\bin\Release\net8.0-windows\ZapretManager.Tests.dll" adapterTypeName="executor://xunit/VsTestRunner2/netcoreapp" className="ZapretManager.Tests.Lists.ListMergerTests" name="WriteUtf8_WritesWithoutBom" />
    </UnitTest>
    <UnitTest name="ZapretManager.Tests.Updates.HashVerifierTests.ComputeHashAsync_SameContent_SameHash" storage="c:\users\knyshovdmitry\downloads\12345-main\12345-main\src\zapretmanager.tests\bin\release\net8.0-windows\zapretmanager.tests.dll" id="19454db4-de16-191f-9c43-9735bdbaa7fe">
      <Execution id="2e9ed5f3-a40e-4d59-8df8-acf60eeb62c7" />
      <TestMethod codeBase="C:\Users\KnyshovDmitry\Downloads\12345-main\12345-main\src\ZapretManager.Tests\bin\Release\net8.0-windows\ZapretManager.Tests.dll" adapterTypeName="executor://xunit/VsTestRunner2/netcoreapp" className="ZapretManager.Tests.Updates.HashVerifierTests" name="ComputeHashAsync_SameContent_SameHash" />
    </UnitTest>
    <UnitTest name="ZapretManager.Tests.Updates.UpdateCheckerTests.IsNewerVersion_ReturnsExpected(remote: &quot;2.4.9&quot;, local: &quot;2.5.0&quot;, expected: False)" storage="c:\users\knyshovdmitry\downloads\12345-main\12345-main\src\zapretmanager.tests\bin\release\net8.0-windows\zapretmanager.tests.dll" id="cf8e82d9-9d5d-5fed-050b-04dd9374e9ba">
      <Execution id="b65633ca-614c-496a-af95-8ce33aab532f" />
      <TestMethod codeBase="C:\Users\KnyshovDmitry\Downloads\12345-main\12345-main\src\ZapretManager.Tests\bin\Release\net8.0-windows\ZapretManager.Tests.dll" adapterTypeName="executor://xunit/VsTestRunner2/netcoreapp" className="ZapretManager.Tests.Updates.UpdateCheckerTests" name="IsNewerVersion_ReturnsExpected" />
    </UnitTest>
    <UnitTest name="ZapretManager.Tests.Updates.UpdateCheckerTests.IsNewerVersion_ReturnsExpected(remote: &quot;2.6.0&quot;, local: &quot;2.5.0&quot;, expected: True)" storage="c:\users\knyshovdmitry\downloads\12345-main\12345-main\src\zapretmanager.tests\bin\release\net8.0-windows\zapretmanager.tests.dll" id="6e069a41-d59e-2718-0274-79f9b30679b7">
      <Execution id="a7c9f7f9-b598-42b2-a4ec-36dfbee0a32d" />
      <TestMethod codeBase="C:\Users\KnyshovDmitry\Downloads\12345-main\12345-main\src\ZapretManager.Tests\bin\Release\net8.0-windows\ZapretManager.Tests.dll" adapterTypeName="executor://xunit/VsTestRunner2/netcoreapp" className="ZapretManager.Tests.Updates.UpdateCheckerTests" name="IsNewerVersion_ReturnsExpected" />
    </UnitTest>
    <UnitTest name="ZapretManager.Tests.Core.AppConfigTests.Load_EmptyJson_ReturnsDefaults" storage="c:\users\knyshovdmitry\downloads\12345-main\12345-main\src\zapretmanager.tests\bin\release\net8.0-windows\zapretmanager.tests.dll" id="bd35ae35-54d3-d7c4-f120-01356e352ee2">
      <Execution id="c11d7204-1751-414d-83ef-ce55323d8143" />
      <TestMethod codeBase="C:\Users\KnyshovDmitry\Downloads\12345-main\12345-main\src\ZapretManager.Tests\bin\Release\net8.0-windows\ZapretManager.Tests.dll" adapterTypeName="executor://xunit/VsTestRunner2/netcoreapp" className="ZapretManager.Tests.Core.AppConfigTests" name="Load_EmptyJson_ReturnsDefaults" />
    </UnitTest>
    <UnitTest name="ZapretManager.Tests.Updates.UpdateCheckerTests.IsNewerVersion_ReturnsExpected(remote: &quot;3.0.0&quot;, local: &quot;2.5.0&quot;, expected: True)" storage="c:\users\knyshovdmitry\downloads\12345-main\12345-main\src\zapretmanager.tests\bin\release\net8.0-windows\zapretmanager.tests.dll" id="c5dab717-ba6c-368e-b26c-acc97d540263">
      <Execution id="b8d9532c-9d35-4022-b6df-f5db33a079da" />
      <TestMethod codeBase="C:\Users\KnyshovDmitry\Downloads\12345-main\12345-main\src\ZapretManager.Tests\bin\Release\net8.0-windows\ZapretManager.Tests.dll" adapterTypeName="executor://xunit/VsTestRunner2/netcoreapp" className="ZapretManager.Tests.Updates.UpdateCheckerTests" name="IsNewerVersion_ReturnsExpected" />
    </UnitTest>
    <UnitTest name="ZapretManager.Tests.Lists.ListMergerTests.Merge_EmptyLines_NotDuplicated" storage="c:\users\knyshovdmitry\downloads\12345-main\12345-main\src\zapretmanager.tests\bin\release\net8.0-windows\zapretmanager.tests.dll" id="5a016c64-88c3-4551-dadc-9038d54be89c">
      <Execution id="217651ef-38b6-433c-9d9b-371bf25b4e1d" />
      <TestMethod codeBase="C:\Users\KnyshovDmitry\Downloads\12345-main\12345-main\src\ZapretManager.Tests\bin\Release\net8.0-windows\ZapretManager.Tests.dll" adapterTypeName="executor://xunit/VsTestRunner2/netcoreapp" className="ZapretManager.Tests.Lists.ListMergerTests" name="Merge_EmptyLines_NotDuplicated" />
    </UnitTest>
    <UnitTest name="ZapretManager.Tests.Service.BackupManagerTests.ListBackups_EmptyDirectory_ReturnsEmptyArray" storage="c:\users\knyshovdmitry\downloads\12345-main\12345-main\src\zapretmanager.tests\bin\release\net8.0-windows\zapretmanager.tests.dll" id="e30a4341-92c5-808f-6486-e27eac1bd58e">
      <Execution id="46ec6dea-8ac9-43b1-b10b-3e68b4e5f445" />
      <TestMethod codeBase="C:\Users\KnyshovDmitry\Downloads\12345-main\12345-main\src\ZapretManager.Tests\bin\Release\net8.0-windows\ZapretManager.Tests.dll" adapterTypeName="executor://xunit/VsTestRunner2/netcoreapp" className="ZapretManager.Tests.Service.BackupManagerTests" name="ListBackups_EmptyDirectory_ReturnsEmptyArray" />
    </UnitTest>
    <UnitTest name="ZapretManager.Tests.Lists.ListMergerTests.WriteUtf8_CreatesParentDirectory" storage="c:\users\knyshovdmitry\downloads\12345-main\12345-main\src\zapretmanager.tests\bin\release\net8.0-windows\zapretmanager.tests.dll" id="2e77bd0f-3a47-c4be-c627-d56b894dcd2f">
      <Execution id="68ec63c0-4e0c-4d47-928d-6cb1b5c9bdd2" />
      <TestMethod codeBase="C:\Users\KnyshovDmitry\Downloads\12345-main\12345-main\src\ZapretManager.Tests\bin\Release\net8.0-windows\ZapretManager.Tests.dll" adapterTypeName="executor://xunit/VsTestRunner2/netcoreapp" className="ZapretManager.Tests.Lists.ListMergerTests" name="WriteUtf8_CreatesParentDirectory" />
    </UnitTest>
    <UnitTest name="ZapretManager.Tests.Lists.ListMergerTests.Merge_DeduplicatesComments" storage="c:\users\knyshovdmitry\downloads\12345-main\12345-main\src\zapretmanager.tests\bin\release\net8.0-windows\zapretmanager.tests.dll" id="f06cdf60-235b-9a28-767f-4c6cd3acdb9f">
      <Execution id="a7f30979-5003-4e73-b770-bd823a3d289d" />
      <TestMethod codeBase="C:\Users\KnyshovDmitry\Downloads\12345-main\12345-main\src\ZapretManager.Tests\bin\Release\net8.0-windows\ZapretManager.Tests.dll" adapterTypeName="executor://xunit/VsTestRunner2/netcoreapp" className="ZapretManager.Tests.Lists.ListMergerTests" name="Merge_DeduplicatesComments" />
    </UnitTest>
    <UnitTest name="ZapretManager.Tests.Lists.ListMergerTests.Merge_ExistingFile_PreservesOldLines" storage="c:\users\knyshovdmitry\downloads\12345-main\12345-main\src\zapretmanager.tests\bin\release\net8.0-windows\zapretmanager.tests.dll" id="e4e19066-fd8d-36d1-900c-a4140591004b">
      <Execution id="c9c28db9-5a03-415b-988f-764595ddf36f" />
      <TestMethod codeBase="C:\Users\KnyshovDmitry\Downloads\12345-main\12345-main\src\ZapretManager.Tests\bin\Release\net8.0-windows\ZapretManager.Tests.dll" adapterTypeName="executor://xunit/VsTestRunner2/netcoreapp" className="ZapretManager.Tests.Lists.ListMergerTests" name="Merge_ExistingFile_PreservesOldLines" />
    </UnitTest>
    <UnitTest name="ZapretManager.Tests.Updates.HashVerifierTests.ComputeHashAsync_ReturnsLowercaseHex" storage="c:\users\knyshovdmitry\downloads\12345-main\12345-main\src\zapretmanager.tests\bin\release\net8.0-windows\zapretmanager.tests.dll" id="a67eda8e-60c9-7fd8-e9ee-000d76167ad7">
      <Execution id="5611d981-90e5-46b8-bb28-1b6c80be2393" />
      <TestMethod codeBase="C:\Users\KnyshovDmitry\Downloads\12345-main\12345-main\src\ZapretManager.Tests\bin\Release\net8.0-windows\ZapretManager.Tests.dll" adapterTypeName="executor://xunit/VsTestRunner2/netcoreapp" className="ZapretManager.Tests.Updates.HashVerifierTests" name="ComputeHashAsync_ReturnsLowercaseHex" />
    </UnitTest>
    <UnitTest name="ZapretManager.Tests.Service.BackupManagerTests.RestoreBackup_ValidZip_ReturnsTrueAndRestoresFile" storage="c:\users\knyshovdmitry\downloads\12345-main\12345-main\src\zapretmanager.tests\bin\release\net8.0-windows\zapretmanager.tests.dll" id="88e83f7b-0619-6c41-ca20-dfe89482952c">
      <Execution id="e6103ede-9439-4c43-9de8-6f2772ea95cb" />
      <TestMethod codeBase="C:\Users\KnyshovDmitry\Downloads\12345-main\12345-main\src\ZapretManager.Tests\bin\Release\net8.0-windows\ZapretManager.Tests.dll" adapterTypeName="executor://xunit/VsTestRunner2/netcoreapp" className="ZapretManager.Tests.Service.BackupManagerTests" name="RestoreBackup_ValidZip_ReturnsTrueAndRestoresFile" />
    </UnitTest>
    <UnitTest name="ZapretManager.Tests.Service.BackupManagerTests.RestoreBackup_MissingFile_ReturnsFalse" storage="c:\users\knyshovdmitry\downloads\12345-main\12345-main\src\zapretmanager.tests\bin\release\net8.0-windows\zapretmanager.tests.dll" id="d6faa7a6-d3bd-a83e-46f4-918a575f300a">
      <Execution id="85a4b2df-0ed3-4b2f-9c37-228c614d7747" />
      <TestMethod codeBase="C:\Users\KnyshovDmitry\Downloads\12345-main\12345-main\src\ZapretManager.Tests\bin\Release\net8.0-windows\ZapretManager.Tests.dll" adapterTypeName="executor://xunit/VsTestRunner2/netcoreapp" className="ZapretManager.Tests.Service.BackupManagerTests" name="RestoreBackup_MissingFile_ReturnsFalse" />
    </UnitTest>
    <UnitTest name="ZapretManager.Tests.Service.BackupManagerTests.CreateBackup_ZipContainsExpectedFiles" storage="c:\users\knyshovdmitry\downloads\12345-main\12345-main\src\zapretmanager.tests\bin\release\net8.0-windows\zapretmanager.tests.dll" id="d53e95c9-a148-1d0d-4567-56d2a77e7f34">
      <Execution id="97293035-7fbb-4598-8f39-c9c8f0be6230" />
      <TestMethod codeBase="C:\Users\KnyshovDmitry\Downloads\12345-main\12345-main\src\ZapretManager.Tests\bin\Release\net8.0-windows\ZapretManager.Tests.dll" adapterTypeName="executor://xunit/VsTestRunner2/netcoreapp" className="ZapretManager.Tests.Service.BackupManagerTests" name="CreateBackup_ZipContainsExpectedFiles" />
    </UnitTest>
    <UnitTest name="ZapretManager.Tests.Lists.ListMergerTests.Merge_NewFile_ReturnsNewLines" storage="c:\users\knyshovdmitry\downloads\12345-main\12345-main\src\zapretmanager.tests\bin\release\net8.0-windows\zapretmanager.tests.dll" id="ac97fe78-eea5-f8ef-10a8-38872c57abcb">
      <Execution id="f1ce2dce-d869-46f9-ad05-8e8490c916a1" />
      <TestMethod codeBase="C:\Users\KnyshovDmitry\Downloads\12345-main\12345-main\src\ZapretManager.Tests\bin\Release\net8.0-windows\ZapretManager.Tests.dll" adapterTypeName="executor://xunit/VsTestRunner2/netcoreapp" className="ZapretManager.Tests.Lists.ListMergerTests" name="Merge_NewFile_ReturnsNewLines" />
    </UnitTest>
  </TestDefinitions>
  <TestEntries>
    <TestEntry testId="6645c9d4-a101-d474-0e91-21f3aa494d98" executionId="3e2f3bb1-501f-47ef-89bd-16f688a08555" testListId="8c84fa94-04c1-424b-9868-57a2d4851a1d" />
    <TestEntry testId="10262751-b318-5990-0215-15d860562f98" executionId="ffba2db8-f2c9-4926-9c32-2ebd51400ea9" testListId="8c84fa94-04c1-424b-9868-57a2d4851a1d" />
    <TestEntry testId="2b151007-0d73-6316-9468-859f9e871143" executionId="963ac928-e9f9-4287-9189-206a35572666" testListId="8c84fa94-04c1-424b-9868-57a2d4851a1d" />
    <TestEntry testId="c45ce7a3-aa7a-5f35-f3b8-a98b72e43537" executionId="fab0abd7-ae59-4f58-9498-896f86825e59" testListId="8c84fa94-04c1-424b-9868-57a2d4851a1d" />
    <TestEntry testId="685732bf-f036-bfe4-7d4e-2827693848b0" executionId="c9d16172-a009-47a1-98be-bb229e953f3a" testListId="8c84fa94-04c1-424b-9868-57a2d4851a1d" />
    <TestEntry testId="b2ac25fa-d82d-5244-14d4-bef8b4e6ac98" executionId="44316b0d-eaab-4d0e-a167-d1d83b0fa1c4" testListId="8c84fa94-04c1-424b-9868-57a2d4851a1d" />
    <TestEntry testId="66e6b8bf-4526-043c-4c9d-a92f441bcc55" executionId="0aed2162-68b3-434d-86d1-051e70601b0e" testListId="8c84fa94-04c1-424b-9868-57a2d4851a1d" />
    <TestEntry testId="55342c5f-6882-d4c0-541c-0528ff0a9c0b" executionId="c5d84849-6a07-406c-a2ed-e01f090e3bc2" testListId="8c84fa94-04c1-424b-9868-57a2d4851a1d" />
    <TestEntry testId="07029d4b-5681-3086-24ea-6e9f26ae5457" executionId="09bd8eb6-ba1e-49b2-a32d-8d17e4a1f6fa" testListId="8c84fa94-04c1-424b-9868-57a2d4851a1d" />
    <TestEntry testId="5cf201fd-48b0-e922-3a38-ce8bada57b78" executionId="c300fe43-3214-436f-acc7-b7085d073dc0" testListId="8c84fa94-04c1-424b-9868-57a2d4851a1d" />
    <TestEntry testId="c5dab717-ba6c-368e-b26c-acc97d540263" executionId="b8d9532c-9d35-4022-b6df-f5db33a079da" testListId="8c84fa94-04c1-424b-9868-57a2d4851a1d" />
    <TestEntry testId="408cd4bd-230f-208b-a9a5-ad7cc110282c" executionId="fc58336d-aa1f-4d82-bf3c-8ddf78326ee9" testListId="8c84fa94-04c1-424b-9868-57a2d4851a1d" />
    <TestEntry testId="29e98d00-8961-6206-9fe4-9fd60c01ce74" executionId="7b11f2ab-b37f-4c1a-9eff-e530fd5361d0" testListId="8c84fa94-04c1-424b-9868-57a2d4851a1d" />
    <TestEntry testId="5a016c64-88c3-4551-dadc-9038d54be89c" executionId="217651ef-38b6-433c-9d9b-371bf25b4e1d" testListId="8c84fa94-04c1-424b-9868-57a2d4851a1d" />
    <TestEntry testId="33e9f2b5-949a-af0d-b435-cc1d7b980c50" executionId="c472001a-25c0-4969-a17c-e48ee21f7541" testListId="8c84fa94-04c1-424b-9868-57a2d4851a1d" />
    <TestEntry testId="e30a4341-92c5-808f-6486-e27eac1bd58e" executionId="46ec6dea-8ac9-43b1-b10b-3e68b4e5f445" testListId="8c84fa94-04c1-424b-9868-57a2d4851a1d" />
    <TestEntry testId="bca8db57-aafe-04dd-7d78-dbc99b5946e1" executionId="df411110-9411-49ac-82f6-8b86e69283c6" testListId="8c84fa94-04c1-424b-9868-57a2d4851a1d" />
    <TestEntry testId="99edc2df-4cab-5be7-30ab-5e9e46355321" executionId="e17755b9-02a4-4dd3-9493-c945fcd61fd7" testListId="8c84fa94-04c1-424b-9868-57a2d4851a1d" />
    <TestEntry testId="f06cdf60-235b-9a28-767f-4c6cd3acdb9f" executionId="a7f30979-5003-4e73-b770-bd823a3d289d" testListId="8c84fa94-04c1-424b-9868-57a2d4851a1d" />
    <TestEntry testId="2eb9128c-868c-4b7e-e1cb-0ac2a17d1579" executionId="49ce0d52-f0ea-4ce7-8181-6c35751d4bbc" testListId="8c84fa94-04c1-424b-9868-57a2d4851a1d" />
    <TestEntry testId="ecc6e109-045c-98a4-20d9-fadd4e027c5e" executionId="615c573b-443b-49aa-9bc3-d3862788c87f" testListId="8c84fa94-04c1-424b-9868-57a2d4851a1d" />
    <TestEntry testId="b112bfc9-0647-33c5-08d7-dd35f42cc3ec" executionId="609151b4-8d90-4ea8-8810-4b294597f2fb" testListId="8c84fa94-04c1-424b-9868-57a2d4851a1d" />
    <TestEntry testId="fdddf065-611f-e0cc-20d6-f4d57251ce38" executionId="f6002bcb-ab62-4e5c-84c3-42cfa294d54c" testListId="8c84fa94-04c1-424b-9868-57a2d4851a1d" />
    <TestEntry testId="457a5a54-d419-b0fe-3939-785a3293e96e" executionId="e4e97037-3ba5-4afa-8393-f7d4ea408ca2" testListId="8c84fa94-04c1-424b-9868-57a2d4851a1d" />
    <TestEntry testId="56d9741f-b9f5-deda-194d-7025b3696f9d" executionId="78c7ecde-8273-4c33-8c4e-c6e758491f55" testListId="8c84fa94-04c1-424b-9868-57a2d4851a1d" />
    <TestEntry testId="3f69f9be-6ad4-fdaa-05e6-192205ca0984" executionId="67d46a5e-7299-4fcc-8a8c-955ed679fe20" testListId="8c84fa94-04c1-424b-9868-57a2d4851a1d" />
    <TestEntry testId="af91dae1-6c42-f97d-4a64-972dd881c0cd" executionId="955ab960-6066-4443-83df-565fb8ba2d61" testListId="8c84fa94-04c1-424b-9868-57a2d4851a1d" />
    <TestEntry testId="c37c0ef9-184d-bb5e-6de8-bb8987c0025a" executionId="6e2e882b-2743-49d0-8e73-9c0e9ce61be1" testListId="8c84fa94-04c1-424b-9868-57a2d4851a1d" />
    <TestEntry testId="bd35ae35-54d3-d7c4-f120-01356e352ee2" executionId="c11d7204-1751-414d-83ef-ce55323d8143" testListId="8c84fa94-04c1-424b-9868-57a2d4851a1d" />
    <TestEntry testId="2e77bd0f-3a47-c4be-c627-d56b894dcd2f" executionId="68ec63c0-4e0c-4d47-928d-6cb1b5c9bdd2" testListId="8c84fa94-04c1-424b-9868-57a2d4851a1d" />
    <TestEntry testId="429c9d05-be0c-99fa-43e4-84187a1c1e54" executionId="5805f990-a174-43ed-b271-1d10fd31261c" testListId="8c84fa94-04c1-424b-9868-57a2d4851a1d" />
    <TestEntry testId="6e069a41-d59e-2718-0274-79f9b30679b7" executionId="a7c9f7f9-b598-42b2-a4ec-36dfbee0a32d" testListId="8c84fa94-04c1-424b-9868-57a2d4851a1d" />
    <TestEntry testId="cf8e82d9-9d5d-5fed-050b-04dd9374e9ba" executionId="b65633ca-614c-496a-af95-8ce33aab532f" testListId="8c84fa94-04c1-424b-9868-57a2d4851a1d" />
    <TestEntry testId="19454db4-de16-191f-9c43-9735bdbaa7fe" executionId="2e9ed5f3-a40e-4d59-8df8-acf60eeb62c7" testListId="8c84fa94-04c1-424b-9868-57a2d4851a1d" />
    <TestEntry testId="522e1b6d-7212-8ac5-8fcc-2d54b3b5057b" executionId="f261a784-2be4-4627-9a8f-3a05bd1b76a1" testListId="8c84fa94-04c1-424b-9868-57a2d4851a1d" />
    <TestEntry testId="160e1fb2-a6d0-9e87-4c99-a5c3814016d3" executionId="fba1533c-da9c-4ee6-9d18-728abe7b3f8e" testListId="8c84fa94-04c1-424b-9868-57a2d4851a1d" />
    <TestEntry testId="11b46009-150e-368c-de94-341585a5270f" executionId="ca477795-d176-450f-aec3-15e75832e08b" testListId="8c84fa94-04c1-424b-9868-57a2d4851a1d" />
    <TestEntry testId="a67eda8e-60c9-7fd8-e9ee-000d76167ad7" executionId="5611d981-90e5-46b8-bb28-1b6c80be2393" testListId="8c84fa94-04c1-424b-9868-57a2d4851a1d" />
    <TestEntry testId="e4e19066-fd8d-36d1-900c-a4140591004b" executionId="c9c28db9-5a03-415b-988f-764595ddf36f" testListId="8c84fa94-04c1-424b-9868-57a2d4851a1d" />
    <TestEntry testId="88e83f7b-0619-6c41-ca20-dfe89482952c" executionId="e6103ede-9439-4c43-9de8-6f2772ea95cb" testListId="8c84fa94-04c1-424b-9868-57a2d4851a1d" />
    <TestEntry testId="909692b3-bbbc-ee15-bd40-64f9deaf29a5" executionId="10da8114-301c-4fbf-9b8b-3509806ab002" testListId="8c84fa94-04c1-424b-9868-57a2d4851a1d" />
    <TestEntry testId="ac97fe78-eea5-f8ef-10a8-38872c57abcb" executionId="f1ce2dce-d869-46f9-ad05-8e8490c916a1" testListId="8c84fa94-04c1-424b-9868-57a2d4851a1d" />
    <TestEntry testId="d53e95c9-a148-1d0d-4567-56d2a77e7f34" executionId="97293035-7fbb-4598-8f39-c9c8f0be6230" testListId="8c84fa94-04c1-424b-9868-57a2d4851a1d" />
    <TestEntry testId="d6faa7a6-d3bd-a83e-46f4-918a575f300a" executionId="85a4b2df-0ed3-4b2f-9c37-228c614d7747" testListId="8c84fa94-04c1-424b-9868-57a2d4851a1d" />
    <TestEntry testId="fc419844-0d41-63a8-4383-cec71729d42f" executionId="5f712a7c-e129-452e-966a-154ba5e9a2c4" testListId="8c84fa94-04c1-424b-9868-57a2d4851a1d" />
  </TestEntries>
  <TestLists>
    <TestList name="Список результатов" id="8c84fa94-04c1-424b-9868-57a2d4851a1d" />
    <TestList name="Все загруженные результаты" id="19431567-8539-422a-85d7-44ee4e166bda" />
  </TestLists>
  <ResultSummary outcome="Failed">
    <Counters total="45" executed="45" passed="43" failed="2" error="0" timeout="0" aborted="0" inconclusive="0" passedButRunAborted="0" notRunnable="0" notExecuted="0" disconnected="0" warning="0" completed="0" inProgress="0" pending="0" />
    <Output>
      <StdOut>[xUnit.net 00:00:00.00] xUnit.net VSTest Adapter v2.8.2+699d445a1a (64-bit .NET 8.0.27)&#xD;
[xUnit.net 00:00:00.06]   Discovering: ZapretManager.Tests&#xD;
[xUnit.net 00:00:00.10]   Discovered:  ZapretManager.Tests&#xD;
[xUnit.net 00:00:00.10]   Starting:    ZapretManager.Tests&#xD;
   [OK] ����� ᮧ���: zapret_backup_2026-05-22_11-33-14.zip&#xD;
   [OK] ����� ᮧ���: zapret_backup_2026-05-22_11-33-14.zip&#xD;
   [OK] ����� ᮧ���: zapret_backup_2026-05-22_11-33-14.zip&#xD;
   [OK] ����� ᮧ���: zapret_backup_2026-05-22_11-33-14.zip&#xD;
   [X]  ���� �� ������: /nonexistent/path.zip&#xD;
   [OK] ����� ᮧ���: zapret_backup_2026-05-22_11-33-14.zip&#xD;
   [OK] ����⠭������� �����襭�&#xD;
[xUnit.net 00:00:00.22]       Expected result {"kept.com", "new.com", "old.com"} to not contain "old.com" because entries removed from origin should be dropped.&#xD;
[xUnit.net 00:00:00.22]       Stack Trace:&#xD;
[xUnit.net 00:00:00.22]            at FluentAssertions.Execution.XUnit2TestFramework.Throw(String message)&#xD;
[xUnit.net 00:00:00.22]            at FluentAssertions.Execution.TestFrameworkProvider.Throw(String message)&#xD;
[xUnit.net 00:00:00.22]            at FluentAssertions.Execution.DefaultAssertionStrategy.HandleFailure(String message)&#xD;
[xUnit.net 00:00:00.22]            at FluentAssertions.Execution.AssertionScope.FailWith(Func`1 failReasonFunc)&#xD;
[xUnit.net 00:00:00.22]            at FluentAssertions.Execution.AssertionScope.FailWith(Func`1 failReasonFunc)&#xD;
[xUnit.net 00:00:00.22]            at FluentAssertions.Execution.AssertionScope.FailWith(String message, Object[] args)&#xD;
[xUnit.net 00:00:00.22]            at FluentAssertions.Collections.GenericCollectionAssertions`3.NotContain(T unexpected, String because, Object[] becauseArgs)&#xD;
[xUnit.net 00:00:00.22]         C:\Users\KnyshovDmitry\Downloads\12345-main\12345-main\src\ZapretManager.Tests\Lists\ListMergerTests.cs(112,0): at ZapretManager.Tests.Lists.ListMergerTests.ReplaceWithOrigin_RemovesObsoleteEntries()&#xD;
[xUnit.net 00:00:00.22]            at System.RuntimeMethodHandle.InvokeMethod(Object target, Void** arguments, Signature sig, Boolean isConstructor)&#xD;
[xUnit.net 00:00:00.22]            at System.Reflection.MethodBaseInvoker.InvokeWithNoArgs(Object obj, BindingFlags invokeAttr)&#xD;
   [OK] ����� ᮧ���: zapret_backup_2026-05-22_11-33-14.zip&#xD;
   [X]  �訡�� ������: The file 'C:\Users\KnyshovDmitry\AppData\Local\Temp\zapret_backup_test_2913eba529e94012997766eae5d78cdc\backups\zapret_backup_2026-05-22_11-33-14.zip' already exists.&#xD;
[xUnit.net 00:00:00.35]       Expected collection to contain 2 item(s), but found 1: {C:\Users\KnyshovDmitry\AppData\Local\Temp\zapret_backup_test_2913eba529e94012997766eae5d78cdc\backups\zapret_backup_2026-05-22_11-33-14.zip}.&#xD;
[xUnit.net 00:00:00.35]       Stack Trace:&#xD;
[xUnit.net 00:00:00.35]            at FluentAssertions.Execution.XUnit2TestFramework.Throw(String message)&#xD;
[xUnit.net 00:00:00.35]            at FluentAssertions.Execution.TestFrameworkProvider.Throw(String message)&#xD;
[xUnit.net 00:00:00.35]            at FluentAssertions.Execution.DefaultAssertionStrategy.HandleFailure(String message)&#xD;
[xUnit.net 00:00:00.35]            at FluentAssertions.Execution.AssertionScope.FailWith(Func`1 failReasonFunc)&#xD;
[xUnit.net 00:00:00.35]            at FluentAssertions.Execution.AssertionScope.FailWith(Func`1 failReasonFunc)&#xD;
[xUnit.net 00:00:00.35]            at FluentAssertions.Execution.AssertionScope.FailWith(String message, Object[] args)&#xD;
[xUnit.net 00:00:00.35]            at FluentAssertions.Collections.GenericCollectionAssertions`3.HaveCount(Int32 expected, String because, Object[] becauseArgs)&#xD;
[xUnit.net 00:00:00.35]         C:\Users\KnyshovDmitry\Downloads\12345-main\12345-main\src\ZapretManager.Tests\Service\BackupManagerTests.cs(100,0): at ZapretManager.Tests.Service.BackupManagerTests.ListBackups_OrderedNewestFirst()&#xD;
[xUnit.net 00:00:00.35]            at System.RuntimeMethodHandle.InvokeMethod(Object target, Void** arguments, Signature sig, Boolean isConstructor)&#xD;
[xUnit.net 00:00:00.35]            at System.Reflection.MethodBaseInvoker.InvokeWithNoArgs(Object obj, BindingFlags invokeAttr)&#xD;
   [OK] ����� ᮧ���: zapret_backup_2026-05-22_11-33-14.zip&#xD;
   [OK] ����� ᮧ���: zapret_backup_2026-05-22_11-33-15.zip&#xD;
   [X]  �訡�� ������: The file 'C:\Users\KnyshovDmitry\AppData\Local\Temp\zapret_backup_test_b47f6e1fd5e441fc89f0d948cd1d1c35\backups\zapret_backup_2026-05-22_11-33-15.zip' already exists.&#xD;
   [X]  �訡�� ������: The file 'C:\Users\KnyshovDmitry\AppData\Local\Temp\zapret_backup_test_b47f6e1fd5e441fc89f0d948cd1d1c35\backups\zapret_backup_2026-05-22_11-33-15.zip' already exists.&#xD;
[xUnit.net 00:00:00.61]   Finished:    ZapretManager.Tests&#xD;
</StdOut>
    </Output>
    <RunInfos>
      <RunInfo computerName="MITYA-GRIB" outcome="Error" timestamp="2026-05-22T11:33:14.8771589+03:00">
        <Text>[xUnit.net 00:00:00.22]     ZapretManager.Tests.Lists.ListMergerTests.ReplaceWithOrigin_RemovesObsoleteEntries [FAIL]</Text>
      </RunInfo>
      <RunInfo computerName="MITYA-GRIB" outcome="Error" timestamp="2026-05-22T11:33:14.9787436+03:00">
        <Text>[xUnit.net 00:00:00.35]     ZapretManager.Tests.Service.BackupManagerTests.ListBackups_OrderedNewestFirst [FAIL]</Text>
      </RunInfo>
    </RunInfos>
  </ResultSummary>
</TestRun>