<?xml version="1.0" encoding="utf-8"?>
<TestRun id="9dc95dcf-2aa2-4316-87eb-5a4ee601825e" name="KnyshovDmitry@MITYA-GRIB 2026-05-22 11:33:57" runUser="AzureAD\KnyshovDmitry" xmlns="http://microsoft.com/schemas/VisualStudio/TeamTest/2010">
  <Times creation="2026-05-22T11:33:57.8820753+03:00" queuing="2026-05-22T11:33:57.8820759+03:00" start="2026-05-22T11:33:57.2101497+03:00" finish="2026-05-22T11:34:03.5374170+03:00" />
  <TestSettings name="default" id="b3dc6fa0-dce0-4eac-b3e7-2deaac5887cf">
    <Deployment runDeploymentRoot="KnyshovDmitry_MITYA-GRIB_2026-05-22_11_33_57" />
  </TestSettings>
  <Results>
    <UnitTestResult executionId="489389ca-e237-490a-9559-27805c82594c" testId="ac97fe78-eea5-f8ef-10a8-38872c57abcb" testName="ZapretManager.Tests.Lists.ListMergerTests.Merge_NewFile_ReturnsNewLines" computerName="MITYA-GRIB" duration="00:00:00.0013920" startTime="2026-05-22T11:33:57.8336416+03:00" endTime="2026-05-22T11:33:57.8336417+03:00" testType="13cdc9d9-ddb5-4fa4-a97d-d965ccfc6d4b" outcome="Passed" testListId="8c84fa94-04c1-424b-9868-57a2d4851a1d" relativeResultsDirectory="489389ca-e237-490a-9559-27805c82594c" />
    <UnitTestResult executionId="ccd9cbd3-bac5-4c9f-af4c-c673d01c1d66" testId="bca8db57-aafe-04dd-7d78-dbc99b5946e1" testName="ZapretManager.Tests.Updates.HashVerifierTests.ComputeHashAsync_DifferentContent_DifferentHash" computerName="MITYA-GRIB" duration="00:00:00.0105657" startTime="2026-05-22T11:33:57.8334903+03:00" endTime="2026-05-22T11:33:57.8334903+03:00" testType="13cdc9d9-ddb5-4fa4-a97d-d965ccfc6d4b" outcome="Passed" testListId="8c84fa94-04c1-424b-9868-57a2d4851a1d" relativeResultsDirectory="ccd9cbd3-bac5-4c9f-af4c-c673d01c1d66" />
    <UnitTestResult executionId="eb54d004-401d-41cf-bf91-fe2c4ab713f5" testId="b2ac25fa-d82d-5244-14d4-bef8b4e6ac98" testName="ZapretManager.Tests.Updates.UpdateCheckerTests.IsNewerVersion_HandlesInvalidVersions(remote: &quot;&quot;, local: &quot;2.5.0&quot;, expected: False)" computerName="MITYA-GRIB" duration="00:00:00.0016348" startTime="2026-05-22T11:33:57.8295136+03:00" endTime="2026-05-22T11:33:57.8295137+03:00" testType="13cdc9d9-ddb5-4fa4-a97d-d965ccfc6d4b" outcome="Passed" testListId="8c84fa94-04c1-424b-9868-57a2d4851a1d" relativeResultsDirectory="eb54d004-401d-41cf-bf91-fe2c4ab713f5" />
    <UnitTestResult executionId="4bf35106-0b15-41eb-b146-b01e3902c419" testId="5a016c64-88c3-4551-dadc-9038d54be89c" testName="ZapretManager.Tests.Lists.ListMergerTests.Merge_EmptyLines_NotDuplicated" computerName="MITYA-GRIB" duration="00:00:00.0082370" startTime="2026-05-22T11:33:57.8296542+03:00" endTime="2026-05-22T11:33:57.8296542+03:00" testType="13cdc9d9-ddb5-4fa4-a97d-d965ccfc6d4b" outcome="Passed" testListId="8c84fa94-04c1-424b-9868-57a2d4851a1d" relativeResultsDirectory="4bf35106-0b15-41eb-b146-b01e3902c419" />
    <UnitTestResult executionId="f49d02d6-0cc5-482f-b051-289f6bfe69d7" testId="11b46009-150e-368c-de94-341585a5270f" testName="ZapretManager.Tests.Service.BackupManagerTests.CreateBackup_CreatesZipFile" computerName="MITYA-GRIB" duration="00:00:00.0118088" startTime="2026-05-22T11:33:57.8337106+03:00" endTime="2026-05-22T11:33:57.8337106+03:00" testType="13cdc9d9-ddb5-4fa4-a97d-d965ccfc6d4b" outcome="Passed" testListId="8c84fa94-04c1-424b-9868-57a2d4851a1d" relativeResultsDirectory="f49d02d6-0cc5-482f-b051-289f6bfe69d7" />
    <UnitTestResult executionId="a630eb53-80e3-48d1-9683-e8c1be6e71d2" testId="d6faa7a6-d3bd-a83e-46f4-918a575f300a" testName="ZapretManager.Tests.Service.BackupManagerTests.RestoreBackup_MissingFile_ReturnsFalse" computerName="MITYA-GRIB" duration="00:00:00.0077403" startTime="2026-05-22T11:33:57.8590077+03:00" endTime="2026-05-22T11:33:57.8590083+03:00" testType="13cdc9d9-ddb5-4fa4-a97d-d965ccfc6d4b" outcome="Passed" testListId="8c84fa94-04c1-424b-9868-57a2d4851a1d" relativeResultsDirectory="a630eb53-80e3-48d1-9683-e8c1be6e71d2" />
    <UnitTestResult executionId="792f95d1-fd44-4e27-afc8-d8fe9c13d647" testId="429c9d05-be0c-99fa-43e4-84187a1c1e54" testName="ZapretManager.Tests.Lists.ListMergerTests.Merge_PreservesComments" computerName="MITYA-GRIB" duration="00:00:00.0039224" startTime="2026-05-22T11:33:57.8318382+03:00" endTime="2026-05-22T11:33:57.8318382+03:00" testType="13cdc9d9-ddb5-4fa4-a97d-d965ccfc6d4b" outcome="Passed" testListId="8c84fa94-04c1-424b-9868-57a2d4851a1d" relativeResultsDirectory="792f95d1-fd44-4e27-afc8-d8fe9c13d647" />
    <UnitTestResult executionId="eea569a0-b9df-402b-91e6-685aced578a5" testId="160e1fb2-a6d0-9e87-4c99-a5c3814016d3" testName="ZapretManager.Tests.Updates.UpdateCheckerTests.IsNewerVersion_HandlesVPrefix(remote: &quot;V2.5.1&quot;, local: &quot;2.5.0&quot;, expected: True)" computerName="MITYA-GRIB" duration="00:00:00.0000103" startTime="2026-05-22T11:33:57.8294411+03:00" endTime="2026-05-22T11:33:57.8294411+03:00" testType="13cdc9d9-ddb5-4fa4-a97d-d965ccfc6d4b" outcome="Passed" testListId="8c84fa94-04c1-424b-9868-57a2d4851a1d" relativeResultsDirectory="eea569a0-b9df-402b-91e6-685aced578a5" />
    <UnitTestResult executionId="00f49eeb-8a23-4703-8457-e001d4aeb96f" testId="e4e19066-fd8d-36d1-900c-a4140591004b" testName="ZapretManager.Tests.Lists.ListMergerTests.Merge_ExistingFile_PreservesOldLines" computerName="MITYA-GRIB" duration="00:00:00.0040159" startTime="2026-05-22T11:33:57.8333819+03:00" endTime="2026-05-22T11:33:57.8333821+03:00" testType="13cdc9d9-ddb5-4fa4-a97d-d965ccfc6d4b" outcome="Passed" testListId="8c84fa94-04c1-424b-9868-57a2d4851a1d" relativeResultsDirectory="00f49eeb-8a23-4703-8457-e001d4aeb96f" />
    <UnitTestResult executionId="1e364b89-2673-4372-9c8c-f22262ded728" testId="33e9f2b5-949a-af0d-b435-cc1d7b980c50" testName="ZapretManager.Tests.Updates.HashVerifierTests.VerifyAsync_WrongHash_ReturnsFalse" computerName="MITYA-GRIB" duration="00:00:00.0057914" startTime="2026-05-22T11:33:57.8337766+03:00" endTime="2026-05-22T11:33:57.8337766+03:00" testType="13cdc9d9-ddb5-4fa4-a97d-d965ccfc6d4b" outcome="Passed" testListId="8c84fa94-04c1-424b-9868-57a2d4851a1d" relativeResultsDirectory="1e364b89-2673-4372-9c8c-f22262ded728" />
    <UnitTestResult executionId="f734c365-e320-44b4-a4db-9798b6e36428" testId="fdddf065-611f-e0cc-20d6-f4d57251ce38" testName="ZapretManager.Tests.Updates.HashVerifierTests.VerifyAsync_CorrectHash_ReturnsTrue" computerName="MITYA-GRIB" duration="00:00:00.0352454" startTime="2026-05-22T11:33:57.8319164+03:00" endTime="2026-05-22T11:33:57.8319166+03:00" testType="13cdc9d9-ddb5-4fa4-a97d-d965ccfc6d4b" outcome="Passed" testListId="8c84fa94-04c1-424b-9868-57a2d4851a1d" relativeResultsDirectory="f734c365-e320-44b4-a4db-9798b6e36428" />
    <UnitTestResult executionId="3413ae9c-e477-45e8-a2ca-b6bbce3e78cc" testId="66e6b8bf-4526-043c-4c9d-a92f441bcc55" testName="ZapretManager.Tests.Service.BackupManagerTests.CreateBackup_Rotation_KeepsOnlyN" computerName="MITYA-GRIB" duration="00:00:04.4528434" startTime="2026-05-22T11:34:03.4434884+03:00" endTime="2026-05-22T11:34:03.4434889+03:00" testType="13cdc9d9-ddb5-4fa4-a97d-d965ccfc6d4b" outcome="Passed" testListId="8c84fa94-04c1-424b-9868-57a2d4851a1d" relativeResultsDirectory="3413ae9c-e477-45e8-a2ca-b6bbce3e78cc" />
    <UnitTestResult executionId="4e456dcd-567d-4a6a-8208-bd124821e4b9" testId="b7ec2304-d10f-0055-cda7-2bb95ac32a86" testName="ZapretManager.Tests.Lists.ListMergerTests.ReplaceWithOrigin_OriginEntriesAlwaysPresent" computerName="MITYA-GRIB" duration="00:00:00.0037072" startTime="2026-05-22T11:33:57.8316795+03:00" endTime="2026-05-22T11:33:57.8316797+03:00" testType="13cdc9d9-ddb5-4fa4-a97d-d965ccfc6d4b" outcome="Passed" testListId="8c84fa94-04c1-424b-9868-57a2d4851a1d" relativeResultsDirectory="4e456dcd-567d-4a6a-8208-bd124821e4b9" />
    <UnitTestResult executionId="6cf29039-d0af-412d-a854-7512cd4bd7cf" testId="685732bf-f036-bfe4-7d4e-2827693848b0" testName="ZapretManager.Tests.Lists.ListMergerTests.ReplaceWithOrigin_PreservesUserAddedEntries" computerName="MITYA-GRIB" duration="00:00:00.0146914" startTime="2026-05-22T11:33:57.7854530+03:00" endTime="2026-05-22T11:33:57.7854532+03:00" testType="13cdc9d9-ddb5-4fa4-a97d-d965ccfc6d4b" outcome="Passed" testListId="8c84fa94-04c1-424b-9868-57a2d4851a1d" relativeResultsDirectory="6cf29039-d0af-412d-a854-7512cd4bd7cf" />
    <UnitTestResult executionId="47446f2d-fe9c-476b-bdf7-95f9735694e6" testId="af91dae1-6c42-f97d-4a64-972dd881c0cd" testName="ZapretManager.Tests.Lists.ListMergerTests.WriteUtf8_RoundTrip_PreservesContent" computerName="MITYA-GRIB" duration="00:00:00.0404471" startTime="2026-05-22T11:33:57.8517401+03:00" endTime="2026-05-22T11:33:57.8517402+03:00" testType="13cdc9d9-ddb5-4fa4-a97d-d965ccfc6d4b" outcome="Passed" testListId="8c84fa94-04c1-424b-9868-57a2d4851a1d" relativeResultsDirectory="47446f2d-fe9c-476b-bdf7-95f9735694e6" />
    <UnitTestResult executionId="92c59446-d201-4bdd-8040-e55a0cb9ba0f" testId="5cf201fd-48b0-e922-3a38-ce8bada57b78" testName="ZapretManager.Tests.Lists.ListMergerTests.WriteUtf8_WritesWithoutBom" computerName="MITYA-GRIB" duration="00:00:00.0036246" startTime="2026-05-22T11:33:57.8567937+03:00" endTime="2026-05-22T11:33:57.8567945+03:00" testType="13cdc9d9-ddb5-4fa4-a97d-d965ccfc6d4b" outcome="Passed" testListId="8c84fa94-04c1-424b-9868-57a2d4851a1d" relativeResultsDirectory="92c59446-d201-4bdd-8040-e55a0cb9ba0f" />
    <UnitTestResult executionId="5d68561a-6879-4401-91cb-db5d6c18432b" testId="56d9741f-b9f5-deda-194d-7025b3696f9d" testName="ZapretManager.Tests.Updates.UpdateCheckerTests.IsNewerVersion_ReturnsExpected(remote: &quot;2.5.1&quot;, local: &quot;2.5.0&quot;, expected: True)" computerName="MITYA-GRIB" duration="00:00:00.0000043" startTime="2026-05-22T11:33:57.8291902+03:00" endTime="2026-05-22T11:33:57.8291902+03:00" testType="13cdc9d9-ddb5-4fa4-a97d-d965ccfc6d4b" outcome="Passed" testListId="8c84fa94-04c1-424b-9868-57a2d4851a1d" relativeResultsDirectory="5d68561a-6879-4401-91cb-db5d6c18432b" />
    <UnitTestResult executionId="a0a23663-8bf2-4ed5-a7fb-dc06459f3436" testId="10262751-b318-5990-0215-15d860562f98" testName="ZapretManager.Tests.Updates.UpdateCheckerTests.IsNewerVersion_ReturnsExpected(remote: null, local: null, expected: False)" computerName="MITYA-GRIB" duration="00:00:00.0003277" startTime="2026-05-22T11:33:57.7858253+03:00" endTime="2026-05-22T11:33:57.7858255+03:00" testType="13cdc9d9-ddb5-4fa4-a97d-d965ccfc6d4b" outcome="Passed" testListId="8c84fa94-04c1-424b-9868-57a2d4851a1d" relativeResultsDirectory="a0a23663-8bf2-4ed5-a7fb-dc06459f3436" />
    <UnitTestResult executionId="f863ddb7-26ce-49ca-9a7e-9b4e74e83c8f" testId="b112bfc9-0647-33c5-08d7-dd35f42cc3ec" testName="ZapretManager.Tests.Core.AppConfigTests.Load_DiagnosticsConfig_ParsedCorrectly" computerName="MITYA-GRIB" duration="00:00:00.0079334" startTime="2026-05-22T11:33:57.8435598+03:00" endTime="2026-05-22T11:33:57.8435606+03:00" testType="13cdc9d9-ddb5-4fa4-a97d-d965ccfc6d4b" outcome="Passed" testListId="8c84fa94-04c1-424b-9868-57a2d4851a1d" relativeResultsDirectory="f863ddb7-26ce-49ca-9a7e-9b4e74e83c8f" />
    <UnitTestResult executionId="1e78f9bc-81b1-4e39-b279-f25e1fca40d8" testId="457a5a54-d419-b0fe-3939-785a3293e96e" testName="ZapretManager.Tests.Updates.UpdateCheckerTests.IsNewerVersion_HandlesVPrefix(remote: &quot;2.5.0&quot;, local: &quot;v2.5.0&quot;, expected: False)" computerName="MITYA-GRIB" duration="00:00:00.0002005" startTime="2026-05-22T11:33:57.8293978+03:00" endTime="2026-05-22T11:33:57.8293980+03:00" testType="13cdc9d9-ddb5-4fa4-a97d-d965ccfc6d4b" outcome="Passed" testListId="8c84fa94-04c1-424b-9868-57a2d4851a1d" relativeResultsDirectory="1e78f9bc-81b1-4e39-b279-f25e1fca40d8" />
    <UnitTestResult executionId="ec068d92-0a6f-4d07-8758-b5969edef082" testId="c37c0ef9-184d-bb5e-6de8-bb8987c0025a" testName="ZapretManager.Tests.Updates.UpdateCheckerTests.IsNewerVersion_HandlesInvalidVersions(remote: &quot;2.5.0&quot;, local: &quot;&quot;, expected: False)" computerName="MITYA-GRIB" duration="00:00:00.0002878" startTime="2026-05-22T11:33:57.8295669+03:00" endTime="2026-05-22T11:33:57.8295669+03:00" testType="13cdc9d9-ddb5-4fa4-a97d-d965ccfc6d4b" outcome="Passed" testListId="8c84fa94-04c1-424b-9868-57a2d4851a1d" relativeResultsDirectory="ec068d92-0a6f-4d07-8758-b5969edef082" />
    <UnitTestResult executionId="1b6c2625-3576-4d0b-9a7b-de871194247f" testId="d53e95c9-a148-1d0d-4567-56d2a77e7f34" testName="ZapretManager.Tests.Service.BackupManagerTests.CreateBackup_ZipContainsExpectedFiles" computerName="MITYA-GRIB" duration="00:00:00.0179382" startTime="2026-05-22T11:33:57.8348969+03:00" endTime="2026-05-22T11:33:57.8348970+03:00" testType="13cdc9d9-ddb5-4fa4-a97d-d965ccfc6d4b" outcome="Passed" testListId="8c84fa94-04c1-424b-9868-57a2d4851a1d" relativeResultsDirectory="1b6c2625-3576-4d0b-9a7b-de871194247f" />
    <UnitTestResult executionId="251ff64c-a63a-4921-a9d1-8bcbe2759111" testId="f06cdf60-235b-9a28-767f-4c6cd3acdb9f" testName="ZapretManager.Tests.Lists.ListMergerTests.Merge_DeduplicatesComments" computerName="MITYA-GRIB" duration="00:00:00.0040803" startTime="2026-05-22T11:33:57.8319581+03:00" endTime="2026-05-22T11:33:57.8319582+03:00" testType="13cdc9d9-ddb5-4fa4-a97d-d965ccfc6d4b" outcome="Passed" testListId="8c84fa94-04c1-424b-9868-57a2d4851a1d" relativeResultsDirectory="251ff64c-a63a-4921-a9d1-8bcbe2759111" />
    <UnitTestResult executionId="8c419acc-1f5b-4e02-9455-9168a176322f" testId="6645c9d4-a101-d474-0e91-21f3aa494d98" testName="ZapretManager.Tests.Lists.ListMergerTests.Merge_RemovesDuplicates_CaseInsensitive" computerName="MITYA-GRIB" duration="00:00:00.0035599" startTime="2026-05-22T11:33:57.8335550+03:00" endTime="2026-05-22T11:33:57.8335551+03:00" testType="13cdc9d9-ddb5-4fa4-a97d-d965ccfc6d4b" outcome="Passed" testListId="8c84fa94-04c1-424b-9868-57a2d4851a1d" relativeResultsDirectory="8c419acc-1f5b-4e02-9455-9168a176322f" />
    <UnitTestResult executionId="89e5a7d2-9b0d-49d0-ab38-f500ee8641ea" testId="29e98d00-8961-6206-9fe4-9fd60c01ce74" testName="ZapretManager.Tests.Updates.HashVerifierTests.VerifyAsync_EmptyExpected_ThrowsArgumentException" computerName="MITYA-GRIB" duration="00:00:00.0156275" startTime="2026-05-22T11:33:57.8629913+03:00" endTime="2026-05-22T11:33:57.8629917+03:00" testType="13cdc9d9-ddb5-4fa4-a97d-d965ccfc6d4b" outcome="Passed" testListId="8c84fa94-04c1-424b-9868-57a2d4851a1d" relativeResultsDirectory="89e5a7d2-9b0d-49d0-ab38-f500ee8641ea" />
    <UnitTestResult executionId="ca0782ac-be7e-44ac-9247-be9851e328f3" testId="408cd4bd-230f-208b-a9a5-ad7cc110282c" testName="ZapretManager.Tests.Updates.UpdateCheckerTests.IsNewerVersion_ReturnsExpected(remote: null, local: &quot;2.5.0&quot;, expected: False)" computerName="MITYA-GRIB" duration="00:00:00.0000037" startTime="2026-05-22T11:33:57.7859782+03:00" endTime="2026-05-22T11:33:57.7859782+03:00" testType="13cdc9d9-ddb5-4fa4-a97d-d965ccfc6d4b" outcome="Passed" testListId="8c84fa94-04c1-424b-9868-57a2d4851a1d" relativeResultsDirectory="ca0782ac-be7e-44ac-9247-be9851e328f3" />
    <UnitTestResult executionId="1428fbc1-d9ec-4327-aa96-1dede37c1dc6" testId="909692b3-bbbc-ee15-bd40-64f9deaf29a5" testName="ZapretManager.Tests.Updates.UpdateCheckerTests.IsNewerVersion_HandlesVPrefix(remote: &quot;v2.5.1&quot;, local: &quot;2.5.0&quot;, expected: True)" computerName="MITYA-GRIB" duration="00:00:00.0001077" startTime="2026-05-22T11:33:57.8293506+03:00" endTime="2026-05-22T11:33:57.8293507+03:00" testType="13cdc9d9-ddb5-4fa4-a97d-d965ccfc6d4b" outcome="Passed" testListId="8c84fa94-04c1-424b-9868-57a2d4851a1d" relativeResultsDirectory="1428fbc1-d9ec-4327-aa96-1dede37c1dc6" />
    <UnitTestResult executionId="6ee565b7-f0d7-4e09-b53b-a0d17e5fa042" testId="88e83f7b-0619-6c41-ca20-dfe89482952c" testName="ZapretManager.Tests.Service.BackupManagerTests.RestoreBackup_ValidZip_ReturnsTrueAndRestoresFile" computerName="MITYA-GRIB" duration="00:00:00.0159475" startTime="2026-05-22T11:33:57.8751001+03:00" endTime="2026-05-22T11:33:57.8751004+03:00" testType="13cdc9d9-ddb5-4fa4-a97d-d965ccfc6d4b" outcome="Passed" testListId="8c84fa94-04c1-424b-9868-57a2d4851a1d" relativeResultsDirectory="6ee565b7-f0d7-4e09-b53b-a0d17e5fa042" />
    <UnitTestResult executionId="f0c3d09a-852a-4e25-b97a-96b78c0dfbc1" testId="522e1b6d-7212-8ac5-8fcc-2d54b3b5057b" testName="ZapretManager.Tests.Updates.UpdateCheckerTests.IsNewerVersion_ReturnsExpected(remote: &quot;2.5.0&quot;, local: null, expected: False)" computerName="MITYA-GRIB" duration="00:00:00.0000037" startTime="2026-05-22T11:33:57.8289566+03:00" endTime="2026-05-22T11:33:57.8289568+03:00" testType="13cdc9d9-ddb5-4fa4-a97d-d965ccfc6d4b" outcome="Passed" testListId="8c84fa94-04c1-424b-9868-57a2d4851a1d" relativeResultsDirectory="f0c3d09a-852a-4e25-b97a-96b78c0dfbc1" />
    <UnitTestResult executionId="c789ca87-5ada-4fc3-b055-bf3e1d52d860" testId="3f69f9be-6ad4-fdaa-05e6-192205ca0984" testName="ZapretManager.Tests.Core.AppConfigTests.Load_MissingFile_ReturnsDefaults" computerName="MITYA-GRIB" duration="00:00:00.0017230" startTime="2026-05-22T11:33:57.8446845+03:00" endTime="2026-05-22T11:33:57.8446847+03:00" testType="13cdc9d9-ddb5-4fa4-a97d-d965ccfc6d4b" outcome="Passed" testListId="8c84fa94-04c1-424b-9868-57a2d4851a1d" relativeResultsDirectory="c789ca87-5ada-4fc3-b055-bf3e1d52d860" />
    <UnitTestResult executionId="a7566010-e8b4-40aa-9bd5-8ac73dd5b1bb" testId="ecc6e109-045c-98a4-20d9-fadd4e027c5e" testName="ZapretManager.Tests.Core.AppConfigTests.Load_ValidJson_DeserializesCorrectly" computerName="MITYA-GRIB" duration="00:00:00.0717571" startTime="2026-05-22T11:33:57.8338593+03:00" endTime="2026-05-22T11:33:57.8338594+03:00" testType="13cdc9d9-ddb5-4fa4-a97d-d965ccfc6d4b" outcome="Passed" testListId="8c84fa94-04c1-424b-9868-57a2d4851a1d" relativeResultsDirectory="a7566010-e8b4-40aa-9bd5-8ac73dd5b1bb" />
    <UnitTestResult executionId="b50f8ec5-ce25-4194-b3e8-045447a6be97" testId="19454db4-de16-191f-9c43-9735bdbaa7fe" testName="ZapretManager.Tests.Updates.HashVerifierTests.ComputeHashAsync_SameContent_SameHash" computerName="MITYA-GRIB" duration="00:00:00.0142896" startTime="2026-05-22T11:33:57.8357990+03:00" endTime="2026-05-22T11:33:57.8357994+03:00" testType="13cdc9d9-ddb5-4fa4-a97d-d965ccfc6d4b" outcome="Passed" testListId="8c84fa94-04c1-424b-9868-57a2d4851a1d" relativeResultsDirectory="b50f8ec5-ce25-4194-b3e8-045447a6be97" />
    <UnitTestResult executionId="4a46019c-9a30-49fd-93a0-5bbb1098b37f" testId="cf8e82d9-9d5d-5fed-050b-04dd9374e9ba" testName="ZapretManager.Tests.Updates.UpdateCheckerTests.IsNewerVersion_ReturnsExpected(remote: &quot;2.4.9&quot;, local: &quot;2.5.0&quot;, expected: False)" computerName="MITYA-GRIB" duration="00:00:00.0000035" startTime="2026-05-22T11:33:57.8292432+03:00" endTime="2026-05-22T11:33:57.8292432+03:00" testType="13cdc9d9-ddb5-4fa4-a97d-d965ccfc6d4b" outcome="Passed" testListId="8c84fa94-04c1-424b-9868-57a2d4851a1d" relativeResultsDirectory="4a46019c-9a30-49fd-93a0-5bbb1098b37f" />
    <UnitTestResult executionId="36c6333a-d9c5-44e7-bfd8-945ee32aaf35" testId="bd35ae35-54d3-d7c4-f120-01356e352ee2" testName="ZapretManager.Tests.Core.AppConfigTests.Load_EmptyJson_ReturnsDefaults" computerName="MITYA-GRIB" duration="00:00:00.0046161" startTime="2026-05-22T11:33:57.8349665+03:00" endTime="2026-05-22T11:33:57.8349666+03:00" testType="13cdc9d9-ddb5-4fa4-a97d-d965ccfc6d4b" outcome="Passed" testListId="8c84fa94-04c1-424b-9868-57a2d4851a1d" relativeResultsDirectory="36c6333a-d9c5-44e7-bfd8-945ee32aaf35" />
    <UnitTestResult executionId="7b4a49f8-3515-486c-95ed-1d2cc670abdc" testId="fc419844-0d41-63a8-4383-cec71729d42f" testName="ZapretManager.Tests.Core.AppConfigTests.Load_WatchdogConfig_HasSensibleDefaults" computerName="MITYA-GRIB" duration="00:00:00.0016495" startTime="2026-05-22T11:33:57.8348167+03:00" endTime="2026-05-22T11:33:57.8348169+03:00" testType="13cdc9d9-ddb5-4fa4-a97d-d965ccfc6d4b" outcome="Passed" testListId="8c84fa94-04c1-424b-9868-57a2d4851a1d" relativeResultsDirectory="7b4a49f8-3515-486c-95ed-1d2cc670abdc" />
    <UnitTestResult executionId="2029d735-e12c-451c-8398-9f063b316c66" testId="6e069a41-d59e-2718-0274-79f9b30679b7" testName="ZapretManager.Tests.Updates.UpdateCheckerTests.IsNewerVersion_ReturnsExpected(remote: &quot;2.6.0&quot;, local: &quot;2.5.0&quot;, expected: True)" computerName="MITYA-GRIB" duration="00:00:00.0000164" startTime="2026-05-22T11:33:57.7859201+03:00" endTime="2026-05-22T11:33:57.7859202+03:00" testType="13cdc9d9-ddb5-4fa4-a97d-d965ccfc6d4b" outcome="Passed" testListId="8c84fa94-04c1-424b-9868-57a2d4851a1d" relativeResultsDirectory="2029d735-e12c-451c-8398-9f063b316c66" />
    <UnitTestResult executionId="c90779a9-1442-42d9-95c3-fe80e8c4d45f" testId="c45ce7a3-aa7a-5f35-f3b8-a98b72e43537" testName="ZapretManager.Tests.Service.BackupManagerTests.ListBackups_AfterCreate_ReturnsSingleBackup" computerName="MITYA-GRIB" duration="00:00:00.0191981" startTime="2026-05-22T11:33:57.8510580+03:00" endTime="2026-05-22T11:33:57.8510585+03:00" testType="13cdc9d9-ddb5-4fa4-a97d-d965ccfc6d4b" outcome="Passed" testListId="8c84fa94-04c1-424b-9868-57a2d4851a1d" relativeResultsDirectory="c90779a9-1442-42d9-95c3-fe80e8c4d45f" />
    <UnitTestResult executionId="f8bd8736-5588-4463-ab71-04feb3172f1a" testId="c5dab717-ba6c-368e-b26c-acc97d540263" testName="ZapretManager.Tests.Updates.UpdateCheckerTests.IsNewerVersion_ReturnsExpected(remote: &quot;3.0.0&quot;, local: &quot;2.5.0&quot;, expected: True)" computerName="MITYA-GRIB" duration="00:00:00.0000032" startTime="2026-05-22T11:33:57.8292908+03:00" endTime="2026-05-22T11:33:57.8292909+03:00" testType="13cdc9d9-ddb5-4fa4-a97d-d965ccfc6d4b" outcome="Passed" testListId="8c84fa94-04c1-424b-9868-57a2d4851a1d" relativeResultsDirectory="f8bd8736-5588-4463-ab71-04feb3172f1a" />
    <UnitTestResult executionId="42d8e717-f177-4f65-a413-105814bc506f" testId="e30a4341-92c5-808f-6486-e27eac1bd58e" testName="ZapretManager.Tests.Service.BackupManagerTests.ListBackups_EmptyDirectory_ReturnsEmptyArray" computerName="MITYA-GRIB" duration="00:00:00.0100938" startTime="2026-05-22T11:33:57.8320801+03:00" endTime="2026-05-22T11:33:57.8320802+03:00" testType="13cdc9d9-ddb5-4fa4-a97d-d965ccfc6d4b" outcome="Passed" testListId="8c84fa94-04c1-424b-9868-57a2d4851a1d" relativeResultsDirectory="42d8e717-f177-4f65-a413-105814bc506f" />
    <UnitTestResult executionId="d14be9f9-c84f-4b9e-b2ce-dfaf82f44a13" testId="99edc2df-4cab-5be7-30ab-5e9e46355321" testName="ZapretManager.Tests.Service.BackupManagerTests.CreateBackup_ReturnsNonNullPath" computerName="MITYA-GRIB" duration="00:00:00.0349839" startTime="2026-05-22T11:33:57.8317592+03:00" endTime="2026-05-22T11:33:57.8317592+03:00" testType="13cdc9d9-ddb5-4fa4-a97d-d965ccfc6d4b" outcome="Passed" testListId="8c84fa94-04c1-424b-9868-57a2d4851a1d" relativeResultsDirectory="d14be9f9-c84f-4b9e-b2ce-dfaf82f44a13" />
    <UnitTestResult executionId="c006b1f9-0da7-4272-8e15-a77034e74ce8" testId="2b151007-0d73-6316-9468-859f9e871143" testName="ZapretManager.Tests.Updates.UpdateCheckerTests.IsNewerVersion_ReturnsExpected(remote: &quot;2.5.0&quot;, local: &quot;2.5.0&quot;, expected: False)" computerName="MITYA-GRIB" duration="00:00:00.0111152" startTime="2026-05-22T11:33:57.7794668+03:00" endTime="2026-05-22T11:33:57.7795364+03:00" testType="13cdc9d9-ddb5-4fa4-a97d-d965ccfc6d4b" outcome="Passed" testListId="8c84fa94-04c1-424b-9868-57a2d4851a1d" relativeResultsDirectory="c006b1f9-0da7-4272-8e15-a77034e74ce8" />
    <UnitTestResult executionId="a1ca2bf2-a28f-45ae-aac2-c8e820f8abce" testId="55342c5f-6882-d4c0-541c-0528ff0a9c0b" testName="ZapretManager.Tests.Core.AppConfigTests.Load_BrokenJson_ReturnsDefaults" computerName="MITYA-GRIB" duration="00:00:00.0068085" startTime="2026-05-22T11:33:57.8516660+03:00" endTime="2026-05-22T11:33:57.8516665+03:00" testType="13cdc9d9-ddb5-4fa4-a97d-d965ccfc6d4b" outcome="Passed" testListId="8c84fa94-04c1-424b-9868-57a2d4851a1d" relativeResultsDirectory="a1ca2bf2-a28f-45ae-aac2-c8e820f8abce" />
    <UnitTestResult executionId="1f0fd8ff-811a-407c-8612-916f1b95f87a" testId="a67eda8e-60c9-7fd8-e9ee-000d76167ad7" testName="ZapretManager.Tests.Updates.HashVerifierTests.ComputeHashAsync_ReturnsLowercaseHex" computerName="MITYA-GRIB" duration="00:00:00.0099045" startTime="2026-05-22T11:33:57.8470767+03:00" endTime="2026-05-22T11:33:57.8470772+03:00" testType="13cdc9d9-ddb5-4fa4-a97d-d965ccfc6d4b" outcome="Passed" testListId="8c84fa94-04c1-424b-9868-57a2d4851a1d" relativeResultsDirectory="1f0fd8ff-811a-407c-8612-916f1b95f87a" />
    <UnitTestResult executionId="df0c7699-0cf8-4c94-87ca-b8762f5e1dfd" testId="2e77bd0f-3a47-c4be-c627-d56b894dcd2f" testName="ZapretManager.Tests.Lists.ListMergerTests.WriteUtf8_CreatesParentDirectory" computerName="MITYA-GRIB" duration="00:00:00.0042300" startTime="2026-05-22T11:33:57.8321390+03:00" endTime="2026-05-22T11:33:57.8321390+03:00" testType="13cdc9d9-ddb5-4fa4-a97d-d965ccfc6d4b" outcome="Passed" testListId="8c84fa94-04c1-424b-9868-57a2d4851a1d" relativeResultsDirectory="df0c7699-0cf8-4c94-87ca-b8762f5e1dfd" />
    <UnitTestResult executionId="160ce65a-29e9-4a74-b4bf-841572d39156" testId="07029d4b-5681-3086-24ea-6e9f26ae5457" testName="ZapretManager.Tests.Service.BackupManagerTests.ListBackups_OrderedNewestFirst" computerName="MITYA-GRIB" duration="00:00:01.1149463" startTime="2026-05-22T11:33:58.9902553+03:00" endTime="2026-05-22T11:33:58.9902558+03:00" testType="13cdc9d9-ddb5-4fa4-a97d-d965ccfc6d4b" outcome="Passed" testListId="8c84fa94-04c1-424b-9868-57a2d4851a1d" relativeResultsDirectory="160ce65a-29e9-4a74-b4bf-841572d39156" />
  </Results>
  <TestDefinitions>
    <UnitTest name="ZapretManager.Tests.Updates.UpdateCheckerTests.IsNewerVersion_HandlesVPrefix(remote: &quot;v2.5.1&quot;, local: &quot;2.5.0&quot;, expected: True)" storage="c:\users\knyshovdmitry\downloads\12345-main\12345-main\src\zapretmanager.tests\bin\release\net8.0-windows\zapretmanager.tests.dll" id="909692b3-bbbc-ee15-bd40-64f9deaf29a5">
      <Execution id="1428fbc1-d9ec-4327-aa96-1dede37c1dc6" />
      <TestMethod codeBase="C:\Users\KnyshovDmitry\Downloads\12345-main\12345-main\src\ZapretManager.Tests\bin\Release\net8.0-windows\ZapretManager.Tests.dll" adapterTypeName="executor://xunit/VsTestRunner2/netcoreapp" className="ZapretManager.Tests.Updates.UpdateCheckerTests" name="IsNewerVersion_HandlesVPrefix" />
    </UnitTest>
    <UnitTest name="ZapretManager.Tests.Updates.UpdateCheckerTests.IsNewerVersion_HandlesInvalidVersions(remote: &quot;2.5.0&quot;, local: &quot;&quot;, expected: False)" storage="c:\users\knyshovdmitry\downloads\12345-main\12345-main\src\zapretmanager.tests\bin\release\net8.0-windows\zapretmanager.tests.dll" id="c37c0ef9-184d-bb5e-6de8-bb8987c0025a">
      <Execution id="ec068d92-0a6f-4d07-8758-b5969edef082" />
      <TestMethod codeBase="C:\Users\KnyshovDmitry\Downloads\12345-main\12345-main\src\ZapretManager.Tests\bin\Release\net8.0-windows\ZapretManager.Tests.dll" adapterTypeName="executor://xunit/VsTestRunner2/netcoreapp" className="ZapretManager.Tests.Updates.UpdateCheckerTests" name="IsNewerVersion_HandlesInvalidVersions" />
    </UnitTest>
    <UnitTest name="ZapretManager.Tests.Service.BackupManagerTests.ListBackups_OrderedNewestFirst" storage="c:\users\knyshovdmitry\downloads\12345-main\12345-main\src\zapretmanager.tests\bin\release\net8.0-windows\zapretmanager.tests.dll" id="07029d4b-5681-3086-24ea-6e9f26ae5457">
      <Execution id="160ce65a-29e9-4a74-b4bf-841572d39156" />
      <TestMethod codeBase="C:\Users\KnyshovDmitry\Downloads\12345-main\12345-main\src\ZapretManager.Tests\bin\Release\net8.0-windows\ZapretManager.Tests.dll" adapterTypeName="executor://xunit/VsTestRunner2/netcoreapp" className="ZapretManager.Tests.Service.BackupManagerTests" name="ListBackups_OrderedNewestFirst" />
    </UnitTest>
    <UnitTest name="ZapretManager.Tests.Updates.UpdateCheckerTests.IsNewerVersion_HandlesVPrefix(remote: &quot;2.5.0&quot;, local: &quot;v2.5.0&quot;, expected: False)" storage="c:\users\knyshovdmitry\downloads\12345-main\12345-main\src\zapretmanager.tests\bin\release\net8.0-windows\zapretmanager.tests.dll" id="457a5a54-d419-b0fe-3939-785a3293e96e">
      <Execution id="1e78f9bc-81b1-4e39-b279-f25e1fca40d8" />
      <TestMethod codeBase="C:\Users\KnyshovDmitry\Downloads\12345-main\12345-main\src\ZapretManager.Tests\bin\Release\net8.0-windows\ZapretManager.Tests.dll" adapterTypeName="executor://xunit/VsTestRunner2/netcoreapp" className="ZapretManager.Tests.Updates.UpdateCheckerTests" name="IsNewerVersion_HandlesVPrefix" />
    </UnitTest>
    <UnitTest name="ZapretManager.Tests.Updates.HashVerifierTests.VerifyAsync_EmptyExpected_ThrowsArgumentException" storage="c:\users\knyshovdmitry\downloads\12345-main\12345-main\src\zapretmanager.tests\bin\release\net8.0-windows\zapretmanager.tests.dll" id="29e98d00-8961-6206-9fe4-9fd60c01ce74">
      <Execution id="89e5a7d2-9b0d-49d0-ab38-f500ee8641ea" />
      <TestMethod codeBase="C:\Users\KnyshovDmitry\Downloads\12345-main\12345-main\src\ZapretManager.Tests\bin\Release\net8.0-windows\ZapretManager.Tests.dll" adapterTypeName="executor://xunit/VsTestRunner2/netcoreapp" className="ZapretManager.Tests.Updates.HashVerifierTests" name="VerifyAsync_EmptyExpected_ThrowsArgumentException" />
    </UnitTest>
    <UnitTest name="ZapretManager.Tests.Service.BackupManagerTests.CreateBackup_ReturnsNonNullPath" storage="c:\users\knyshovdmitry\downloads\12345-main\12345-main\src\zapretmanager.tests\bin\release\net8.0-windows\zapretmanager.tests.dll" id="99edc2df-4cab-5be7-30ab-5e9e46355321">
      <Execution id="d14be9f9-c84f-4b9e-b2ce-dfaf82f44a13" />
      <TestMethod codeBase="C:\Users\KnyshovDmitry\Downloads\12345-main\12345-main\src\ZapretManager.Tests\bin\Release\net8.0-windows\ZapretManager.Tests.dll" adapterTypeName="executor://xunit/VsTestRunner2/netcoreapp" className="ZapretManager.Tests.Service.BackupManagerTests" name="CreateBackup_ReturnsNonNullPath" />
    </UnitTest>
    <UnitTest name="ZapretManager.Tests.Service.BackupManagerTests.CreateBackup_CreatesZipFile" storage="c:\users\knyshovdmitry\downloads\12345-main\12345-main\src\zapretmanager.tests\bin\release\net8.0-windows\zapretmanager.tests.dll" id="11b46009-150e-368c-de94-341585a5270f">
      <Execution id="f49d02d6-0cc5-482f-b051-289f6bfe69d7" />
      <TestMethod codeBase="C:\Users\KnyshovDmitry\Downloads\12345-main\12345-main\src\ZapretManager.Tests\bin\Release\net8.0-windows\ZapretManager.Tests.dll" adapterTypeName="executor://xunit/VsTestRunner2/netcoreapp" className="ZapretManager.Tests.Service.BackupManagerTests" name="CreateBackup_CreatesZipFile" />
    </UnitTest>
    <UnitTest name="ZapretManager.Tests.Lists.ListMergerTests.Merge_PreservesComments" storage="c:\users\knyshovdmitry\downloads\12345-main\12345-main\src\zapretmanager.tests\bin\release\net8.0-windows\zapretmanager.tests.dll" id="429c9d05-be0c-99fa-43e4-84187a1c1e54">
      <Execution id="792f95d1-fd44-4e27-afc8-d8fe9c13d647" />
      <TestMethod codeBase="C:\Users\KnyshovDmitry\Downloads\12345-main\12345-main\src\ZapretManager.Tests\bin\Release\net8.0-windows\ZapretManager.Tests.dll" adapterTypeName="executor://xunit/VsTestRunner2/netcoreapp" className="ZapretManager.Tests.Lists.ListMergerTests" name="Merge_PreservesComments" />
    </UnitTest>
    <UnitTest name="ZapretManager.Tests.Updates.UpdateCheckerTests.IsNewerVersion_ReturnsExpected(remote: &quot;2.5.0&quot;, local: &quot;2.5.0&quot;, expected: False)" storage="c:\users\knyshovdmitry\downloads\12345-main\12345-main\src\zapretmanager.tests\bin\release\net8.0-windows\zapretmanager.tests.dll" id="2b151007-0d73-6316-9468-859f9e871143">
      <Execution id="c006b1f9-0da7-4272-8e15-a77034e74ce8" />
      <TestMethod codeBase="C:\Users\KnyshovDmitry\Downloads\12345-main\12345-main\src\ZapretManager.Tests\bin\Release\net8.0-windows\ZapretManager.Tests.dll" adapterTypeName="executor://xunit/VsTestRunner2/netcoreapp" className="ZapretManager.Tests.Updates.UpdateCheckerTests" name="IsNewerVersion_ReturnsExpected" />
    </UnitTest>
    <UnitTest name="ZapretManager.Tests.Lists.ListMergerTests.ReplaceWithOrigin_PreservesUserAddedEntries" storage="c:\users\knyshovdmitry\downloads\12345-main\12345-main\src\zapretmanager.tests\bin\release\net8.0-windows\zapretmanager.tests.dll" id="685732bf-f036-bfe4-7d4e-2827693848b0">
      <Execution id="6cf29039-d0af-412d-a854-7512cd4bd7cf" />
      <TestMethod codeBase="C:\Users\KnyshovDmitry\Downloads\12345-main\12345-main\src\ZapretManager.Tests\bin\Release\net8.0-windows\ZapretManager.Tests.dll" adapterTypeName="executor://xunit/VsTestRunner2/netcoreapp" className="ZapretManager.Tests.Lists.ListMergerTests" name="ReplaceWithOrigin_PreservesUserAddedEntries" />
    </UnitTest>
    <UnitTest name="ZapretManager.Tests.Updates.UpdateCheckerTests.IsNewerVersion_ReturnsExpected(remote: null, local: null, expected: False)" storage="c:\users\knyshovdmitry\downloads\12345-main\12345-main\src\zapretmanager.tests\bin\release\net8.0-windows\zapretmanager.tests.dll" id="10262751-b318-5990-0215-15d860562f98">
      <Execution id="a0a23663-8bf2-4ed5-a7fb-dc06459f3436" />
      <TestMethod codeBase="C:\Users\KnyshovDmitry\Downloads\12345-main\12345-main\src\ZapretManager.Tests\bin\Release\net8.0-windows\ZapretManager.Tests.dll" adapterTypeName="executor://xunit/VsTestRunner2/netcoreapp" className="ZapretManager.Tests.Updates.UpdateCheckerTests" name="IsNewerVersion_ReturnsExpected" />
    </UnitTest>
    <UnitTest name="ZapretManager.Tests.Lists.ListMergerTests.Merge_RemovesDuplicates_CaseInsensitive" storage="c:\users\knyshovdmitry\downloads\12345-main\12345-main\src\zapretmanager.tests\bin\release\net8.0-windows\zapretmanager.tests.dll" id="6645c9d4-a101-d474-0e91-21f3aa494d98">
      <Execution id="8c419acc-1f5b-4e02-9455-9168a176322f" />
      <TestMethod codeBase="C:\Users\KnyshovDmitry\Downloads\12345-main\12345-main\src\ZapretManager.Tests\bin\Release\net8.0-windows\ZapretManager.Tests.dll" adapterTypeName="executor://xunit/VsTestRunner2/netcoreapp" className="ZapretManager.Tests.Lists.ListMergerTests" name="Merge_RemovesDuplicates_CaseInsensitive" />
    </UnitTest>
    <UnitTest name="ZapretManager.Tests.Core.AppConfigTests.Load_ValidJson_DeserializesCorrectly" storage="c:\users\knyshovdmitry\downloads\12345-main\12345-main\src\zapretmanager.tests\bin\release\net8.0-windows\zapretmanager.tests.dll" id="ecc6e109-045c-98a4-20d9-fadd4e027c5e">
      <Execution id="a7566010-e8b4-40aa-9bd5-8ac73dd5b1bb" />
      <TestMethod codeBase="C:\Users\KnyshovDmitry\Downloads\12345-main\12345-main\src\ZapretManager.Tests\bin\Release\net8.0-windows\ZapretManager.Tests.dll" adapterTypeName="executor://xunit/VsTestRunner2/netcoreapp" className="ZapretManager.Tests.Core.AppConfigTests" name="Load_ValidJson_DeserializesCorrectly" />
    </UnitTest>
    <UnitTest name="ZapretManager.Tests.Updates.UpdateCheckerTests.IsNewerVersion_HandlesInvalidVersions(remote: &quot;&quot;, local: &quot;2.5.0&quot;, expected: False)" storage="c:\users\knyshovdmitry\downloads\12345-main\12345-main\src\zapretmanager.tests\bin\release\net8.0-windows\zapretmanager.tests.dll" id="b2ac25fa-d82d-5244-14d4-bef8b4e6ac98">
      <Execution id="eb54d004-401d-41cf-bf91-fe2c4ab713f5" />
      <TestMethod codeBase="C:\Users\KnyshovDmitry\Downloads\12345-main\12345-main\src\ZapretManager.Tests\bin\Release\net8.0-windows\ZapretManager.Tests.dll" adapterTypeName="executor://xunit/VsTestRunner2/netcoreapp" className="ZapretManager.Tests.Updates.UpdateCheckerTests" name="IsNewerVersion_HandlesInvalidVersions" />
    </UnitTest>
    <UnitTest name="ZapretManager.Tests.Service.BackupManagerTests.CreateBackup_Rotation_KeepsOnlyN" storage="c:\users\knyshovdmitry\downloads\12345-main\12345-main\src\zapretmanager.tests\bin\release\net8.0-windows\zapretmanager.tests.dll" id="66e6b8bf-4526-043c-4c9d-a92f441bcc55">
      <Execution id="3413ae9c-e477-45e8-a2ca-b6bbce3e78cc" />
      <TestMethod codeBase="C:\Users\KnyshovDmitry\Downloads\12345-main\12345-main\src\ZapretManager.Tests\bin\Release\net8.0-windows\ZapretManager.Tests.dll" adapterTypeName="executor://xunit/VsTestRunner2/netcoreapp" className="ZapretManager.Tests.Service.BackupManagerTests" name="CreateBackup_Rotation_KeepsOnlyN" />
    </UnitTest>
    <UnitTest name="ZapretManager.Tests.Lists.ListMergerTests.WriteUtf8_RoundTrip_PreservesContent" storage="c:\users\knyshovdmitry\downloads\12345-main\12345-main\src\zapretmanager.tests\bin\release\net8.0-windows\zapretmanager.tests.dll" id="af91dae1-6c42-f97d-4a64-972dd881c0cd">
      <Execution id="47446f2d-fe9c-476b-bdf7-95f9735694e6" />
      <TestMethod codeBase="C:\Users\KnyshovDmitry\Downloads\12345-main\12345-main\src\ZapretManager.Tests\bin\Release\net8.0-windows\ZapretManager.Tests.dll" adapterTypeName="executor://xunit/VsTestRunner2/netcoreapp" className="ZapretManager.Tests.Lists.ListMergerTests" name="WriteUtf8_RoundTrip_PreservesContent" />
    </UnitTest>
    <UnitTest name="ZapretManager.Tests.Core.AppConfigTests.Load_MissingFile_ReturnsDefaults" storage="c:\users\knyshovdmitry\downloads\12345-main\12345-main\src\zapretmanager.tests\bin\release\net8.0-windows\zapretmanager.tests.dll" id="3f69f9be-6ad4-fdaa-05e6-192205ca0984">
      <Execution id="c789ca87-5ada-4fc3-b055-bf3e1d52d860" />
      <TestMethod codeBase="C:\Users\KnyshovDmitry\Downloads\12345-main\12345-main\src\ZapretManager.Tests\bin\Release\net8.0-windows\ZapretManager.Tests.dll" adapterTypeName="executor://xunit/VsTestRunner2/netcoreapp" className="ZapretManager.Tests.Core.AppConfigTests" name="Load_MissingFile_ReturnsDefaults" />
    </UnitTest>
    <UnitTest name="ZapretManager.Tests.Updates.UpdateCheckerTests.IsNewerVersion_ReturnsExpected(remote: &quot;2.5.0&quot;, local: null, expected: False)" storage="c:\users\knyshovdmitry\downloads\12345-main\12345-main\src\zapretmanager.tests\bin\release\net8.0-windows\zapretmanager.tests.dll" id="522e1b6d-7212-8ac5-8fcc-2d54b3b5057b">
      <Execution id="f0c3d09a-852a-4e25-b97a-96b78c0dfbc1" />
      <TestMethod codeBase="C:\Users\KnyshovDmitry\Downloads\12345-main\12345-main\src\ZapretManager.Tests\bin\Release\net8.0-windows\ZapretManager.Tests.dll" adapterTypeName="executor://xunit/VsTestRunner2/netcoreapp" className="ZapretManager.Tests.Updates.UpdateCheckerTests" name="IsNewerVersion_ReturnsExpected" />
    </UnitTest>
    <UnitTest name="ZapretManager.Tests.Updates.HashVerifierTests.VerifyAsync_WrongHash_ReturnsFalse" storage="c:\users\knyshovdmitry\downloads\12345-main\12345-main\src\zapretmanager.tests\bin\release\net8.0-windows\zapretmanager.tests.dll" id="33e9f2b5-949a-af0d-b435-cc1d7b980c50">
      <Execution id="1e364b89-2673-4372-9c8c-f22262ded728" />
      <TestMethod codeBase="C:\Users\KnyshovDmitry\Downloads\12345-main\12345-main\src\ZapretManager.Tests\bin\Release\net8.0-windows\ZapretManager.Tests.dll" adapterTypeName="executor://xunit/VsTestRunner2/netcoreapp" className="ZapretManager.Tests.Updates.HashVerifierTests" name="VerifyAsync_WrongHash_ReturnsFalse" />
    </UnitTest>
    <UnitTest name="ZapretManager.Tests.Updates.UpdateCheckerTests.IsNewerVersion_ReturnsExpected(remote: &quot;2.5.1&quot;, local: &quot;2.5.0&quot;, expected: True)" storage="c:\users\knyshovdmitry\downloads\12345-main\12345-main\src\zapretmanager.tests\bin\release\net8.0-windows\zapretmanager.tests.dll" id="56d9741f-b9f5-deda-194d-7025b3696f9d">
      <Execution id="5d68561a-6879-4401-91cb-db5d6c18432b" />
      <TestMethod codeBase="C:\Users\KnyshovDmitry\Downloads\12345-main\12345-main\src\ZapretManager.Tests\bin\Release\net8.0-windows\ZapretManager.Tests.dll" adapterTypeName="executor://xunit/VsTestRunner2/netcoreapp" className="ZapretManager.Tests.Updates.UpdateCheckerTests" name="IsNewerVersion_ReturnsExpected" />
    </UnitTest>
    <UnitTest name="ZapretManager.Tests.Service.BackupManagerTests.ListBackups_AfterCreate_ReturnsSingleBackup" storage="c:\users\knyshovdmitry\downloads\12345-main\12345-main\src\zapretmanager.tests\bin\release\net8.0-windows\zapretmanager.tests.dll" id="c45ce7a3-aa7a-5f35-f3b8-a98b72e43537">
      <Execution id="c90779a9-1442-42d9-95c3-fe80e8c4d45f" />
      <TestMethod codeBase="C:\Users\KnyshovDmitry\Downloads\12345-main\12345-main\src\ZapretManager.Tests\bin\Release\net8.0-windows\ZapretManager.Tests.dll" adapterTypeName="executor://xunit/VsTestRunner2/netcoreapp" className="ZapretManager.Tests.Service.BackupManagerTests" name="ListBackups_AfterCreate_ReturnsSingleBackup" />
    </UnitTest>
    <UnitTest name="ZapretManager.Tests.Lists.ListMergerTests.ReplaceWithOrigin_OriginEntriesAlwaysPresent" storage="c:\users\knyshovdmitry\downloads\12345-main\12345-main\src\zapretmanager.tests\bin\release\net8.0-windows\zapretmanager.tests.dll" id="b7ec2304-d10f-0055-cda7-2bb95ac32a86">
      <Execution id="4e456dcd-567d-4a6a-8208-bd124821e4b9" />
      <TestMethod codeBase="C:\Users\KnyshovDmitry\Downloads\12345-main\12345-main\src\ZapretManager.Tests\bin\Release\net8.0-windows\ZapretManager.Tests.dll" adapterTypeName="executor://xunit/VsTestRunner2/netcoreapp" className="ZapretManager.Tests.Lists.ListMergerTests" name="ReplaceWithOrigin_OriginEntriesAlwaysPresent" />
    </UnitTest>
    <UnitTest name="ZapretManager.Tests.Updates.UpdateCheckerTests.IsNewerVersion_HandlesVPrefix(remote: &quot;V2.5.1&quot;, local: &quot;2.5.0&quot;, expected: True)" storage="c:\users\knyshovdmitry\downloads\12345-main\12345-main\src\zapretmanager.tests\bin\release\net8.0-windows\zapretmanager.tests.dll" id="160e1fb2-a6d0-9e87-4c99-a5c3814016d3">
      <Execution id="eea569a0-b9df-402b-91e6-685aced578a5" />
      <TestMethod codeBase="C:\Users\KnyshovDmitry\Downloads\12345-main\12345-main\src\ZapretManager.Tests\bin\Release\net8.0-windows\ZapretManager.Tests.dll" adapterTypeName="executor://xunit/VsTestRunner2/netcoreapp" className="ZapretManager.Tests.Updates.UpdateCheckerTests" name="IsNewerVersion_HandlesVPrefix" />
    </UnitTest>
    <UnitTest name="ZapretManager.Tests.Updates.HashVerifierTests.VerifyAsync_CorrectHash_ReturnsTrue" storage="c:\users\knyshovdmitry\downloads\12345-main\12345-main\src\zapretmanager.tests\bin\release\net8.0-windows\zapretmanager.tests.dll" id="fdddf065-611f-e0cc-20d6-f4d57251ce38">
      <Execution id="f734c365-e320-44b4-a4db-9798b6e36428" />
      <TestMethod codeBase="C:\Users\KnyshovDmitry\Downloads\12345-main\12345-main\src\ZapretManager.Tests\bin\Release\net8.0-windows\ZapretManager.Tests.dll" adapterTypeName="executor://xunit/VsTestRunner2/netcoreapp" className="ZapretManager.Tests.Updates.HashVerifierTests" name="VerifyAsync_CorrectHash_ReturnsTrue" />
    </UnitTest>
    <UnitTest name="ZapretManager.Tests.Core.AppConfigTests.Load_WatchdogConfig_HasSensibleDefaults" storage="c:\users\knyshovdmitry\downloads\12345-main\12345-main\src\zapretmanager.tests\bin\release\net8.0-windows\zapretmanager.tests.dll" id="fc419844-0d41-63a8-4383-cec71729d42f">
      <Execution id="7b4a49f8-3515-486c-95ed-1d2cc670abdc" />
      <TestMethod codeBase="C:\Users\KnyshovDmitry\Downloads\12345-main\12345-main\src\ZapretManager.Tests\bin\Release\net8.0-windows\ZapretManager.Tests.dll" adapterTypeName="executor://xunit/VsTestRunner2/netcoreapp" className="ZapretManager.Tests.Core.AppConfigTests" name="Load_WatchdogConfig_HasSensibleDefaults" />
    </UnitTest>
    <UnitTest name="ZapretManager.Tests.Core.AppConfigTests.Load_DiagnosticsConfig_ParsedCorrectly" storage="c:\users\knyshovdmitry\downloads\12345-main\12345-main\src\zapretmanager.tests\bin\release\net8.0-windows\zapretmanager.tests.dll" id="b112bfc9-0647-33c5-08d7-dd35f42cc3ec">
      <Execution id="f863ddb7-26ce-49ca-9a7e-9b4e74e83c8f" />
      <TestMethod codeBase="C:\Users\KnyshovDmitry\Downloads\12345-main\12345-main\src\ZapretManager.Tests\bin\Release\net8.0-windows\ZapretManager.Tests.dll" adapterTypeName="executor://xunit/VsTestRunner2/netcoreapp" className="ZapretManager.Tests.Core.AppConfigTests" name="Load_DiagnosticsConfig_ParsedCorrectly" />
    </UnitTest>
    <UnitTest name="ZapretManager.Tests.Core.AppConfigTests.Load_BrokenJson_ReturnsDefaults" storage="c:\users\knyshovdmitry\downloads\12345-main\12345-main\src\zapretmanager.tests\bin\release\net8.0-windows\zapretmanager.tests.dll" id="55342c5f-6882-d4c0-541c-0528ff0a9c0b">
      <Execution id="a1ca2bf2-a28f-45ae-aac2-c8e820f8abce" />
      <TestMethod codeBase="C:\Users\KnyshovDmitry\Downloads\12345-main\12345-main\src\ZapretManager.Tests\bin\Release\net8.0-windows\ZapretManager.Tests.dll" adapterTypeName="executor://xunit/VsTestRunner2/netcoreapp" className="ZapretManager.Tests.Core.AppConfigTests" name="Load_BrokenJson_ReturnsDefaults" />
    </UnitTest>
    <UnitTest name="ZapretManager.Tests.Updates.HashVerifierTests.ComputeHashAsync_DifferentContent_DifferentHash" storage="c:\users\knyshovdmitry\downloads\12345-main\12345-main\src\zapretmanager.tests\bin\release\net8.0-windows\zapretmanager.tests.dll" id="bca8db57-aafe-04dd-7d78-dbc99b5946e1">
      <Execution id="ccd9cbd3-bac5-4c9f-af4c-c673d01c1d66" />
      <TestMethod codeBase="C:\Users\KnyshovDmitry\Downloads\12345-main\12345-main\src\ZapretManager.Tests\bin\Release\net8.0-windows\ZapretManager.Tests.dll" adapterTypeName="executor://xunit/VsTestRunner2/netcoreapp" className="ZapretManager.Tests.Updates.HashVerifierTests" name="ComputeHashAsync_DifferentContent_DifferentHash" />
    </UnitTest>
    <UnitTest name="ZapretManager.Tests.Updates.UpdateCheckerTests.IsNewerVersion_ReturnsExpected(remote: null, local: &quot;2.5.0&quot;, expected: False)" storage="c:\users\knyshovdmitry\downloads\12345-main\12345-main\src\zapretmanager.tests\bin\release\net8.0-windows\zapretmanager.tests.dll" id="408cd4bd-230f-208b-a9a5-ad7cc110282c">
      <Execution id="ca0782ac-be7e-44ac-9247-be9851e328f3" />
      <TestMethod codeBase="C:\Users\KnyshovDmitry\Downloads\12345-main\12345-main\src\ZapretManager.Tests\bin\Release\net8.0-windows\ZapretManager.Tests.dll" adapterTypeName="executor://xunit/VsTestRunner2/netcoreapp" className="ZapretManager.Tests.Updates.UpdateCheckerTests" name="IsNewerVersion_ReturnsExpected" />
    </UnitTest>
    <UnitTest name="ZapretManager.Tests.Lists.ListMergerTests.WriteUtf8_WritesWithoutBom" storage="c:\users\knyshovdmitry\downloads\12345-main\12345-main\src\zapretmanager.tests\bin\release\net8.0-windows\zapretmanager.tests.dll" id="5cf201fd-48b0-e922-3a38-ce8bada57b78">
      <Execution id="92c59446-d201-4bdd-8040-e55a0cb9ba0f" />
      <TestMethod codeBase="C:\Users\KnyshovDmitry\Downloads\12345-main\12345-main\src\ZapretManager.Tests\bin\Release\net8.0-windows\ZapretManager.Tests.dll" adapterTypeName="executor://xunit/VsTestRunner2/netcoreapp" className="ZapretManager.Tests.Lists.ListMergerTests" name="WriteUtf8_WritesWithoutBom" />
    </UnitTest>
    <UnitTest name="ZapretManager.Tests.Updates.HashVerifierTests.ComputeHashAsync_SameContent_SameHash" storage="c:\users\knyshovdmitry\downloads\12345-main\12345-main\src\zapretmanager.tests\bin\release\net8.0-windows\zapretmanager.tests.dll" id="19454db4-de16-191f-9c43-9735bdbaa7fe">
      <Execution id="b50f8ec5-ce25-4194-b3e8-045447a6be97" />
      <TestMethod codeBase="C:\Users\KnyshovDmitry\Downloads\12345-main\12345-main\src\ZapretManager.Tests\bin\Release\net8.0-windows\ZapretManager.Tests.dll" adapterTypeName="executor://xunit/VsTestRunner2/netcoreapp" className="ZapretManager.Tests.Updates.HashVerifierTests" name="ComputeHashAsync_SameContent_SameHash" />
    </UnitTest>
    <UnitTest name="ZapretManager.Tests.Updates.UpdateCheckerTests.IsNewerVersion_ReturnsExpected(remote: &quot;2.4.9&quot;, local: &quot;2.5.0&quot;, expected: False)" storage="c:\users\knyshovdmitry\downloads\12345-main\12345-main\src\zapretmanager.tests\bin\release\net8.0-windows\zapretmanager.tests.dll" id="cf8e82d9-9d5d-5fed-050b-04dd9374e9ba">
      <Execution id="4a46019c-9a30-49fd-93a0-5bbb1098b37f" />
      <TestMethod codeBase="C:\Users\KnyshovDmitry\Downloads\12345-main\12345-main\src\ZapretManager.Tests\bin\Release\net8.0-windows\ZapretManager.Tests.dll" adapterTypeName="executor://xunit/VsTestRunner2/netcoreapp" className="ZapretManager.Tests.Updates.UpdateCheckerTests" name="IsNewerVersion_ReturnsExpected" />
    </UnitTest>
    <UnitTest name="ZapretManager.Tests.Updates.UpdateCheckerTests.IsNewerVersion_ReturnsExpected(remote: &quot;2.6.0&quot;, local: &quot;2.5.0&quot;, expected: True)" storage="c:\users\knyshovdmitry\downloads\12345-main\12345-main\src\zapretmanager.tests\bin\release\net8.0-windows\zapretmanager.tests.dll" id="6e069a41-d59e-2718-0274-79f9b30679b7">
      <Execution id="2029d735-e12c-451c-8398-9f063b316c66" />
      <TestMethod codeBase="C:\Users\KnyshovDmitry\Downloads\12345-main\12345-main\src\ZapretManager.Tests\bin\Release\net8.0-windows\ZapretManager.Tests.dll" adapterTypeName="executor://xunit/VsTestRunner2/netcoreapp" className="ZapretManager.Tests.Updates.UpdateCheckerTests" name="IsNewerVersion_ReturnsExpected" />
    </UnitTest>
    <UnitTest name="ZapretManager.Tests.Core.AppConfigTests.Load_EmptyJson_ReturnsDefaults" storage="c:\users\knyshovdmitry\downloads\12345-main\12345-main\src\zapretmanager.tests\bin\release\net8.0-windows\zapretmanager.tests.dll" id="bd35ae35-54d3-d7c4-f120-01356e352ee2">
      <Execution id="36c6333a-d9c5-44e7-bfd8-945ee32aaf35" />
      <TestMethod codeBase="C:\Users\KnyshovDmitry\Downloads\12345-main\12345-main\src\ZapretManager.Tests\bin\Release\net8.0-windows\ZapretManager.Tests.dll" adapterTypeName="executor://xunit/VsTestRunner2/netcoreapp" className="ZapretManager.Tests.Core.AppConfigTests" name="Load_EmptyJson_ReturnsDefaults" />
    </UnitTest>
    <UnitTest name="ZapretManager.Tests.Updates.UpdateCheckerTests.IsNewerVersion_ReturnsExpected(remote: &quot;3.0.0&quot;, local: &quot;2.5.0&quot;, expected: True)" storage="c:\users\knyshovdmitry\downloads\12345-main\12345-main\src\zapretmanager.tests\bin\release\net8.0-windows\zapretmanager.tests.dll" id="c5dab717-ba6c-368e-b26c-acc97d540263">
      <Execution id="f8bd8736-5588-4463-ab71-04feb3172f1a" />
      <TestMethod codeBase="C:\Users\KnyshovDmitry\Downloads\12345-main\12345-main\src\ZapretManager.Tests\bin\Release\net8.0-windows\ZapretManager.Tests.dll" adapterTypeName="executor://xunit/VsTestRunner2/netcoreapp" className="ZapretManager.Tests.Updates.UpdateCheckerTests" name="IsNewerVersion_ReturnsExpected" />
    </UnitTest>
    <UnitTest name="ZapretManager.Tests.Lists.ListMergerTests.Merge_EmptyLines_NotDuplicated" storage="c:\users\knyshovdmitry\downloads\12345-main\12345-main\src\zapretmanager.tests\bin\release\net8.0-windows\zapretmanager.tests.dll" id="5a016c64-88c3-4551-dadc-9038d54be89c">
      <Execution id="4bf35106-0b15-41eb-b146-b01e3902c419" />
      <TestMethod codeBase="C:\Users\KnyshovDmitry\Downloads\12345-main\12345-main\src\ZapretManager.Tests\bin\Release\net8.0-windows\ZapretManager.Tests.dll" adapterTypeName="executor://xunit/VsTestRunner2/netcoreapp" className="ZapretManager.Tests.Lists.ListMergerTests" name="Merge_EmptyLines_NotDuplicated" />
    </UnitTest>
    <UnitTest name="ZapretManager.Tests.Service.BackupManagerTests.ListBackups_EmptyDirectory_ReturnsEmptyArray" storage="c:\users\knyshovdmitry\downloads\12345-main\12345-main\src\zapretmanager.tests\bin\release\net8.0-windows\zapretmanager.tests.dll" id="e30a4341-92c5-808f-6486-e27eac1bd58e">
      <Execution id="42d8e717-f177-4f65-a413-105814bc506f" />
      <TestMethod codeBase="C:\Users\KnyshovDmitry\Downloads\12345-main\12345-main\src\ZapretManager.Tests\bin\Release\net8.0-windows\ZapretManager.Tests.dll" adapterTypeName="executor://xunit/VsTestRunner2/netcoreapp" className="ZapretManager.Tests.Service.BackupManagerTests" name="ListBackups_EmptyDirectory_ReturnsEmptyArray" />
    </UnitTest>
    <UnitTest name="ZapretManager.Tests.Lists.ListMergerTests.WriteUtf8_CreatesParentDirectory" storage="c:\users\knyshovdmitry\downloads\12345-main\12345-main\src\zapretmanager.tests\bin\release\net8.0-windows\zapretmanager.tests.dll" id="2e77bd0f-3a47-c4be-c627-d56b894dcd2f">
      <Execution id="df0c7699-0cf8-4c94-87ca-b8762f5e1dfd" />
      <TestMethod codeBase="C:\Users\KnyshovDmitry\Downloads\12345-main\12345-main\src\ZapretManager.Tests\bin\Release\net8.0-windows\ZapretManager.Tests.dll" adapterTypeName="executor://xunit/VsTestRunner2/netcoreapp" className="ZapretManager.Tests.Lists.ListMergerTests" name="WriteUtf8_CreatesParentDirectory" />
    </UnitTest>
    <UnitTest name="ZapretManager.Tests.Lists.ListMergerTests.Merge_DeduplicatesComments" storage="c:\users\knyshovdmitry\downloads\12345-main\12345-main\src\zapretmanager.tests\bin\release\net8.0-windows\zapretmanager.tests.dll" id="f06cdf60-235b-9a28-767f-4c6cd3acdb9f">
      <Execution id="251ff64c-a63a-4921-a9d1-8bcbe2759111" />
      <TestMethod codeBase="C:\Users\KnyshovDmitry\Downloads\12345-main\12345-main\src\ZapretManager.Tests\bin\Release\net8.0-windows\ZapretManager.Tests.dll" adapterTypeName="executor://xunit/VsTestRunner2/netcoreapp" className="ZapretManager.Tests.Lists.ListMergerTests" name="Merge_DeduplicatesComments" />
    </UnitTest>
    <UnitTest name="ZapretManager.Tests.Lists.ListMergerTests.Merge_ExistingFile_PreservesOldLines" storage="c:\users\knyshovdmitry\downloads\12345-main\12345-main\src\zapretmanager.tests\bin\release\net8.0-windows\zapretmanager.tests.dll" id="e4e19066-fd8d-36d1-900c-a4140591004b">
      <Execution id="00f49eeb-8a23-4703-8457-e001d4aeb96f" />
      <TestMethod codeBase="C:\Users\KnyshovDmitry\Downloads\12345-main\12345-main\src\ZapretManager.Tests\bin\Release\net8.0-windows\ZapretManager.Tests.dll" adapterTypeName="executor://xunit/VsTestRunner2/netcoreapp" className="ZapretManager.Tests.Lists.ListMergerTests" name="Merge_ExistingFile_PreservesOldLines" />
    </UnitTest>
    <UnitTest name="ZapretManager.Tests.Updates.HashVerifierTests.ComputeHashAsync_ReturnsLowercaseHex" storage="c:\users\knyshovdmitry\downloads\12345-main\12345-main\src\zapretmanager.tests\bin\release\net8.0-windows\zapretmanager.tests.dll" id="a67eda8e-60c9-7fd8-e9ee-000d76167ad7">
      <Execution id="1f0fd8ff-811a-407c-8612-916f1b95f87a" />
      <TestMethod codeBase="C:\Users\KnyshovDmitry\Downloads\12345-main\12345-main\src\ZapretManager.Tests\bin\Release\net8.0-windows\ZapretManager.Tests.dll" adapterTypeName="executor://xunit/VsTestRunner2/netcoreapp" className="ZapretManager.Tests.Updates.HashVerifierTests" name="ComputeHashAsync_ReturnsLowercaseHex" />
    </UnitTest>
    <UnitTest name="ZapretManager.Tests.Service.BackupManagerTests.RestoreBackup_ValidZip_ReturnsTrueAndRestoresFile" storage="c:\users\knyshovdmitry\downloads\12345-main\12345-main\src\zapretmanager.tests\bin\release\net8.0-windows\zapretmanager.tests.dll" id="88e83f7b-0619-6c41-ca20-dfe89482952c">
      <Execution id="6ee565b7-f0d7-4e09-b53b-a0d17e5fa042" />
      <TestMethod codeBase="C:\Users\KnyshovDmitry\Downloads\12345-main\12345-main\src\ZapretManager.Tests\bin\Release\net8.0-windows\ZapretManager.Tests.dll" adapterTypeName="executor://xunit/VsTestRunner2/netcoreapp" className="ZapretManager.Tests.Service.BackupManagerTests" name="RestoreBackup_ValidZip_ReturnsTrueAndRestoresFile" />
    </UnitTest>
    <UnitTest name="ZapretManager.Tests.Service.BackupManagerTests.RestoreBackup_MissingFile_ReturnsFalse" storage="c:\users\knyshovdmitry\downloads\12345-main\12345-main\src\zapretmanager.tests\bin\release\net8.0-windows\zapretmanager.tests.dll" id="d6faa7a6-d3bd-a83e-46f4-918a575f300a">
      <Execution id="a630eb53-80e3-48d1-9683-e8c1be6e71d2" />
      <TestMethod codeBase="C:\Users\KnyshovDmitry\Downloads\12345-main\12345-main\src\ZapretManager.Tests\bin\Release\net8.0-windows\ZapretManager.Tests.dll" adapterTypeName="executor://xunit/VsTestRunner2/netcoreapp" className="ZapretManager.Tests.Service.BackupManagerTests" name="RestoreBackup_MissingFile_ReturnsFalse" />
    </UnitTest>
    <UnitTest name="ZapretManager.Tests.Service.BackupManagerTests.CreateBackup_ZipContainsExpectedFiles" storage="c:\users\knyshovdmitry\downloads\12345-main\12345-main\src\zapretmanager.tests\bin\release\net8.0-windows\zapretmanager.tests.dll" id="d53e95c9-a148-1d0d-4567-56d2a77e7f34">
      <Execution id="1b6c2625-3576-4d0b-9a7b-de871194247f" />
      <TestMethod codeBase="C:\Users\KnyshovDmitry\Downloads\12345-main\12345-main\src\ZapretManager.Tests\bin\Release\net8.0-windows\ZapretManager.Tests.dll" adapterTypeName="executor://xunit/VsTestRunner2/netcoreapp" className="ZapretManager.Tests.Service.BackupManagerTests" name="CreateBackup_ZipContainsExpectedFiles" />
    </UnitTest>
    <UnitTest name="ZapretManager.Tests.Lists.ListMergerTests.Merge_NewFile_ReturnsNewLines" storage="c:\users\knyshovdmitry\downloads\12345-main\12345-main\src\zapretmanager.tests\bin\release\net8.0-windows\zapretmanager.tests.dll" id="ac97fe78-eea5-f8ef-10a8-38872c57abcb">
      <Execution id="489389ca-e237-490a-9559-27805c82594c" />
      <TestMethod codeBase="C:\Users\KnyshovDmitry\Downloads\12345-main\12345-main\src\ZapretManager.Tests\bin\Release\net8.0-windows\ZapretManager.Tests.dll" adapterTypeName="executor://xunit/VsTestRunner2/netcoreapp" className="ZapretManager.Tests.Lists.ListMergerTests" name="Merge_NewFile_ReturnsNewLines" />
    </UnitTest>
  </TestDefinitions>
  <TestEntries>
    <TestEntry testId="ac97fe78-eea5-f8ef-10a8-38872c57abcb" executionId="489389ca-e237-490a-9559-27805c82594c" testListId="8c84fa94-04c1-424b-9868-57a2d4851a1d" />
    <TestEntry testId="bca8db57-aafe-04dd-7d78-dbc99b5946e1" executionId="ccd9cbd3-bac5-4c9f-af4c-c673d01c1d66" testListId="8c84fa94-04c1-424b-9868-57a2d4851a1d" />
    <TestEntry testId="b2ac25fa-d82d-5244-14d4-bef8b4e6ac98" executionId="eb54d004-401d-41cf-bf91-fe2c4ab713f5" testListId="8c84fa94-04c1-424b-9868-57a2d4851a1d" />
    <TestEntry testId="5a016c64-88c3-4551-dadc-9038d54be89c" executionId="4bf35106-0b15-41eb-b146-b01e3902c419" testListId="8c84fa94-04c1-424b-9868-57a2d4851a1d" />
    <TestEntry testId="11b46009-150e-368c-de94-341585a5270f" executionId="f49d02d6-0cc5-482f-b051-289f6bfe69d7" testListId="8c84fa94-04c1-424b-9868-57a2d4851a1d" />
    <TestEntry testId="d6faa7a6-d3bd-a83e-46f4-918a575f300a" executionId="a630eb53-80e3-48d1-9683-e8c1be6e71d2" testListId="8c84fa94-04c1-424b-9868-57a2d4851a1d" />
    <TestEntry testId="429c9d05-be0c-99fa-43e4-84187a1c1e54" executionId="792f95d1-fd44-4e27-afc8-d8fe9c13d647" testListId="8c84fa94-04c1-424b-9868-57a2d4851a1d" />
    <TestEntry testId="160e1fb2-a6d0-9e87-4c99-a5c3814016d3" executionId="eea569a0-b9df-402b-91e6-685aced578a5" testListId="8c84fa94-04c1-424b-9868-57a2d4851a1d" />
    <TestEntry testId="e4e19066-fd8d-36d1-900c-a4140591004b" executionId="00f49eeb-8a23-4703-8457-e001d4aeb96f" testListId="8c84fa94-04c1-424b-9868-57a2d4851a1d" />
    <TestEntry testId="33e9f2b5-949a-af0d-b435-cc1d7b980c50" executionId="1e364b89-2673-4372-9c8c-f22262ded728" testListId="8c84fa94-04c1-424b-9868-57a2d4851a1d" />
    <TestEntry testId="fdddf065-611f-e0cc-20d6-f4d57251ce38" executionId="f734c365-e320-44b4-a4db-9798b6e36428" testListId="8c84fa94-04c1-424b-9868-57a2d4851a1d" />
    <TestEntry testId="66e6b8bf-4526-043c-4c9d-a92f441bcc55" executionId="3413ae9c-e477-45e8-a2ca-b6bbce3e78cc" testListId="8c84fa94-04c1-424b-9868-57a2d4851a1d" />
    <TestEntry testId="b7ec2304-d10f-0055-cda7-2bb95ac32a86" executionId="4e456dcd-567d-4a6a-8208-bd124821e4b9" testListId="8c84fa94-04c1-424b-9868-57a2d4851a1d" />
    <TestEntry testId="685732bf-f036-bfe4-7d4e-2827693848b0" executionId="6cf29039-d0af-412d-a854-7512cd4bd7cf" testListId="8c84fa94-04c1-424b-9868-57a2d4851a1d" />
    <TestEntry testId="af91dae1-6c42-f97d-4a64-972dd881c0cd" executionId="47446f2d-fe9c-476b-bdf7-95f9735694e6" testListId="8c84fa94-04c1-424b-9868-57a2d4851a1d" />
    <TestEntry testId="5cf201fd-48b0-e922-3a38-ce8bada57b78" executionId="92c59446-d201-4bdd-8040-e55a0cb9ba0f" testListId="8c84fa94-04c1-424b-9868-57a2d4851a1d" />
    <TestEntry testId="56d9741f-b9f5-deda-194d-7025b3696f9d" executionId="5d68561a-6879-4401-91cb-db5d6c18432b" testListId="8c84fa94-04c1-424b-9868-57a2d4851a1d" />
    <TestEntry testId="10262751-b318-5990-0215-15d860562f98" executionId="a0a23663-8bf2-4ed5-a7fb-dc06459f3436" testListId="8c84fa94-04c1-424b-9868-57a2d4851a1d" />
    <TestEntry testId="b112bfc9-0647-33c5-08d7-dd35f42cc3ec" executionId="f863ddb7-26ce-49ca-9a7e-9b4e74e83c8f" testListId="8c84fa94-04c1-424b-9868-57a2d4851a1d" />
    <TestEntry testId="457a5a54-d419-b0fe-3939-785a3293e96e" executionId="1e78f9bc-81b1-4e39-b279-f25e1fca40d8" testListId="8c84fa94-04c1-424b-9868-57a2d4851a1d" />
    <TestEntry testId="c37c0ef9-184d-bb5e-6de8-bb8987c0025a" executionId="ec068d92-0a6f-4d07-8758-b5969edef082" testListId="8c84fa94-04c1-424b-9868-57a2d4851a1d" />
    <TestEntry testId="d53e95c9-a148-1d0d-4567-56d2a77e7f34" executionId="1b6c2625-3576-4d0b-9a7b-de871194247f" testListId="8c84fa94-04c1-424b-9868-57a2d4851a1d" />
    <TestEntry testId="f06cdf60-235b-9a28-767f-4c6cd3acdb9f" executionId="251ff64c-a63a-4921-a9d1-8bcbe2759111" testListId="8c84fa94-04c1-424b-9868-57a2d4851a1d" />
    <TestEntry testId="6645c9d4-a101-d474-0e91-21f3aa494d98" executionId="8c419acc-1f5b-4e02-9455-9168a176322f" testListId="8c84fa94-04c1-424b-9868-57a2d4851a1d" />
    <TestEntry testId="29e98d00-8961-6206-9fe4-9fd60c01ce74" executionId="89e5a7d2-9b0d-49d0-ab38-f500ee8641ea" testListId="8c84fa94-04c1-424b-9868-57a2d4851a1d" />
    <TestEntry testId="408cd4bd-230f-208b-a9a5-ad7cc110282c" executionId="ca0782ac-be7e-44ac-9247-be9851e328f3" testListId="8c84fa94-04c1-424b-9868-57a2d4851a1d" />
    <TestEntry testId="909692b3-bbbc-ee15-bd40-64f9deaf29a5" executionId="1428fbc1-d9ec-4327-aa96-1dede37c1dc6" testListId="8c84fa94-04c1-424b-9868-57a2d4851a1d" />
    <TestEntry testId="88e83f7b-0619-6c41-ca20-dfe89482952c" executionId="6ee565b7-f0d7-4e09-b53b-a0d17e5fa042" testListId="8c84fa94-04c1-424b-9868-57a2d4851a1d" />
    <TestEntry testId="522e1b6d-7212-8ac5-8fcc-2d54b3b5057b" executionId="f0c3d09a-852a-4e25-b97a-96b78c0dfbc1" testListId="8c84fa94-04c1-424b-9868-57a2d4851a1d" />
    <TestEntry testId="3f69f9be-6ad4-fdaa-05e6-192205ca0984" executionId="c789ca87-5ada-4fc3-b055-bf3e1d52d860" testListId="8c84fa94-04c1-424b-9868-57a2d4851a1d" />
    <TestEntry testId="ecc6e109-045c-98a4-20d9-fadd4e027c5e" executionId="a7566010-e8b4-40aa-9bd5-8ac73dd5b1bb" testListId="8c84fa94-04c1-424b-9868-57a2d4851a1d" />
    <TestEntry testId="19454db4-de16-191f-9c43-9735bdbaa7fe" executionId="b50f8ec5-ce25-4194-b3e8-045447a6be97" testListId="8c84fa94-04c1-424b-9868-57a2d4851a1d" />
    <TestEntry testId="cf8e82d9-9d5d-5fed-050b-04dd9374e9ba" executionId="4a46019c-9a30-49fd-93a0-5bbb1098b37f" testListId="8c84fa94-04c1-424b-9868-57a2d4851a1d" />
    <TestEntry testId="bd35ae35-54d3-d7c4-f120-01356e352ee2" executionId="36c6333a-d9c5-44e7-bfd8-945ee32aaf35" testListId="8c84fa94-04c1-424b-9868-57a2d4851a1d" />
    <TestEntry testId="fc419844-0d41-63a8-4383-cec71729d42f" executionId="7b4a49f8-3515-486c-95ed-1d2cc670abdc" testListId="8c84fa94-04c1-424b-9868-57a2d4851a1d" />
    <TestEntry testId="6e069a41-d59e-2718-0274-79f9b30679b7" executionId="2029d735-e12c-451c-8398-9f063b316c66" testListId="8c84fa94-04c1-424b-9868-57a2d4851a1d" />
    <TestEntry testId="c45ce7a3-aa7a-5f35-f3b8-a98b72e43537" executionId="c90779a9-1442-42d9-95c3-fe80e8c4d45f" testListId="8c84fa94-04c1-424b-9868-57a2d4851a1d" />
    <TestEntry testId="c5dab717-ba6c-368e-b26c-acc97d540263" executionId="f8bd8736-5588-4463-ab71-04feb3172f1a" testListId="8c84fa94-04c1-424b-9868-57a2d4851a1d" />
    <TestEntry testId="e30a4341-92c5-808f-6486-e27eac1bd58e" executionId="42d8e717-f177-4f65-a413-105814bc506f" testListId="8c84fa94-04c1-424b-9868-57a2d4851a1d" />
    <TestEntry testId="99edc2df-4cab-5be7-30ab-5e9e46355321" executionId="d14be9f9-c84f-4b9e-b2ce-dfaf82f44a13" testListId="8c84fa94-04c1-424b-9868-57a2d4851a1d" />
    <TestEntry testId="2b151007-0d73-6316-9468-859f9e871143" executionId="c006b1f9-0da7-4272-8e15-a77034e74ce8" testListId="8c84fa94-04c1-424b-9868-57a2d4851a1d" />
    <TestEntry testId="55342c5f-6882-d4c0-541c-0528ff0a9c0b" executionId="a1ca2bf2-a28f-45ae-aac2-c8e820f8abce" testListId="8c84fa94-04c1-424b-9868-57a2d4851a1d" />
    <TestEntry testId="a67eda8e-60c9-7fd8-e9ee-000d76167ad7" executionId="1f0fd8ff-811a-407c-8612-916f1b95f87a" testListId="8c84fa94-04c1-424b-9868-57a2d4851a1d" />
    <TestEntry testId="2e77bd0f-3a47-c4be-c627-d56b894dcd2f" executionId="df0c7699-0cf8-4c94-87ca-b8762f5e1dfd" testListId="8c84fa94-04c1-424b-9868-57a2d4851a1d" />
    <TestEntry testId="07029d4b-5681-3086-24ea-6e9f26ae5457" executionId="160ce65a-29e9-4a74-b4bf-841572d39156" testListId="8c84fa94-04c1-424b-9868-57a2d4851a1d" />
  </TestEntries>
  <TestLists>
    <TestList name="Список результатов" id="8c84fa94-04c1-424b-9868-57a2d4851a1d" />
    <TestList name="Все загруженные результаты" id="19431567-8539-422a-85d7-44ee4e166bda" />
  </TestLists>
  <ResultSummary outcome="Completed">
    <Counters total="45" executed="45" passed="45" failed="0" error="0" timeout="0" aborted="0" inconclusive="0" passedButRunAborted="0" notRunnable="0" notExecuted="0" disconnected="0" warning="0" completed="0" inProgress="0" pending="0" />
    <Output>
      <StdOut>[xUnit.net 00:00:00.00] xUnit.net VSTest Adapter v2.8.2+699d445a1a (64-bit .NET 8.0.27)&#xD;
[xUnit.net 00:00:00.06]   Discovering: ZapretManager.Tests&#xD;
[xUnit.net 00:00:00.10]   Discovered:  ZapretManager.Tests&#xD;
[xUnit.net 00:00:00.11]   Starting:    ZapretManager.Tests&#xD;
   [OK] ����� ᮧ���: zapret_backup_2026-05-22_11-33-57.zip&#xD;
   [OK] ����� ᮧ���: zapret_backup_2026-05-22_11-33-57.zip&#xD;
   [OK] ����� ᮧ���: zapret_backup_2026-05-22_11-33-57.zip&#xD;
   [OK] ����� ᮧ���: zapret_backup_2026-05-22_11-33-57.zip&#xD;
   [X]  ���� �� ������: /nonexistent/path.zip&#xD;
   [OK] ����� ᮧ���: zapret_backup_2026-05-22_11-33-57.zip&#xD;
   [OK] ����⠭������� �����襭�&#xD;
   [OK] ����� ᮧ���: zapret_backup_2026-05-22_11-33-57.zip&#xD;
   [OK] ����� ᮧ���: zapret_backup_2026-05-22_11-33-58.zip&#xD;
   [OK] ����� ᮧ���: zapret_backup_2026-05-22_11-33-58.zip&#xD;
   [OK] ����� ᮧ���: zapret_backup_2026-05-22_11-34-00.zip&#xD;
   [OK] ����� ᮧ���: zapret_backup_2026-05-22_11-34-01.zip&#xD;
   [OK] ����� ᮧ���: zapret_backup_2026-05-22_11-34-02.zip&#xD;
[xUnit.net 00:00:05.83]   Finished:    ZapretManager.Tests&#xD;
</StdOut>
    </Output>
  </ResultSummary>
</TestRun>